#
# There is insufficient memory for the Java Runtime Environment to continue.
# Native memory allocation (mmap) failed to map 65011712 bytes for committing reserved memory.
# Possible reasons:
#   The system is out of physical RAM or swap space
#   In 32 bit mode, the process size limit was hit
# Possible solutions:
#   Reduce memory load on the system
#   Increase physical memory or swap space
#   Check if swap backing store is full
#   Use 64 bit Java on a 64 bit OS
#   Decrease Java heap size (-Xmx/-Xms)
#   Decrease number of Java threads
#   Decrease Java thread stack sizes (-Xss)
#   Set larger code cache with -XX:ReservedCodeCacheSize=
# This output file may be truncated or incomplete.
#
#  Out of Memory Error (os_linux.cpp:2643), pid=12855, tid=0x00007f328634a700
#
# JRE version: OpenJDK Runtime Environment (8.0_171-b11) (build 1.8.0_171-8u171-b11-0ubuntu0.16.04.1-b11)
# Java VM: OpenJDK 64-Bit Server VM (25.171-b11 mixed mode linux-amd64 compressed oops)
# Failed to write core dump. Core dumps have been disabled. To enable core dumping, try "ulimit -c unlimited" before starting Java again
#

---------------  T H R E A D  ---------------

Current thread (0x00007f32a0078000):  VMThread [stack: 0x00007f328624a000,0x00007f328634b000] [id=12865]

Stack: [0x00007f328624a000,0x00007f328634b000],  sp=0x00007f32863494c0,  free space=1021k
Native frames: (J=compiled Java code, j=interpreted, Vv=VM code, C=native code)
V  [libjvm.so+0xa6db9b]
V  [libjvm.so+0x4c694c]
V  [libjvm.so+0x8ba818]
V  [libjvm.so+0x8b4bae]
V  [libjvm.so+0x92ff96]
V  [libjvm.so+0x9312c3]
V  [libjvm.so+0x92d98b]
V  [libjvm.so+0x92dc3c]
V  [libjvm.so+0x8df553]
V  [libjvm.so+0xa6f842]
V  [libjvm.so+0xa74a07]
V  [libjvm.so+0xa72107]
V  [libjvm.so+0xa7358f]
V  [libjvm.so+0xa73a81]
V  [libjvm.so+0x8b7c22]

VM_Operation (0x00007f3256961500): ParallelGCFailedAllocation, mode: safepoint, requested by thread 0x00007f32a0240800


---------------  P R O C E S S  ---------------

Java Threads: ( => current thread )
  0x00007f323c0a0000 JavaThread "Image Fetcher 1" daemon [_thread_blocked, id=12884, stack(0x00007f3255cab000,0x00007f3255dac000)]
  0x00007f32a000a800 JavaThread "DestroyJavaVM" [_thread_blocked, id=12860, stack(0x00007f32a72a6000,0x00007f32a73a7000)]
  0x00007f32a0240800 JavaThread "Image Animator 2" daemon [_thread_blocked, id=12881, stack(0x00007f3256862000,0x00007f3256963000)]
  0x00007f32a02ad000 JavaThread "Image Fetcher 3" daemon [_thread_blocked, id=12879, stack(0x00007f3256fc7000,0x00007f32570c8000)]
  0x00007f32a02a5800 JavaThread "AWT-EventQueue-0" [_thread_blocked, id=12878, stack(0x00007f32570c8000,0x00007f32571c9000)]
  0x00007f32a02a3800 JavaThread "AWT-Shutdown" [_thread_blocked, id=12877, stack(0x00007f32571c9000,0x00007f32572ca000)]
  0x00007f32a025d000 JavaThread "AWT-XAWT" daemon [_thread_blocked, id=12876, stack(0x00007f32572ca000,0x00007f32573cb000)]
  0x00007f32a0236800 JavaThread "Java2D Disposer" daemon [_thread_blocked, id=12875, stack(0x00007f32577db000,0x00007f32578dc000)]
  0x00007f32a00c0800 JavaThread "Service Thread" daemon [_thread_blocked, id=12872, stack(0x00007f328586b000,0x00007f328596c000)]
  0x00007f32a00bd000 JavaThread "C1 CompilerThread2" daemon [_thread_blocked, id=12871, stack(0x00007f328596c000,0x00007f3285a6d000)]
  0x00007f32a00bb800 JavaThread "C2 CompilerThread1" daemon [_thread_blocked, id=12870, stack(0x00007f3285a6d000,0x00007f3285b6e000)]
  0x00007f32a00b8800 JavaThread "C2 CompilerThread0" daemon [_thread_blocked, id=12869, stack(0x00007f3285b6e000,0x00007f3285c6f000)]
  0x00007f32a00b7000 JavaThread "Signal Dispatcher" daemon [_thread_blocked, id=12868, stack(0x00007f3285c6f000,0x00007f3285d70000)]
  0x00007f32a0084000 JavaThread "Finalizer" daemon [_thread_blocked, id=12867, stack(0x00007f3286048000,0x00007f3286149000)]
  0x00007f32a007f800 JavaThread "Reference Handler" daemon [_thread_blocked, id=12866, stack(0x00007f3286149000,0x00007f328624a000)]

Other Threads:
=>0x00007f32a0078000 VMThread [stack: 0x00007f328624a000,0x00007f328634b000] [id=12865]
  0x00007f32a00c3000 WatcherThread [stack: 0x00007f328576a000,0x00007f328586b000] [id=12873]

VM state:at safepoint (normal execution)

VM Mutex/Monitor currently owned by a thread:  ([mutex/lock_event])
[0x00007f32a0006d10] Threads_lock - owner thread: 0x00007f32a0078000
[0x00007f32a0007210] Heap_lock - owner thread: 0x00007f32a0240800

Heap:
 PSYoungGen      total 68608K, used 5110K [0x00000000d7100000, 0x00000000db900000, 0x0000000100000000)
  eden space 63488K, 0% used [0x00000000d7100000,0x00000000d7100000,0x00000000daf00000)
  from space 5120K, 99% used [0x00000000daf00000,0x00000000db3fdbc0,0x00000000db400000)
  to   space 5120K, 0% used [0x00000000db400000,0x00000000db400000,0x00000000db900000)
 ParOldGen       total 84992K, used 49302K [0x0000000085200000, 0x000000008a500000, 0x00000000d7100000)
  object space 84992K, 58% used [0x0000000085200000,0x0000000088225980,0x000000008a500000)
 Metaspace       used 10896K, capacity 11072K, committed 11264K, reserved 1058816K
  class space    used 1193K, capacity 1258K, committed 1280K, reserved 1048576K

Card table byte_map: [0x00007f329044d000,0x00007f3290825000] byte_map_base: 0x00007f3290024000

Marking Bits: (ParMarkBitMap*) 0x00007f32a656f320
 Begin Bits: [0x00007f328c14a000, 0x00007f328e002000)
 End Bits:   [0x00007f328e002000, 0x00007f328feba000)

Polling page: 0x00007f32a73c3000

CodeCache: size=245760Kb used=3921Kb max_used=3921Kb free=241838Kb
 bounds [0x00007f3290be5000, 0x00007f3290fc5000, 0x00007f329fbe5000]
 total_blobs=1647 nmethods=1111 adapters=450
 compilation: enabled

Compilation events (10 events):
Event: 5.088 Thread 0x00007f32a00bd000 1108       3       java.awt.Font::hashCode (76 bytes)
Event: 5.089 Thread 0x00007f32a00bd000 nmethod 1108 0x00007f3290fba510 code [0x00007f3290fba6a0, 0x00007f3290fbab78]
Event: 5.089 Thread 0x00007f32a00bd000 1109       3       java.awt.font.FontRenderContext::hashCode (71 bytes)
Event: 5.089 Thread 0x00007f32a00bd000 nmethod 1109 0x00007f3290fbac90 code [0x00007f3290fbaea0, 0x00007f3290fbb868]
Event: 5.089 Thread 0x00007f32a00bd000 1107       3       sun.java2d.SunGraphics2D::clip (35 bytes)
Event: 5.089 Thread 0x00007f32a00bd000 nmethod 1107 0x00007f3290fbbb10 code [0x00007f3290fbbca0, 0x00007f3290fbc088]
Event: 5.089 Thread 0x00007f32a00bd000 1111       3       sun.swing.SwingUtilities2::getFRCProperty (26 bytes)
Event: 5.089 Thread 0x00007f32a00bd000 nmethod 1111 0x00007f3290fbc150 code [0x00007f3290fbc2e0, 0x00007f3290fbc648]
Event: 5.089 Thread 0x00007f32a00bd000 1110       1       sun.java2d.xr.XRVolatileSurfaceManager::isAccelerationEnabled (2 bytes)
Event: 5.090 Thread 0x00007f32a00bd000 nmethod 1110 0x00007f3290fbc750 code [0x00007f3290fbc8a0, 0x00007f3290fbc9b0]

GC Heap History (5 events):
Event: 0.760 GC heap before
{Heap before GC invocations=1 (full 0):
 PSYoungGen      total 36864K, used 31143K [0x00000000d7100000, 0x00000000d9a00000, 0x0000000100000000)
  eden space 31744K, 98% used [0x00000000d7100000,0x00000000d8f69eb8,0x00000000d9000000)
  from space 5120K, 0% used [0x00000000d9500000,0x00000000d9500000,0x00000000d9a00000)
  to   space 5120K, 0% used [0x00000000d9000000,0x00000000d9000000,0x00000000d9500000)
 ParOldGen       total 84992K, used 0K [0x0000000085200000, 0x000000008a500000, 0x00000000d7100000)
  object space 84992K, 0% used [0x0000000085200000,0x0000000085200000,0x000000008a500000)
 Metaspace       used 9209K, capacity 9384K, committed 9600K, reserved 1058816K
  class space    used 1041K, capacity 1128K, committed 1152K, reserved 1048576K
Event: 0.822 GC heap after
Heap after GC invocations=1 (full 0):
 PSYoungGen      total 36864K, used 5012K [0x00000000d7100000, 0x00000000db900000, 0x0000000100000000)
  eden space 31744K, 0% used [0x00000000d7100000,0x00000000d7100000,0x00000000d9000000)
  from space 5120K, 97% used [0x00000000d9000000,0x00000000d94e52f0,0x00000000d9500000)
  to   space 5120K, 0% used [0x00000000db400000,0x00000000db400000,0x00000000db900000)
 ParOldGen       total 84992K, used 30408K [0x0000000085200000, 0x000000008a500000, 0x00000000d7100000)
  object space 84992K, 35% used [0x0000000085200000,0x0000000086fb2180,0x000000008a500000)
 Metaspace       used 9209K, capacity 9384K, committed 9600K, reserved 1058816K
  class space    used 1041K, capacity 1128K, committed 1152K, reserved 1048576K
}
Event: 4.293 GC heap before
{Heap before GC invocations=2 (full 0):
 PSYoungGen      total 36864K, used 36756K [0x00000000d7100000, 0x00000000db900000, 0x0000000100000000)
  eden space 31744K, 100% used [0x00000000d7100000,0x00000000d9000000,0x00000000d9000000)
  from space 5120K, 97% used [0x00000000d9000000,0x00000000d94e52f0,0x00000000d9500000)
  to   space 5120K, 0% used [0x00000000db400000,0x00000000db400000,0x00000000db900000)
 ParOldGen       total 84992K, used 30408K [0x0000000085200000, 0x000000008a500000, 0x00000000d7100000)
  object space 84992K, 35% used [0x0000000085200000,0x0000000086fb2180,0x000000008a500000)
 Metaspace       used 10808K, capacity 10944K, committed 11008K, reserved 1058816K
  class space    used 1193K, capacity 1258K, committed 1280K, reserved 1048576K
Event: 4.323 GC heap after
Heap after GC invocations=2 (full 0):
 PSYoungGen      total 68608K, used 5115K [0x00000000d7100000, 0x00000000db900000, 0x0000000100000000)
  eden space 63488K, 0% used [0x00000000d7100000,0x00000000d7100000,0x00000000daf00000)
  from space 5120K, 99% used [0x00000000db400000,0x00000000db8fee40,0x00000000db900000)
  to   space 5120K, 0% used [0x00000000daf00000,0x00000000daf00000,0x00000000db400000)
 ParOldGen       total 84992K, used 46457K [0x0000000085200000, 0x000000008a500000, 0x00000000d7100000)
  object space 84992K, 54% used [0x0000000085200000,0x0000000087f5e710,0x000000008a500000)
 Metaspace       used 10808K, capacity 10944K, committed 11008K, reserved 1058816K
  class space    used 1193K, capacity 1258K, committed 1280K, reserved 1048576K
}
Event: 5.119 GC heap before
{Heap before GC invocations=3 (full 0):
 PSYoungGen      total 68608K, used 68603K [0x00000000d7100000, 0x00000000db900000, 0x0000000100000000)
  eden space 63488K, 100% used [0x00000000d7100000,0x00000000daf00000,0x00000000daf00000)
  from space 5120K, 99% used [0x00000000db400000,0x00000000db8fee40,0x00000000db900000)
  to   space 5120K, 0% used [0x00000000daf00000,0x00000000daf00000,0x00000000db400000)
 ParOldGen       total 84992K, used 46457K [0x0000000085200000, 0x000000008a500000, 0x00000000d7100000)
  object space 84992K, 54% used [0x0000000085200000,0x0000000087f5e710,0x000000008a500000)
 Metaspace       used 10896K, capacity 11072K, committed 11264K, reserved 1058816K
  class space    used 1193K, capacity 1258K, committed 1280K, reserved 1048576K

Deoptimization events (10 events):
Event: 1.769 Thread 0x00007f32a02a5800 Uncommon trap: reason=bimorphic action=maybe_recompile pc=0x00007f3290e2db84 method=java.util.HashMap.getNode(ILjava/lang/Object;)Ljava/util/HashMap$Node; @ 59
Event: 1.772 Thread 0x00007f32a02a5800 Uncommon trap: reason=bimorphic action=maybe_recompile pc=0x00007f3290e2db84 method=java.util.HashMap.getNode(ILjava/lang/Object;)Ljava/util/HashMap$Node; @ 59
Event: 1.772 Thread 0x00007f32a02a5800 Uncommon trap: reason=bimorphic action=maybe_recompile pc=0x00007f3290e566e4 method=java.util.HashMap.getNode(ILjava/lang/Object;)Ljava/util/HashMap$Node; @ 59
Event: 3.107 Thread 0x00007f32a02a5800 Uncommon trap: reason=unstable_if action=reinterpret pc=0x00007f3290e0cf74 method=java.awt.Component.isShowing()Z @ 11
Event: 3.148 Thread 0x00007f32a02ad000 Uncommon trap: reason=unstable_if action=reinterpret pc=0x00007f3290dc3330 method=java.awt.image.ReplicateScaleFilter.setPixels(IIIILjava/awt/image/ColorModel;[III)V @ 4
Event: 4.095 Thread 0x00007f32a02ad000 Uncommon trap: reason=unstable_if action=reinterpret pc=0x00007f3290f392b8 method=sun.awt.image.PNGImageDecoder.produceImage()V @ 867
Event: 4.205 Thread 0x00007f323c0a0000 Uncommon trap: reason=unstable_if action=reinterpret pc=0x00007f3290e5b464 method=sun.awt.image.GifImageDecoder.sendPixels(IIII[BLjava/awt/image/ColorModel;)I @ 112
Event: 4.205 Thread 0x00007f323c0a0000 Uncommon trap: reason=unstable_if action=reinterpret pc=0x00007f3290eacd74 method=sun.awt.image.ImageRepresentation.setPixels(IIIILjava/awt/image/ColorModel;[BII)V @ 11
Event: 4.265 Thread 0x00007f32a0240800 Uncommon trap: reason=unstable_if action=reinterpret pc=0x00007f3290f2f7ec method=java.awt.Component.imageUpdate(Ljava/awt/Image;IIIII)Z @ 20
Event: 4.384 Thread 0x00007f32a0240800 Uncommon trap: reason=unstable_if action=reinterpret pc=0x00007f3290f704ec method=sun.awt.image.ImageRepresentation.convertToRGB()V @ 99

Classes redefined (0 events):
No events

Internal exceptions (10 events):
Event: 0.749 Thread 0x00007f32a02a5800 Exception <a 'java/lang/UnsupportedOperationException': > (0x00000000d75645b0) thrown at [/build/openjdk-8-wnL82d/openjdk-8-8u171-b11/src/hotspot/src/share/vm/prims/jni.cpp, line 735]
Event: 0.758 Thread 0x00007f32a02ad000 Exception <a 'java/lang/InterruptedException': sleep interrupted> (0x00000000d8eec3b8) thrown at [/build/openjdk-8-wnL82d/openjdk-8-8u171-b11/src/hotspot/src/share/vm/prims/jvm.cpp, line 3225]
Event: 0.861 Thread 0x00007f32a02ad000 Exception <a 'java/lang/InterruptedException': sleep interrupted> (0x00000000d71ef5e0) thrown at [/build/openjdk-8-wnL82d/openjdk-8-8u171-b11/src/hotspot/src/share/vm/prims/jvm.cpp, line 3225]
Event: 1.545 Thread 0x00007f32a0240800 Implicit null exception at 0x00007f3290dd39ea to 0x00007f3290dd41cd
Event: 3.148 Thread 0x00007f32a02ad000 Implicit null exception at 0x00007f3290dc2bad to 0x00007f3290dc331d
Event: 3.175 Thread 0x00007f32a0240800 Exception <a 'java/lang/InterruptedException': sleep interrupted> (0x00000000d7506b98) thrown at [/build/openjdk-8-wnL82d/openjdk-8-8u171-b11/src/hotspot/src/share/vm/prims/jvm.cpp, line 3225]
Event: 3.347 Thread 0x00007f32a02a5800 Exception <a 'java/lang/UnsupportedOperationException': > (0x00000000d83129d0) thrown at [/build/openjdk-8-wnL82d/openjdk-8-8u171-b11/src/hotspot/src/share/vm/prims/jni.cpp, line 735]
Event: 4.240 Thread 0x00007f323c0a0000 Exception <a 'java/lang/InterruptedException': sleep interrupted> (0x00000000d8dfff70) thrown at [/build/openjdk-8-wnL82d/openjdk-8-8u171-b11/src/hotspot/src/share/vm/prims/jvm.cpp, line 3225]
Event: 4.254 Thread 0x00007f32a02ad000 Exception <a 'java/lang/InterruptedException': sleep interrupted> (0x00000000d8f8f670) thrown at [/build/openjdk-8-wnL82d/openjdk-8-8u171-b11/src/hotspot/src/share/vm/prims/jvm.cpp, line 3225]
Event: 4.525 Thread 0x00007f32a02a5800 Exception <a 'java/lang/UnsupportedOperationException': > (0x00000000d7193398) thrown at [/build/openjdk-8-wnL82d/openjdk-8-8u171-b11/src/hotspot/src/share/vm/prims/jni.cpp, line 735]

Events (10 events):
Event: 4.265 Thread 0x00007f32a0240800 DEOPT PACKING pc=0x00007f3290f2f7ec sp=0x00007f3256960ab0
Event: 4.265 Thread 0x00007f32a0240800 DEOPT UNPACKING pc=0x00007f3290c2a47a sp=0x00007f3256960928 mode 2
Event: 4.266 Executing VM operation: RevokeBias
Event: 4.266 Executing VM operation: RevokeBias done
Event: 4.293 Executing VM operation: ParallelGCFailedAllocation
Event: 4.323 Executing VM operation: ParallelGCFailedAllocation done
Event: 4.384 Thread 0x00007f32a0240800 Uncommon trap: trap_request=0xffffff65 fr.pc=0x00007f3290f704ec
Event: 4.384 Thread 0x00007f32a0240800 DEOPT PACKING pc=0x00007f3290f704ec sp=0x00007f3256960b80
Event: 4.384 Thread 0x00007f32a0240800 DEOPT UNPACKING pc=0x00007f3290c2a47a sp=0x00007f3256960b30 mode 2
Event: 5.115 Executing VM operation: ParallelGCFailedAllocation


Dynamic libraries:
00400000-00401000 r-xp 00000000 08:01 2628545                            /usr/lib/jvm/java-8-openjdk-amd64/jre/bin/java
00600000-00601000 r--p 00000000 08:01 2628545                            /usr/lib/jvm/java-8-openjdk-amd64/jre/bin/java
00601000-00602000 rw-p 00001000 08:01 2628545                            /usr/lib/jvm/java-8-openjdk-amd64/jre/bin/java
011f6000-01217000 rw-p 00000000 00:00 0                                  [heap]
85200000-8a500000 rw-p 00000000 00:00 0 
8a500000-d7100000 ---p 00000000 00:00 0 
d7100000-db900000 rw-p 00000000 00:00 0 
df700000-100000000 ---p 00000000 00:00 0 
100000000-100140000 rw-p 00000000 00:00 0 
100140000-140000000 ---p 00000000 00:00 0 
7f3230000000-7f3230028000 rw-p 00000000 00:00 0 
7f3230028000-7f3234000000 ---p 00000000 00:00 0 
7f3234000000-7f323404b000 rw-p 00000000 00:00 0 
7f323404b000-7f3238000000 ---p 00000000 00:00 0 
7f3238fff000-7f323c000000 rw-p 00000000 00:00 0 
7f323c000000-7f323c0c7000 rw-p 00000000 00:00 0 
7f323c0c7000-7f3240000000 ---p 00000000 00:00 0 
7f3240000000-7f3240048000 rw-p 00000000 00:00 0 
7f3240048000-7f3244000000 ---p 00000000 00:00 0 
7f3244000000-7f3244021000 rw-p 00000000 00:00 0 
7f3244021000-7f3248000000 ---p 00000000 00:00 0 
7f3248000000-7f3248021000 rw-p 00000000 00:00 0 
7f3248021000-7f324c000000 ---p 00000000 00:00 0 
7f324c000000-7f324c021000 rw-p 00000000 00:00 0 
7f324c021000-7f3250000000 ---p 00000000 00:00 0 
7f3250000000-7f3250021000 rw-p 00000000 00:00 0 
7f3250021000-7f3254000000 ---p 00000000 00:00 0 
7f3255c3d000-7f3255c52000 r--s 00000000 08:01 9849984                    /var/cache/fontconfig/04aabc0a78ac019cf9454389977116d2-le64.cache-6
7f3255cab000-7f3255cae000 ---p 00000000 00:00 0 
7f3255cae000-7f3255dac000 rw-p 00000000 00:00 0 
7f3255faa000-7f3256323000 rw-s 00000000 00:05 46235711                   /SYSV00000000 (deleted)
7f3256437000-7f3256448000 r-xp 00000000 08:01 2634119                    /usr/lib/jvm/java-8-openjdk-amd64/jre/lib/amd64/libnio.so
7f3256448000-7f3256648000 ---p 00011000 08:01 2634119                    /usr/lib/jvm/java-8-openjdk-amd64/jre/lib/amd64/libnio.so
7f3256648000-7f3256649000 r--p 00011000 08:01 2634119                    /usr/lib/jvm/java-8-openjdk-amd64/jre/lib/amd64/libnio.so
7f3256649000-7f325664a000 rw-p 00012000 08:01 2634119                    /usr/lib/jvm/java-8-openjdk-amd64/jre/lib/amd64/libnio.so
7f325664a000-7f3256660000 r-xp 00000000 08:01 2634113                    /usr/lib/jvm/java-8-openjdk-amd64/jre/lib/amd64/libnet.so
7f3256660000-7f3256860000 ---p 00016000 08:01 2634113                    /usr/lib/jvm/java-8-openjdk-amd64/jre/lib/amd64/libnet.so
7f3256860000-7f3256861000 r--p 00016000 08:01 2634113                    /usr/lib/jvm/java-8-openjdk-amd64/jre/lib/amd64/libnet.so
7f3256861000-7f3256862000 rw-p 00017000 08:01 2634113                    /usr/lib/jvm/java-8-openjdk-amd64/jre/lib/amd64/libnet.so
7f3256862000-7f3256865000 ---p 00000000 00:00 0 
7f3256865000-7f3256b23000 rw-p 00000000 00:00 0 
7f3256b23000-7f3256b63000 ---p 00000000 00:00 0 
7f3256b63000-7f3256bba000 r-xp 00000000 08:01 2504050                    /usr/lib/x86_64-linux-gnu/libjpeg.so.8.0.2
7f3256bba000-7f3256dba000 ---p 00057000 08:01 2504050                    /usr/lib/x86_64-linux-gnu/libjpeg.so.8.0.2
7f3256dba000-7f3256dbb000 r--p 00057000 08:01 2504050                    /usr/lib/x86_64-linux-gnu/libjpeg.so.8.0.2
7f3256dbb000-7f3256dbc000 rw-p 00058000 08:01 2504050                    /usr/lib/x86_64-linux-gnu/libjpeg.so.8.0.2
7f3256dbc000-7f3256dc6000 r-xp 00000000 08:01 2634117                    /usr/lib/jvm/java-8-openjdk-amd64/jre/lib/amd64/libjavajpeg.so
7f3256dc6000-7f3256fc5000 ---p 0000a000 08:01 2634117                    /usr/lib/jvm/java-8-openjdk-amd64/jre/lib/amd64/libjavajpeg.so
7f3256fc5000-7f3256fc6000 r--p 00009000 08:01 2634117                    /usr/lib/jvm/java-8-openjdk-amd64/jre/lib/amd64/libjavajpeg.so
7f3256fc6000-7f3256fc7000 rw-p 0000a000 08:01 2634117                    /usr/lib/jvm/java-8-openjdk-amd64/jre/lib/amd64/libjavajpeg.so
7f3256fc7000-7f3256fca000 ---p 00000000 00:00 0 
7f3256fca000-7f32570c8000 rw-p 00000000 00:00 0 
7f32570c8000-7f32570cb000 ---p 00000000 00:00 0 
7f32570cb000-7f32571c9000 rw-p 00000000 00:00 0 
7f32571c9000-7f32571cc000 ---p 00000000 00:00 0 
7f32571cc000-7f32572ca000 rw-p 00000000 00:00 0 
7f32572ca000-7f32572cd000 ---p 00000000 00:00 0 
7f32572cd000-7f32573cb000 rw-p 00000000 00:00 0 
7f32573cb000-7f32573d0000 r-xp 00000000 08:01 2503313                    /usr/lib/x86_64-linux-gnu/libXfixes.so.3.1.0
7f32573d0000-7f32575cf000 ---p 00005000 08:01 2503313                    /usr/lib/x86_64-linux-gnu/libXfixes.so.3.1.0
7f32575cf000-7f32575d0000 r--p 00004000 08:01 2503313                    /usr/lib/x86_64-linux-gnu/libXfixes.so.3.1.0
7f32575d0000-7f32575d1000 rw-p 00005000 08:01 2503313                    /usr/lib/x86_64-linux-gnu/libXfixes.so.3.1.0
7f32575d1000-7f32575da000 r-xp 00000000 08:01 2500771                    /usr/lib/x86_64-linux-gnu/libXcursor.so.1.0.2
7f32575da000-7f32577d9000 ---p 00009000 08:01 2500771                    /usr/lib/x86_64-linux-gnu/libXcursor.so.1.0.2
7f32577d9000-7f32577da000 r--p 00008000 08:01 2500771                    /usr/lib/x86_64-linux-gnu/libXcursor.so.1.0.2
7f32577da000-7f32577db000 rw-p 00009000 08:01 2500771                    /usr/lib/x86_64-linux-gnu/libXcursor.so.1.0.2
7f32577db000-7f32577de000 ---p 00000000 00:00 0 
7f32577de000-7f32578dc000 rw-p 00000000 00:00 0 
7f32578dc000-7f3257900000 r-xp 00000000 08:01 792690                     /lib/x86_64-linux-gnu/libpng12.so.0.54.0
7f3257900000-7f3257aff000 ---p 00024000 08:01 792690                     /lib/x86_64-linux-gnu/libpng12.so.0.54.0
7f3257aff000-7f3257b00000 r--p 00023000 08:01 792690                     /lib/x86_64-linux-gnu/libpng12.so.0.54.0
7f3257b00000-7f3257b01000 rw-p 00024000 08:01 792690                     /lib/x86_64-linux-gnu/libpng12.so.0.54.0
7f3257b01000-7f3257ba5000 r-xp 00000000 08:01 2503736                    /usr/lib/x86_64-linux-gnu/libfreetype.so.6.12.1
7f3257ba5000-7f3257da4000 ---p 000a4000 08:01 2503736                    /usr/lib/x86_64-linux-gnu/libfreetype.so.6.12.1
7f3257da4000-7f3257daa000 r--p 000a3000 08:01 2503736                    /usr/lib/x86_64-linux-gnu/libfreetype.so.6.12.1
7f3257daa000-7f3257dab000 rw-p 000a9000 08:01 2503736                    /usr/lib/x86_64-linux-gnu/libfreetype.so.6.12.1
7f3257dab000-7f3257dfd000 r-xp 00000000 08:01 2628551                    /usr/lib/jvm/java-8-openjdk-amd64/jre/lib/amd64/libfontmanager.so
7f3257dfd000-7f3257ffd000 ---p 00052000 08:01 2628551                    /usr/lib/jvm/java-8-openjdk-amd64/jre/lib/amd64/libfontmanager.so
7f3257ffd000-7f3257fff000 r--p 00052000 08:01 2628551                    /usr/lib/jvm/java-8-openjdk-amd64/jre/lib/amd64/libfontmanager.so
7f3257fff000-7f3258000000 rw-p 00054000 08:01 2628551                    /usr/lib/jvm/java-8-openjdk-amd64/jre/lib/amd64/libfontmanager.so
7f3258000000-7f32585aa000 rw-p 00000000 00:00 0 
7f32585aa000-7f325c000000 ---p 00000000 00:00 0 
7f325c000000-7f325c021000 rw-p 00000000 00:00 0 
7f325c021000-7f3260000000 ---p 00000000 00:00 0 
7f3260000000-7f32605b0000 rw-p 00000000 00:00 0 
7f32605b0000-7f3264000000 ---p 00000000 00:00 0 
7f3264000000-7f32645c0000 rw-p 00000000 00:00 0 
7f32645c0000-7f3268000000 ---p 00000000 00:00 0 
7f3268000000-7f3268021000 rw-p 00000000 00:00 0 
7f3268021000-7f326c000000 ---p 00000000 00:00 0 
7f326c000000-7f326c021000 rw-p 00000000 00:00 0 
7f326c021000-7f3270000000 ---p 00000000 00:00 0 
7f3270000000-7f3270039000 rw-p 00000000 00:00 0 
7f3270039000-7f3274000000 ---p 00000000 00:00 0 
7f3274000000-7f3274021000 rw-p 00000000 00:00 0 
7f3274021000-7f3278000000 ---p 00000000 00:00 0 
7f3278000000-7f3278021000 rw-p 00000000 00:00 0 
7f3278021000-7f327c000000 ---p 00000000 00:00 0 
7f327c000000-7f327c021000 rw-p 00000000 00:00 0 
7f327c021000-7f3280000000 ---p 00000000 00:00 0 
7f3280000000-7f3280021000 rw-p 00000000 00:00 0 
7f3280021000-7f3284000000 ---p 00000000 00:00 0 
7f3284001000-7f328400c000 r--s 00000000 08:01 9850008                    /var/cache/fontconfig/945677eb7aeaf62f1d50efc3fb3ec7d8-le64.cache-6
7f328400c000-7f3284012000 r--s 00000000 08:01 9849990                    /var/cache/fontconfig/2cd17615ca594fa2959ae173292e504c-le64.cache-6
7f3284012000-7f3284013000 r--s 00000000 08:01 9849987                    /var/cache/fontconfig/0d8c3b2ac0904cb8a57a757ad11a4a08-le64.cache-6
7f3284013000-7f3284017000 r--s 00000000 08:01 9849994                    /var/cache/fontconfig/385c0604a188198f04d133e54aba7fe7-le64.cache-6
7f3284017000-7f328401a000 r--s 00000000 08:01 9850004                    /var/cache/fontconfig/767a8244fc0220cfb567a839d0392e0b-le64.cache-6
7f328401a000-7f3284021000 r--s 00000000 08:01 9849991                    /var/cache/fontconfig/3047814df9a2f067bd2d96a2b9c36e5a-le64.cache-6
7f3284021000-7f3284034000 r--s 00000000 08:01 9850018                    /var/cache/fontconfig/d52a8644073d54c13679302ca1180695-le64.cache-6
7f3284034000-7f328403f000 r--s 00000000 08:01 9852800                    /var/cache/fontconfig/d589a48862398ed80a3d6066f4f56f4c-le64.cache-6
7f328403f000-7f328404a000 r--s 00000000 08:01 9850006                    /var/cache/fontconfig/83bf95040141907cd45bb53cf7c1c148-le64.cache-6
7f328404a000-7f328405c000 r--s 00000000 08:01 9850010                    /var/cache/fontconfig/9b89f8e3dae116d678bbf48e5f21f69b-le64.cache-6
7f3284074000-7f3284079000 r-xp 00000000 08:01 2503309                    /usr/lib/x86_64-linux-gnu/libXdmcp.so.6.0.0
7f3284079000-7f3284278000 ---p 00005000 08:01 2503309                    /usr/lib/x86_64-linux-gnu/libXdmcp.so.6.0.0
7f3284278000-7f3284279000 r--p 00004000 08:01 2503309                    /usr/lib/x86_64-linux-gnu/libXdmcp.so.6.0.0
7f3284279000-7f328427a000 rw-p 00005000 08:01 2503309                    /usr/lib/x86_64-linux-gnu/libXdmcp.so.6.0.0
7f328427a000-7f328427c000 r-xp 00000000 08:01 2503298                    /usr/lib/x86_64-linux-gnu/libXau.so.6.0.0
7f328427c000-7f328447c000 ---p 00002000 08:01 2503298                    /usr/lib/x86_64-linux-gnu/libXau.so.6.0.0
7f328447c000-7f328447d000 r--p 00002000 08:01 2503298                    /usr/lib/x86_64-linux-gnu/libXau.so.6.0.0
7f328447d000-7f328447e000 rw-p 00003000 08:01 2503298                    /usr/lib/x86_64-linux-gnu/libXau.so.6.0.0
7f328447e000-7f328449f000 r-xp 00000000 08:01 2504716                    /usr/lib/x86_64-linux-gnu/libxcb.so.1.1.0
7f328449f000-7f328469e000 ---p 00021000 08:01 2504716                    /usr/lib/x86_64-linux-gnu/libxcb.so.1.1.0
7f328469e000-7f328469f000 r--p 00020000 08:01 2504716                    /usr/lib/x86_64-linux-gnu/libxcb.so.1.1.0
7f328469f000-7f32846a0000 rw-p 00021000 08:01 2504716                    /usr/lib/x86_64-linux-gnu/libxcb.so.1.1.0
7f32846a0000-7f32846af000 r-xp 00000000 08:01 2503321                    /usr/lib/x86_64-linux-gnu/libXi.so.6.1.0
7f32846af000-7f32848ae000 ---p 0000f000 08:01 2503321                    /usr/lib/x86_64-linux-gnu/libXi.so.6.1.0
7f32848ae000-7f32848af000 r--p 0000e000 08:01 2503321                    /usr/lib/x86_64-linux-gnu/libXi.so.6.1.0
7f32848af000-7f32848b0000 rw-p 0000f000 08:01 2503321                    /usr/lib/x86_64-linux-gnu/libXi.so.6.1.0
7f32848b0000-7f32848b5000 r-xp 00000000 08:01 2503339                    /usr/lib/x86_64-linux-gnu/libXtst.so.6.1.0
7f32848b5000-7f3284ab4000 ---p 00005000 08:01 2503339                    /usr/lib/x86_64-linux-gnu/libXtst.so.6.1.0
7f3284ab4000-7f3284ab5000 r--p 00004000 08:01 2503339                    /usr/lib/x86_64-linux-gnu/libXtst.so.6.1.0
7f3284ab5000-7f3284ab6000 rw-p 00005000 08:01 2503339                    /usr/lib/x86_64-linux-gnu/libXtst.so.6.1.0
7f3284ab6000-7f3284abf000 r-xp 00000000 08:01 2503333                    /usr/lib/x86_64-linux-gnu/libXrender.so.1.3.0
7f3284abf000-7f3284cbe000 ---p 00009000 08:01 2503333                    /usr/lib/x86_64-linux-gnu/libXrender.so.1.3.0
7f3284cbe000-7f3284cbf000 r--p 00008000 08:01 2503333                    /usr/lib/x86_64-linux-gnu/libXrender.so.1.3.0
7f3284cbf000-7f3284cc0000 rw-p 00009000 08:01 2503333                    /usr/lib/x86_64-linux-gnu/libXrender.so.1.3.0
7f3284cc0000-7f3284df5000 r-xp 00000000 08:01 2503294                    /usr/lib/x86_64-linux-gnu/libX11.so.6.3.0
7f3284df5000-7f3284ff5000 ---p 00135000 08:01 2503294                    /usr/lib/x86_64-linux-gnu/libX11.so.6.3.0
7f3284ff5000-7f3284ff6000 r--p 00135000 08:01 2503294                    /usr/lib/x86_64-linux-gnu/libX11.so.6.3.0
7f3284ff6000-7f3284ffa000 rw-p 00136000 08:01 2503294                    /usr/lib/x86_64-linux-gnu/libX11.so.6.3.0
7f3284ffa000-7f328500b000 r-xp 00000000 08:01 2503311                    /usr/lib/x86_64-linux-gnu/libXext.so.6.4.0
7f328500b000-7f328520a000 ---p 00011000 08:01 2503311                    /usr/lib/x86_64-linux-gnu/libXext.so.6.4.0
7f328520a000-7f328520b000 r--p 00010000 08:01 2503311                    /usr/lib/x86_64-linux-gnu/libXext.so.6.4.0
7f328520b000-7f328520c000 rw-p 00011000 08:01 2503311                    /usr/lib/x86_64-linux-gnu/libXext.so.6.4.0
7f328520c000-7f328520d000 r--s 00000000 08:01 9849989                    /var/cache/fontconfig/1ac9eb803944fde146138c791f5cc56a-le64.cache-6
7f328520d000-7f3285212000 r--s 00000000 08:01 9850007                    /var/cache/fontconfig/8801497958630a81b71ace7c5f9b32a8-le64.cache-6
7f3285212000-7f3285225000 r--s 00346000 08:01 2500963                    /usr/lib/jvm/java-8-openjdk-amd64/jre/lib/resources.jar
7f3285225000-7f328527a000 r-xp 00000000 08:01 2628581                    /usr/lib/jvm/java-8-openjdk-amd64/jre/lib/amd64/libawt_xawt.so
7f328527a000-7f3285479000 ---p 00055000 08:01 2628581                    /usr/lib/jvm/java-8-openjdk-amd64/jre/lib/amd64/libawt_xawt.so
7f3285479000-7f328547a000 r--p 00054000 08:01 2628581                    /usr/lib/jvm/java-8-openjdk-amd64/jre/lib/amd64/libawt_xawt.so
7f328547a000-7f328547d000 rw-p 00055000 08:01 2628581                    /usr/lib/jvm/java-8-openjdk-amd64/jre/lib/amd64/libawt_xawt.so
7f328547d000-7f328547e000 rw-p 00000000 00:00 0 
7f328547e000-7f328551e000 r-xp 00000000 08:01 2628577                    /usr/lib/jvm/java-8-openjdk-amd64/jre/lib/amd64/libawt.so
7f328551e000-7f328571e000 ---p 000a0000 08:01 2628577                    /usr/lib/jvm/java-8-openjdk-amd64/jre/lib/amd64/libawt.so
7f328571e000-7f328571f000 r--p 000a0000 08:01 2628577                    /usr/lib/jvm/java-8-openjdk-amd64/jre/lib/amd64/libawt.so
7f328571f000-7f328572a000 rw-p 000a1000 08:01 2628577                    /usr/lib/jvm/java-8-openjdk-amd64/jre/lib/amd64/libawt.so
7f328572a000-7f328574f000 rw-p 00000000 00:00 0 
7f328574f000-7f328576a000 r--s 001d6000 08:01 2500955                    /usr/lib/jvm/java-8-openjdk-amd64/jre/lib/ext/nashorn.jar
7f328576a000-7f328576b000 ---p 00000000 00:00 0 
7f328576b000-7f328586b000 rw-p 00000000 00:00 0 
7f328586b000-7f328586e000 ---p 00000000 00:00 0 
7f328586e000-7f328596c000 rw-p 00000000 00:00 0 
7f328596c000-7f328596f000 ---p 00000000 00:00 0 
7f328596f000-7f3285a6d000 rw-p 00000000 00:00 0 
7f3285a6d000-7f3285a70000 ---p 00000000 00:00 0 
7f3285a70000-7f3285b6e000 rw-p 00000000 00:00 0 
7f3285b6e000-7f3285b71000 ---p 00000000 00:00 0 
7f3285b71000-7f3285c6f000 rw-p 00000000 00:00 0 
7f3285c6f000-7f3285c72000 ---p 00000000 00:00 0 
7f3285c72000-7f3285d70000 rw-p 00000000 00:00 0 
7f3285d70000-7f3286048000 r--p 00000000 08:01 2503823                    /usr/lib/locale/locale-archive
7f3286048000-7f328604b000 ---p 00000000 00:00 0 
7f328604b000-7f3286149000 rw-p 00000000 00:00 0 
7f3286149000-7f328614c000 ---p 00000000 00:00 0 
7f328614c000-7f328624a000 rw-p 00000000 00:00 0 
7f328624a000-7f328624b000 ---p 00000000 00:00 0 
7f328624b000-7f328725a000 rw-p 00000000 00:00 0 
7f328725a000-7f3287429000 r--s 03c2f000 08:01 2500977                    /usr/lib/jvm/java-8-openjdk-amd64/jre/lib/rt.jar
7f3287429000-7f3288000000 rw-p 00000000 00:00 0 
7f3288000000-7f3288021000 rw-p 00000000 00:00 0 
7f3288021000-7f328c000000 ---p 00000000 00:00 0 
7f328c000000-7f328c001000 r--s 00000000 08:01 9850021                    /var/cache/fontconfig/dc05db6664285cc2f12bf69c139ae4c3-le64.cache-6
7f328c001000-7f328c002000 r--s 00000000 08:01 9850133                    /var/cache/fontconfig/4794a0821666d79190d59a36cb4f44b5-le64.cache-6
7f328c002000-7f328c008000 r--s 00000000 08:01 9850012                    /var/cache/fontconfig/b47c4e1ecd0709278f4910c18777a504-le64.cache-6
7f328c008000-7f328c023000 r--s 00394000 08:01 2500952                    /usr/lib/jvm/java-8-openjdk-amd64/jre/lib/ext/cldrdata.jar
7f328c023000-7f328feba000 rw-p 00000000 00:00 0 
7f328feba000-7f328febb000 ---p 00000000 00:00 0 
7f328febb000-7f328ffbb000 rw-p 00000000 00:00 0 
7f328ffbb000-7f328ffbc000 ---p 00000000 00:00 0 
7f328ffbc000-7f32900bc000 rw-p 00000000 00:00 0 
7f32900bc000-7f32900bd000 ---p 00000000 00:00 0 
7f32900bd000-7f32901e7000 rw-p 00000000 00:00 0 
7f32901e7000-7f329044d000 ---p 00000000 00:00 0 
7f329044d000-7f3290477000 rw-p 00000000 00:00 0 
7f3290477000-7f32906dc000 ---p 00000000 00:00 0 
7f32906dc000-7f3290701000 rw-p 00000000 00:00 0 
7f3290701000-7f3290824000 ---p 00000000 00:00 0 
7f3290824000-7f3290835000 rw-p 00000000 00:00 0 
7f3290835000-7f3290be5000 ---p 00000000 00:00 0 
7f3290be5000-7f3290fc5000 rwxp 00000000 00:00 0 
7f3290fc5000-7f329fbe5000 ---p 00000000 00:00 0 
7f329fbe5000-7f329fbed000 r-xp 00000000 08:01 2629406                    /usr/lib/jvm/java-8-openjdk-amd64/jre/lib/amd64/libzip.so
7f329fbed000-7f329fdec000 ---p 00008000 08:01 2629406                    /usr/lib/jvm/java-8-openjdk-amd64/jre/lib/amd64/libzip.so
7f329fdec000-7f329fded000 r--p 00007000 08:01 2629406                    /usr/lib/jvm/java-8-openjdk-amd64/jre/lib/amd64/libzip.so
7f329fded000-7f329fdee000 rw-p 00008000 08:01 2629406                    /usr/lib/jvm/java-8-openjdk-amd64/jre/lib/amd64/libzip.so
7f329fdee000-7f329fdf9000 r-xp 00000000 08:01 788064                     /lib/x86_64-linux-gnu/libnss_files-2.23.so
7f329fdf9000-7f329fff8000 ---p 0000b000 08:01 788064                     /lib/x86_64-linux-gnu/libnss_files-2.23.so
7f329fff8000-7f329fff9000 r--p 0000a000 08:01 788064                     /lib/x86_64-linux-gnu/libnss_files-2.23.so
7f329fff9000-7f329fffa000 rw-p 0000b000 08:01 788064                     /lib/x86_64-linux-gnu/libnss_files-2.23.so
7f329fffa000-7f32a0000000 rw-p 00000000 00:00 0 
7f32a0000000-7f32a02b0000 rw-p 00000000 00:00 0 
7f32a02b0000-7f32a4000000 ---p 00000000 00:00 0 
7f32a4000000-7f32a4001000 r--s 00000000 08:01 9850014                    /var/cache/fontconfig/bab58bb527bb656aaa9f116d68a48d89-le64.cache-6
7f32a4001000-7f32a4002000 r--s 00000000 08:01 9849998                    /var/cache/fontconfig/56cf4f4769d0f4abc89a4895d7bd3ae1-le64.cache-6
7f32a4002000-7f32a4003000 r--s 00000000 08:01 9850013                    /var/cache/fontconfig/b9d506c9ac06c20b433354fa67a72993-le64.cache-6
7f32a4003000-7f32a4004000 r--s 00000000 08:01 9849997                    /var/cache/fontconfig/551ecf3b0e8b0bca0f25c0944f561853-le64.cache-6
7f32a4004000-7f32a4007000 r--s 00000000 08:01 9850003                    /var/cache/fontconfig/75114ca45c98e8a441da0ff356701271-le64.cache-6
7f32a4007000-7f32a400a000 r--s 00000000 08:01 9850022                    /var/cache/fontconfig/e13b20fdb08344e0e664864cc2ede53d-le64.cache-6
7f32a400a000-7f32a400e000 r--s 00000000 08:01 9850015                    /var/cache/fontconfig/7ef2298fde41cc6eeb7af42e48b7d293-le64.cache-6
7f32a400e000-7f32a402f000 rw-p 00000000 00:00 0 
7f32a402f000-7f32a4030000 ---p 00000000 00:00 0 
7f32a4030000-7f32a4130000 rw-p 00000000 00:00 0 
7f32a4130000-7f32a413b000 r-xp 00000000 08:01 792566                     /lib/x86_64-linux-gnu/libnss_nis-2.23.so
7f32a413b000-7f32a433a000 ---p 0000b000 08:01 792566                     /lib/x86_64-linux-gnu/libnss_nis-2.23.so
7f32a433a000-7f32a433b000 r--p 0000a000 08:01 792566                     /lib/x86_64-linux-gnu/libnss_nis-2.23.so
7f32a433b000-7f32a433c000 rw-p 0000b000 08:01 792566                     /lib/x86_64-linux-gnu/libnss_nis-2.23.so
7f32a433c000-7f32a4352000 r-xp 00000000 08:01 787982                     /lib/x86_64-linux-gnu/libnsl-2.23.so
7f32a4352000-7f32a4551000 ---p 00016000 08:01 787982                     /lib/x86_64-linux-gnu/libnsl-2.23.so
7f32a4551000-7f32a4552000 r--p 00015000 08:01 787982                     /lib/x86_64-linux-gnu/libnsl-2.23.so
7f32a4552000-7f32a4553000 rw-p 00016000 08:01 787982                     /lib/x86_64-linux-gnu/libnsl-2.23.so
7f32a4553000-7f32a4555000 rw-p 00000000 00:00 0 
7f32a4555000-7f32a455d000 r-xp 00000000 08:01 788059                     /lib/x86_64-linux-gnu/libnss_compat-2.23.so
7f32a455d000-7f32a475c000 ---p 00008000 08:01 788059                     /lib/x86_64-linux-gnu/libnss_compat-2.23.so
7f32a475c000-7f32a475d000 r--p 00007000 08:01 788059                     /lib/x86_64-linux-gnu/libnss_compat-2.23.so
7f32a475d000-7f32a475e000 rw-p 00008000 08:01 788059                     /lib/x86_64-linux-gnu/libnss_compat-2.23.so
7f32a475e000-7f32a478b000 r-xp 00000000 08:01 2629397                    /usr/lib/jvm/java-8-openjdk-amd64/jre/lib/amd64/libjava.so
7f32a478b000-7f32a498a000 ---p 0002d000 08:01 2629397                    /usr/lib/jvm/java-8-openjdk-amd64/jre/lib/amd64/libjava.so
7f32a498a000-7f32a498b000 r--p 0002c000 08:01 2629397                    /usr/lib/jvm/java-8-openjdk-amd64/jre/lib/amd64/libjava.so
7f32a498b000-7f32a498d000 rw-p 0002d000 08:01 2629397                    /usr/lib/jvm/java-8-openjdk-amd64/jre/lib/amd64/libjava.so
7f32a498d000-7f32a499c000 r-xp 00000000 08:01 2628546                    /usr/lib/jvm/java-8-openjdk-amd64/jre/lib/amd64/libverify.so
7f32a499c000-7f32a4b9b000 ---p 0000f000 08:01 2628546                    /usr/lib/jvm/java-8-openjdk-amd64/jre/lib/amd64/libverify.so
7f32a4b9b000-7f32a4b9d000 r--p 0000e000 08:01 2628546                    /usr/lib/jvm/java-8-openjdk-amd64/jre/lib/amd64/libverify.so
7f32a4b9d000-7f32a4b9e000 rw-p 00010000 08:01 2628546                    /usr/lib/jvm/java-8-openjdk-amd64/jre/lib/amd64/libverify.so
7f32a4b9e000-7f32a4ba5000 r-xp 00000000 08:01 792567                     /lib/x86_64-linux-gnu/librt-2.23.so
7f32a4ba5000-7f32a4da4000 ---p 00007000 08:01 792567                     /lib/x86_64-linux-gnu/librt-2.23.so
7f32a4da4000-7f32a4da5000 r--p 00006000 08:01 792567                     /lib/x86_64-linux-gnu/librt-2.23.so
7f32a4da5000-7f32a4da6000 rw-p 00007000 08:01 792567                     /lib/x86_64-linux-gnu/librt-2.23.so
7f32a4da6000-7f32a4dbc000 r-xp 00000000 08:01 792587                     /lib/x86_64-linux-gnu/libgcc_s.so.1
7f32a4dbc000-7f32a4fbb000 ---p 00016000 08:01 792587                     /lib/x86_64-linux-gnu/libgcc_s.so.1
7f32a4fbb000-7f32a4fbc000 rw-p 00015000 08:01 792587                     /lib/x86_64-linux-gnu/libgcc_s.so.1
7f32a4fbc000-7f32a50c4000 r-xp 00000000 08:01 787973                     /lib/x86_64-linux-gnu/libm-2.23.so
7f32a50c4000-7f32a52c3000 ---p 00108000 08:01 787973                     /lib/x86_64-linux-gnu/libm-2.23.so
7f32a52c3000-7f32a52c4000 r--p 00107000 08:01 787973                     /lib/x86_64-linux-gnu/libm-2.23.so
7f32a52c4000-7f32a52c5000 rw-p 00108000 08:01 787973                     /lib/x86_64-linux-gnu/libm-2.23.so
7f32a52c5000-7f32a5437000 r-xp 00000000 08:01 2495631                    /usr/lib/x86_64-linux-gnu/libstdc++.so.6.0.21
7f32a5437000-7f32a5637000 ---p 00172000 08:01 2495631                    /usr/lib/x86_64-linux-gnu/libstdc++.so.6.0.21
7f32a5637000-7f32a5641000 r--p 00172000 08:01 2495631                    /usr/lib/x86_64-linux-gnu/libstdc++.so.6.0.21
7f32a5641000-7f32a5643000 rw-p 0017c000 08:01 2495631                    /usr/lib/x86_64-linux-gnu/libstdc++.so.6.0.21
7f32a5643000-7f32a5647000 rw-p 00000000 00:00 0 
7f32a5647000-7f32a62a0000 r-xp 00000000 08:01 2634111                    /usr/lib/jvm/java-8-openjdk-amd64/jre/lib/amd64/server/libjvm.so
7f32a62a0000-7f32a64a0000 ---p 00c59000 08:01 2634111                    /usr/lib/jvm/java-8-openjdk-amd64/jre/lib/amd64/server/libjvm.so
7f32a64a0000-7f32a6533000 r--p 00c59000 08:01 2634111                    /usr/lib/jvm/java-8-openjdk-amd64/jre/lib/amd64/server/libjvm.so
7f32a6533000-7f32a655c000 rw-p 00cec000 08:01 2634111                    /usr/lib/jvm/java-8-openjdk-amd64/jre/lib/amd64/server/libjvm.so
7f32a655c000-7f32a658c000 rw-p 00000000 00:00 0 
7f32a658c000-7f32a65a4000 r-xp 00000000 08:01 787993                     /lib/x86_64-linux-gnu/libpthread-2.23.so
7f32a65a4000-7f32a67a3000 ---p 00018000 08:01 787993                     /lib/x86_64-linux-gnu/libpthread-2.23.so
7f32a67a3000-7f32a67a4000 r--p 00017000 08:01 787993                     /lib/x86_64-linux-gnu/libpthread-2.23.so
7f32a67a4000-7f32a67a5000 rw-p 00018000 08:01 787993                     /lib/x86_64-linux-gnu/libpthread-2.23.so
7f32a67a5000-7f32a67a9000 rw-p 00000000 00:00 0 
7f32a67a9000-7f32a67ac000 r-xp 00000000 08:01 788053                     /lib/x86_64-linux-gnu/libdl-2.23.so
7f32a67ac000-7f32a69ab000 ---p 00003000 08:01 788053                     /lib/x86_64-linux-gnu/libdl-2.23.so
7f32a69ab000-7f32a69ac000 r--p 00002000 08:01 788053                     /lib/x86_64-linux-gnu/libdl-2.23.so
7f32a69ac000-7f32a69ad000 rw-p 00003000 08:01 788053                     /lib/x86_64-linux-gnu/libdl-2.23.so
7f32a69ad000-7f32a69c6000 r-xp 00000000 08:01 792740                     /lib/x86_64-linux-gnu/libz.so.1.2.8
7f32a69c6000-7f32a6bc5000 ---p 00019000 08:01 792740                     /lib/x86_64-linux-gnu/libz.so.1.2.8
7f32a6bc5000-7f32a6bc6000 r--p 00018000 08:01 792740                     /lib/x86_64-linux-gnu/libz.so.1.2.8
7f32a6bc6000-7f32a6bc7000 rw-p 00019000 08:01 792740                     /lib/x86_64-linux-gnu/libz.so.1.2.8
7f32a6bc7000-7f32a6d87000 r-xp 00000000 08:01 788051                     /lib/x86_64-linux-gnu/libc-2.23.so
7f32a6d87000-7f32a6f87000 ---p 001c0000 08:01 788051                     /lib/x86_64-linux-gnu/libc-2.23.so
7f32a6f87000-7f32a6f8b000 r--p 001c0000 08:01 788051                     /lib/x86_64-linux-gnu/libc-2.23.so
7f32a6f8b000-7f32a6f8d000 rw-p 001c4000 08:01 788051                     /lib/x86_64-linux-gnu/libc-2.23.so
7f32a6f8d000-7f32a6f91000 rw-p 00000000 00:00 0 
7f32a6f91000-7f32a6f9e000 r-xp 00000000 08:01 2629407                    /usr/lib/jvm/java-8-openjdk-amd64/jre/lib/amd64/jli/libjli.so
7f32a6f9e000-7f32a719e000 ---p 0000d000 08:01 2629407                    /usr/lib/jvm/java-8-openjdk-amd64/jre/lib/amd64/jli/libjli.so
7f32a719e000-7f32a719f000 r--p 0000d000 08:01 2629407                    /usr/lib/jvm/java-8-openjdk-amd64/jre/lib/amd64/jli/libjli.so
7f32a719f000-7f32a71a0000 rw-p 0000e000 08:01 2629407                    /usr/lib/jvm/java-8-openjdk-amd64/jre/lib/amd64/jli/libjli.so
7f32a71a0000-7f32a71c6000 r-xp 00000000 08:01 787985                     /lib/x86_64-linux-gnu/ld-2.23.so
7f32a71c6000-7f32a71c7000 r--s 00000000 08:01 9849992                    /var/cache/fontconfig/30829fa25452a46451e813d634d7f916-le64.cache-6
7f32a71c7000-7f32a71c8000 r--s 00000000 08:01 9849986                    /var/cache/fontconfig/0c9eb80ebd1c36541ebe2852d3bb0c49-le64.cache-6
7f32a71c8000-7f32a71c9000 r--s 00000000 08:01 8676885                    /home/ainley/.cache/fontconfig/52ceec4e06308fc5a368211192b70366-le64.cache-6
7f32a71c9000-7f32a71ce000 r--s 002f9000 08:01 2500944                    /usr/lib/jvm/java-8-openjdk-amd64/jre/lib/charsets.jar
7f32a71ce000-7f32a71d1000 r--s 0000f000 08:01 2500954                    /usr/lib/jvm/java-8-openjdk-amd64/jre/lib/ext/icedtea-sound.jar
7f32a71d1000-7f32a71db000 r--s 00116000 08:01 2500959                    /usr/lib/jvm/java-8-openjdk-amd64/jre/lib/ext/localedata.jar
7f32a71db000-7f32a72a6000 rw-p 00000000 00:00 0 
7f32a72a6000-7f32a72a9000 ---p 00000000 00:00 0 
7f32a72a9000-7f32a73ab000 rw-p 00000000 00:00 0 
7f32a73ab000-7f32a73ac000 r--s 00010000 08:01 2500946                    /usr/lib/jvm/java-8-openjdk-amd64/jre/lib/ext/zipfs.jar
7f32a73ac000-7f32a73af000 r--s 00038000 08:01 2500949                    /usr/lib/jvm/java-8-openjdk-amd64/jre/lib/ext/sunpkcs11.jar
7f32a73af000-7f32a73b1000 r--s 00008000 08:01 2500945                    /usr/lib/jvm/java-8-openjdk-amd64/jre/lib/ext/sunec.jar
7f32a73b1000-7f32a73b7000 r--s 0003b000 08:01 2500953                    /usr/lib/jvm/java-8-openjdk-amd64/jre/lib/ext/sunjce_provider.jar
7f32a73b7000-7f32a73b9000 r--s 00001000 08:01 2500948                    /usr/lib/jvm/java-8-openjdk-amd64/jre/lib/ext/dnsns.jar
7f32a73b9000-7f32a73ba000 r--s 0000a000 08:01 2500956                    /usr/lib/jvm/java-8-openjdk-amd64/jre/lib/ext/jaccess.jar
7f32a73ba000-7f32a73c2000 rw-s 00000000 08:01 11819627                   /tmp/hsperfdata_ainley/12855
7f32a73c2000-7f32a73c3000 rw-p 00000000 00:00 0 
7f32a73c3000-7f32a73c4000 ---p 00000000 00:00 0 
7f32a73c4000-7f32a73c5000 rw-p 00000000 00:00 0 
7f32a73c5000-7f32a73c6000 r--p 00025000 08:01 787985                     /lib/x86_64-linux-gnu/ld-2.23.so
7f32a73c6000-7f32a73c7000 rw-p 00026000 08:01 787985                     /lib/x86_64-linux-gnu/ld-2.23.so
7f32a73c7000-7f32a73c8000 rw-p 00000000 00:00 0 
7ffc5aada000-7ffc5aafb000 rw-p 00000000 00:00 0                          [stack]
7ffc5ab82000-7ffc5ab85000 r--p 00000000 00:00 0                          [vvar]
7ffc5ab85000-7ffc5ab87000 r-xp 00000000 00:00 0                          [vdso]
ffffffffff600000-ffffffffff601000 r-xp 00000000 00:00 0                  [vsyscall]

VM Arguments:
jvm_args: -Dfile.encoding=UTF-8 
java_command: VivoTest
java_class_path (initial): /home/ainley/ICS3U1/VivoCulminatingGame/bin
Launcher Type: SUN_STANDARD

Environment Variables:
PATH=/home/ainley/bin:/home/ainley/.local/bin:/usr/local/sbin:/usr/local/bin:/usr/sbin:/usr/bin:/sbin:/bin:/usr/games:/usr/local/games:/snap/bin
SHELL=/bin/bash
DISPLAY=:0

Signal Handlers:
SIGSEGV: [libjvm.so+0xa6e6f0], sa_mask[0]=11111111011111111101111111111110, sa_flags=SA_RESTART|SA_SIGINFO
SIGBUS: [libjvm.so+0xa6e6f0], sa_mask[0]=11111111011111111101111111111110, sa_flags=SA_RESTART|SA_SIGINFO
SIGFPE: [libjvm.so+0x8b5d50], sa_mask[0]=11111111011111111101111111111110, sa_flags=SA_RESTART|SA_SIGINFO
SIGPIPE: [libjvm.so+0x8b5d50], sa_mask[0]=11111111011111111101111111111110, sa_flags=SA_RESTART|SA_SIGINFO
SIGXFSZ: [libjvm.so+0x8b5d50], sa_mask[0]=11111111011111111101111111111110, sa_flags=SA_RESTART|SA_SIGINFO
SIGILL: [libjvm.so+0x8b5d50], sa_mask[0]=11111111011111111101111111111110, sa_flags=SA_RESTART|SA_SIGINFO
SIGUSR1: SIG_DFL, sa_mask[0]=00000000000000000000000000000000, sa_flags=none
SIGUSR2: [libjvm.so+0x8b5c00], sa_mask[0]=00100000000000000000000000000000, sa_flags=SA_RESTART|SA_SIGINFO
SIGHUP: [libjvm.so+0x8b60d0], sa_mask[0]=11111111011111111101111111111110, sa_flags=SA_RESTART|SA_SIGINFO
SIGINT: [libjvm.so+0x8b60d0], sa_mask[0]=11111111011111111101111111111110, sa_flags=SA_RESTART|SA_SIGINFO
SIGTERM: [libjvm.so+0x8b60d0], sa_mask[0]=11111111011111111101111111111110, sa_flags=SA_RESTART|SA_SIGINFO
SIGQUIT: [libjvm.so+0x8b60d0], sa_mask[0]=11111111011111111101111111111110, sa_flags=SA_RESTART|SA_SIGINFO


---------------  S Y S T E M  ---------------

OS:DISTRIB_ID=Ubuntu
DISTRIB_RELEASE=16.04
DISTRIB_CODENAME=xenial
DISTRIB_DESCRIPTION="Ubuntu 16.04.3 LTS"

uname:Linux 4.13.0-43-generic #48~16.04.1-Ubuntu SMP Thu May 17 12:56:46 UTC 2018 x86_64
libc:glibc 2.23 NPTL 2.23 
rlimit: STACK 8192k, CORE 0k, NPROC 31225, NOFILE 1048576, AS infinity
load average:1.92 1.43 1.34

/proc/meminfo:
MemTotal:        8046724 kB
MemFree:          104920 kB
MemAvailable:       3052 kB
Buffers:             404 kB
Cached:           620588 kB
SwapCached:         3524 kB
Active:          6750824 kB
Inactive:         855096 kB
Active(anon):    6739016 kB
Inactive(anon):   842352 kB
Active(file):      11808 kB
Inactive(file):    12744 kB
Unevictable:         140 kB
Mlocked:             140 kB
SwapTotal:       8265724 kB
SwapFree:              4 kB
Dirty:               552 kB
Writeback:             0 kB
AnonPages:       6982740 kB
Mapped:           398080 kB
Shmem:            596236 kB
Slab:             116908 kB
SReclaimable:      47564 kB
SUnreclaim:        69344 kB
KernelStack:       30800 kB
PageTables:       106744 kB
NFS_Unstable:          0 kB
Bounce:                0 kB
WritebackTmp:          0 kB
CommitLimit:    12289084 kB
Committed_AS:   34201236 kB
VmallocTotal:   34359738367 kB
VmallocUsed:           0 kB
VmallocChunk:          0 kB
HardwareCorrupted:     0 kB
AnonHugePages:         0 kB
ShmemHugePages:        0 kB
ShmemPmdMapped:        0 kB
CmaTotal:              0 kB
CmaFree:               0 kB
HugePages_Total:       0
HugePages_Free:        0
HugePages_Rsvd:        0
HugePages_Surp:        0
Hugepagesize:       2048 kB
DirectMap4k:      310784 kB
DirectMap2M:     7956480 kB
DirectMap1G:     1048576 kB


CPU:total 4 (initial active 4) (2 cores per cpu, 2 threads per core) family 6 model 69 stepping 1, cmov, cx8, fxsr, mmx, sse, sse2, sse3, ssse3, sse4.1, sse4.2, popcnt, avx, avx2, aes, clmul, erms, lzcnt, ht, tsc, tscinvbit, bmi1, bmi2

/proc/cpuinfo:
processor	: 0
vendor_id	: GenuineIntel
cpu family	: 6
model		: 69
model name	: Intel(R) Core(TM) i5-4310U CPU @ 2.00GHz
stepping	: 1
microcode	: 0x23
cpu MHz		: 2693.648
cache size	: 3072 KB
physical id	: 0
siblings	: 4
core id		: 0
cpu cores	: 2
apicid		: 0
initial apicid	: 0
fpu		: yes
fpu_exception	: yes
cpuid level	: 13
wp		: yes
flags		: fpu vme de pse tsc msr pae mce cx8 apic sep mtrr pge mca cmov pat pse36 clflush dts acpi mmx fxsr sse sse2 ss ht tm pbe syscall nx pdpe1gb rdtscp lm constant_tsc arch_perfmon pebs bts rep_good nopl xtopology nonstop_tsc cpuid aperfmperf pni pclmulqdq dtes64 monitor ds_cpl vmx smx est tm2 ssse3 sdbg fma cx16 xtpr pdcm pcid sse4_1 sse4_2 x2apic movbe popcnt tsc_deadline_timer aes xsave avx f16c rdrand lahf_lm abm cpuid_fault epb invpcid_single pti retpoline spec_ctrl tpr_shadow vnmi flexpriority ept vpid fsgsbase tsc_adjust bmi1 avx2 smep bmi2 erms invpcid xsaveopt dtherm ida arat pln pts
bugs		: cpu_meltdown spectre_v1 spectre_v2 spec_store_bypass
bogomips	: 5187.60
clflush size	: 64
cache_alignment	: 64
address sizes	: 39 bits physical, 48 bits virtual
power management:

processor	: 1
vendor_id	: GenuineIntel
cpu family	: 6
model		: 69
model name	: Intel(R) Core(TM) i5-4310U CPU @ 2.00GHz
stepping	: 1
microcode	: 0x23
cpu MHz		: 2694.016
cache size	: 3072 KB
physical id	: 0
siblings	: 4
core id		: 0
cpu cores	: 2
apicid		: 1
initial apicid	: 1
fpu		: yes
fpu_exception	: yes
cpuid level	: 13
wp		: yes
flags		: fpu vme de pse tsc msr pae mce cx8 apic sep mtrr pge mca cmov pat pse36 clflush dts acpi mmx fxsr sse sse2 ss ht tm pbe syscall nx pdpe1gb rdtscp lm constant_tsc arch_perfmon pebs bts rep_good nopl xtopology nonstop_tsc cpuid aperfmperf pni pclmulqdq dtes64 monitor ds_cpl vmx smx est tm2 ssse3 sdbg fma cx16 xtpr pdcm pcid sse4_1 sse4_2 x2apic movbe popcnt tsc_deadline_timer aes xsave avx f16c rdrand lahf_lm abm cpuid_fault epb invpcid_single pti retpoline spec_ctrl tpr_shadow vnmi flexpriority ept vpid fsgsbase tsc_adjust bmi1 avx2 smep bmi2 erms invpcid xsaveopt dtherm ida arat pln pts
bugs		: cpu_meltdown spectre_v1 spectre_v2 spec_store_bypass
bogomips	: 5187.60
clflush size	: 64
cache_alignment	: 64
address sizes	: 39 bits physical, 48 bits virtual
power management:

processor	: 2
vendor_id	: GenuineIntel
cpu family	: 6
model		: 69
model name	: Intel(R) Core(TM) i5-4310U CPU @ 2.00GHz
stepping	: 1
microcode	: 0x23
cpu MHz		: 2811.691
cache size	: 3072 KB
physical id	: 0
siblings	: 4
core id		: 1
cpu cores	: 2
apicid		: 2
initial apicid	: 2
fpu		: yes
fpu_exception	: yes
cpuid level	: 13
wp		: yes
flags		: fpu vme de pse tsc msr pae mce cx8 apic sep mtrr pge mca cmov pat pse36 clflush dts acpi mmx fxsr sse sse2 ss ht tm pbe syscall nx pdpe1gb rdtscp lm constant_tsc arch_perfmon pebs bts rep_good nopl xtopology nonstop_tsc cpuid aperfmperf pni pclmulqdq dtes64 monitor ds_cpl vmx smx est tm2 ssse3 sdbg fma cx16 xtpr pdcm pcid sse4_1 sse4_2 x2apic movbe popcnt tsc_deadline_timer aes xsave avx f16c rdrand lahf_lm abm cpuid_fault epb invpcid_single pti retpoline spec_ctrl tpr_shadow vnmi flexpriority ept vpid fsgsbase tsc_adjust bmi1 avx2 smep bmi2 erms invpcid xsaveopt dtherm ida arat pln pts
bugs		: cpu_meltdown spectre_v1 spectre_v2 spec_store_bypass
bogomips	: 5187.60
clflush size	: 64
cache_alignment	: 64
address sizes	: 39 bits physical, 48 bits virtual
power management:

processor	: 3
vendor_id	: GenuineIntel
cpu family	: 6
model		: 69
model name	: Intel(R) Core(TM) i5-4310U CPU @ 2.00GHz
stepping	: 1
microcode	: 0x23
cpu MHz		: 2935.873
cache size	: 3072 KB
physical id	: 0
siblings	: 4
core id		: 1
cpu cores	: 2
apicid		: 3
initial apicid	: 3
fpu		: yes
fpu_exception	: yes
cpuid level	: 13
wp		: yes
flags		: fpu vme de pse tsc msr pae mce cx8 apic sep mtrr pge mca cmov pat pse36 clflush dts acpi mmx fxsr sse sse2 ss ht tm pbe syscall nx pdpe1gb rdtscp lm constant_tsc arch_perfmon pebs bts rep_good nopl xtopology nonstop_tsc cpuid aperfmperf pni pclmulqdq dtes64 monitor ds_cpl vmx smx est tm2 ssse3 sdbg fma cx16 xtpr pdcm pcid sse4_1 sse4_2 x2apic movbe popcnt tsc_deadline_timer aes xsave avx f16c rdrand lahf_lm abm cpuid_fault epb invpcid_single pti retpoline spec_ctrl tpr_shadow vnmi flexpriority ept vpid fsgsbase tsc_adjust bmi1 avx2 smep bmi2 erms invpcid xsaveopt dtherm ida arat pln pts
bugs		: cpu_meltdown spectre_v1 spectre_v2 spec_store_bypass
bogomips	: 5187.60
clflush size	: 64
cache_alignment	: 64
address sizes	: 39 bits physical, 48 bits virtual
power management:



Memory: 4k page, physical 8046724k(110224k free), swap 8265724k(0k free)

vm_info: OpenJDK 64-Bit Server VM (25.171-b11) for linux-amd64 JRE (1.8.0_171-8u171-b11-0ubuntu0.16.04.1-b11), built on Apr 27 2018 17:19:03 by "buildd" with gcc 5.4.0 20160609

time: Mon May 28 21:16:20 2018
elapsed time: 5 seconds (0d 0h 0m 5s)

