#
# There is insufficient memory for the Java Runtime Environment to continue.
# Native memory allocation (mmap) failed to map 65011712 bytes for committing reserved memory.
# Possible reasons:
#   The system is out of physical RAM or swap space
#   In 32 bit mode, the process size limit was hit
# Possible solutions:
#   Reduce memory load on the system
#   Increase physical memory or swap space
#   Check if swap backing store is full
#   Use 64 bit Java on a 64 bit OS
#   Decrease Java heap size (-Xmx/-Xms)
#   Decrease number of Java threads
#   Decrease Java thread stack sizes (-Xss)
#   Set larger code cache with -XX:ReservedCodeCacheSize=
# This output file may be truncated or incomplete.
#
#  Out of Memory Error (os_linux.cpp:2643), pid=12941, tid=0x00007ff21a495700
#
# JRE version: OpenJDK Runtime Environment (8.0_171-b11) (build 1.8.0_171-8u171-b11-0ubuntu0.16.04.1-b11)
# Java VM: OpenJDK 64-Bit Server VM (25.171-b11 mixed mode linux-amd64 compressed oops)
# Failed to write core dump. Core dumps have been disabled. To enable core dumping, try "ulimit -c unlimited" before starting Java again
#

---------------  T H R E A D  ---------------

Current thread (0x00007ff234078000):  VMThread [stack: 0x00007ff21a395000,0x00007ff21a496000] [id=12951]

Stack: [0x00007ff21a395000,0x00007ff21a496000],  sp=0x00007ff21a4944c0,  free space=1021k
Native frames: (J=compiled Java code, j=interpreted, Vv=VM code, C=native code)
V  [libjvm.so+0xa6db9b]
V  [libjvm.so+0x4c694c]
V  [libjvm.so+0x8ba818]
V  [libjvm.so+0x8b4bae]
V  [libjvm.so+0x92ff96]
V  [libjvm.so+0x9312c3]
V  [libjvm.so+0x92d98b]
V  [libjvm.so+0x92dc3c]
V  [libjvm.so+0x8df553]
V  [libjvm.so+0xa6f842]
V  [libjvm.so+0xa74a07]
V  [libjvm.so+0xa72107]
V  [libjvm.so+0xa7358f]
V  [libjvm.so+0xa73a81]
V  [libjvm.so+0x8b7c22]

VM_Operation (0x00007ff1e71c6c50): ParallelGCFailedAllocation, mode: safepoint, requested by thread 0x00007ff2342ce800


---------------  P R O C E S S  ---------------

Java Threads: ( => current thread )
  0x00007ff23400a800 JavaThread "DestroyJavaVM" [_thread_blocked, id=12946, stack(0x00007ff23b3e6000,0x00007ff23b4e7000)]
  0x00007ff234260800 JavaThread "Image Fetcher 2" daemon [_thread_blocked, id=12966, stack(0x00007ff1e6963000,0x00007ff1e6a64000)]
  0x00007ff2342ce800 JavaThread "Image Animator 3" daemon [_thread_blocked, id=12964, stack(0x00007ff1e70c8000,0x00007ff1e71c9000)]
  0x00007ff2342c5000 JavaThread "AWT-EventQueue-0" [_thread_blocked, id=12963, stack(0x00007ff1e71c9000,0x00007ff1e72ca000)]
  0x00007ff2342c3800 JavaThread "AWT-Shutdown" [_thread_blocked, id=12962, stack(0x00007ff1e72ca000,0x00007ff1e73cb000)]
  0x00007ff23427d000 JavaThread "AWT-XAWT" daemon [_thread_blocked, id=12961, stack(0x00007ff1e73cb000,0x00007ff1e74cc000)]
  0x00007ff234256800 JavaThread "Java2D Disposer" daemon [_thread_blocked, id=12960, stack(0x00007ff2180a3000,0x00007ff2181a4000)]
  0x00007ff2340c8800 JavaThread "Service Thread" daemon [_thread_blocked, id=12958, stack(0x00007ff2199b6000,0x00007ff219ab7000)]
  0x00007ff2340bd000 JavaThread "C1 CompilerThread2" daemon [_thread_blocked, id=12957, stack(0x00007ff219ab7000,0x00007ff219bb8000)]
  0x00007ff2340bb800 JavaThread "C2 CompilerThread1" daemon [_thread_blocked, id=12956, stack(0x00007ff219bb8000,0x00007ff219cb9000)]
  0x00007ff2340b8800 JavaThread "C2 CompilerThread0" daemon [_thread_blocked, id=12955, stack(0x00007ff219cb9000,0x00007ff219dba000)]
  0x00007ff2340b7000 JavaThread "Signal Dispatcher" daemon [_thread_blocked, id=12954, stack(0x00007ff219dba000,0x00007ff219ebb000)]
  0x00007ff234084000 JavaThread "Finalizer" daemon [_thread_blocked, id=12953, stack(0x00007ff21a193000,0x00007ff21a294000)]
  0x00007ff23407f800 JavaThread "Reference Handler" daemon [_thread_blocked, id=12952, stack(0x00007ff21a294000,0x00007ff21a395000)]

Other Threads:
=>0x00007ff234078000 VMThread [stack: 0x00007ff21a395000,0x00007ff21a496000] [id=12951]
  0x00007ff2340ca800 WatcherThread [stack: 0x00007ff2198b5000,0x00007ff2199b6000] [id=12959]

VM state:at safepoint (normal execution)

VM Mutex/Monitor currently owned by a thread:  ([mutex/lock_event])
[0x00007ff234006d10] Threads_lock - owner thread: 0x00007ff234078000
[0x00007ff234007210] Heap_lock - owner thread: 0x00007ff2342ce800

Heap:
 PSYoungGen      total 68608K, used 5105K [0x00000000d7100000, 0x00000000db900000, 0x0000000100000000)
  eden space 63488K, 0% used [0x00000000d7100000,0x00000000d7100000,0x00000000daf00000)
  from space 5120K, 99% used [0x00000000daf00000,0x00000000db3fc728,0x00000000db400000)
  to   space 5120K, 0% used [0x00000000db400000,0x00000000db400000,0x00000000db900000)
 ParOldGen       total 84992K, used 45332K [0x0000000085200000, 0x000000008a500000, 0x00000000d7100000)
  object space 84992K, 53% used [0x0000000085200000,0x0000000087e45008,0x000000008a500000)
 Metaspace       used 10898K, capacity 11084K, committed 11264K, reserved 1058816K
  class space    used 1191K, capacity 1258K, committed 1280K, reserved 1048576K

Card table byte_map: [0x00007ff22465f000,0x00007ff224a37000] byte_map_base: 0x00007ff224236000

Marking Bits: (ParMarkBitMap*) 0x00007ff23a6af320
 Begin Bits: [0x00007ff22025b000, 0x00007ff222113000)
 End Bits:   [0x00007ff222113000, 0x00007ff223fcb000)

Polling page: 0x00007ff23b503000

CodeCache: size=245760Kb used=3895Kb max_used=3908Kb free=241864Kb
 bounds [0x00007ff224df7000, 0x00007ff2251d7000, 0x00007ff233df7000]
 total_blobs=1632 nmethods=1096 adapters=450
 compilation: enabled

Compilation events (10 events):
Event: 5.967 Thread 0x00007ff2340bb800 1101  s    4       java.io.BufferedInputStream::read (113 bytes)
Event: 5.971 Thread 0x00007ff2340bd000 1102       1       javax.swing.JComponent::isPaintingOrigin (2 bytes)
Event: 5.971 Thread 0x00007ff2340bd000 nmethod 1102 0x00007ff2251c57d0 code [0x00007ff2251c5920, 0x00007ff2251c5a30]
Event: 5.973 Thread 0x00007ff2340bd000 1103       1       java.awt.Font::isTransformed (5 bytes)
Event: 5.974 Thread 0x00007ff2340bd000 nmethod 1103 0x00007ff2251c5a90 code [0x00007ff2251c5be0, 0x00007ff2251c5cf0]
Event: 5.974 Thread 0x00007ff2340bd000 1104       1       sun.font.SunFontManager::usingPerAppContextComposites (5 bytes)
Event: 5.975 Thread 0x00007ff2340bd000 nmethod 1104 0x00007ff2251c5d50 code [0x00007ff2251c5ea0, 0x00007ff2251c5fb0]
Event: 5.975 Thread 0x00007ff2340bd000 1105       1       java.awt.Font::getStyle (5 bytes)
Event: 5.975 Thread 0x00007ff2340bd000 nmethod 1105 0x00007ff2251c6010 code [0x00007ff2251c6160, 0x00007ff2251c6270]
Event: 5.978 Thread 0x00007ff2340bb800 nmethod 1101 0x00007ff2251c95d0 code [0x00007ff2251c9760, 0x00007ff2251c9e48]

GC Heap History (5 events):
Event: 0.717 GC heap before
{Heap before GC invocations=1 (full 0):
 PSYoungGen      total 36864K, used 31726K [0x00000000d7100000, 0x00000000d9a00000, 0x0000000100000000)
  eden space 31744K, 99% used [0x00000000d7100000,0x00000000d8ffb8d8,0x00000000d9000000)
  from space 5120K, 0% used [0x00000000d9500000,0x00000000d9500000,0x00000000d9a00000)
  to   space 5120K, 0% used [0x00000000d9000000,0x00000000d9000000,0x00000000d9500000)
 ParOldGen       total 84992K, used 0K [0x0000000085200000, 0x000000008a500000, 0x00000000d7100000)
  object space 84992K, 0% used [0x0000000085200000,0x0000000085200000,0x000000008a500000)
 Metaspace       used 9221K, capacity 9396K, committed 9600K, reserved 1058816K
  class space    used 1040K, capacity 1128K, committed 1152K, reserved 1048576K
Event: 0.735 GC heap after
Heap after GC invocations=1 (full 0):
 PSYoungGen      total 36864K, used 5097K [0x00000000d7100000, 0x00000000db900000, 0x0000000100000000)
  eden space 31744K, 0% used [0x00000000d7100000,0x00000000d7100000,0x00000000d9000000)
  from space 5120K, 99% used [0x00000000d9000000,0x00000000d94fa760,0x00000000d9500000)
  to   space 5120K, 0% used [0x00000000db400000,0x00000000db400000,0x00000000db900000)
 ParOldGen       total 84992K, used 21369K [0x0000000085200000, 0x000000008a500000, 0x00000000d7100000)
  object space 84992K, 25% used [0x0000000085200000,0x00000000866de6f0,0x000000008a500000)
 Metaspace       used 9221K, capacity 9396K, committed 9600K, reserved 1058816K
  class space    used 1040K, capacity 1128K, committed 1152K, reserved 1048576K
}
Event: 5.165 GC heap before
{Heap before GC invocations=2 (full 0):
 PSYoungGen      total 36864K, used 36142K [0x00000000d7100000, 0x00000000db900000, 0x0000000100000000)
  eden space 31744K, 97% used [0x00000000d7100000,0x00000000d8f510c8,0x00000000d9000000)
  from space 5120K, 99% used [0x00000000d9000000,0x00000000d94fa760,0x00000000d9500000)
  to   space 5120K, 0% used [0x00000000db400000,0x00000000db400000,0x00000000db900000)
 ParOldGen       total 84992K, used 21369K [0x0000000085200000, 0x000000008a500000, 0x00000000d7100000)
  object space 84992K, 25% used [0x0000000085200000,0x00000000866de6f0,0x000000008a500000)
 Metaspace       used 10807K, capacity 10956K, committed 11264K, reserved 1058816K
  class space    used 1191K, capacity 1258K, committed 1280K, reserved 1048576K
Event: 5.281 GC heap after
Heap after GC invocations=2 (full 0):
 PSYoungGen      total 68608K, used 5096K [0x00000000d7100000, 0x00000000db900000, 0x0000000100000000)
  eden space 63488K, 0% used [0x00000000d7100000,0x00000000d7100000,0x00000000daf00000)
  from space 5120K, 99% used [0x00000000db400000,0x00000000db8fa300,0x00000000db900000)
  to   space 5120K, 0% used [0x00000000daf00000,0x00000000daf00000,0x00000000db400000)
 ParOldGen       total 84992K, used 42451K [0x0000000085200000, 0x000000008a500000, 0x00000000d7100000)
  object space 84992K, 49% used [0x0000000085200000,0x0000000087b74ee0,0x000000008a500000)
 Metaspace       used 10807K, capacity 10956K, committed 11264K, reserved 1058816K
  class space    used 1191K, capacity 1258K, committed 1280K, reserved 1048576K
}
Event: 6.009 GC heap before
{Heap before GC invocations=3 (full 0):
 PSYoungGen      total 68608K, used 68584K [0x00000000d7100000, 0x00000000db900000, 0x0000000100000000)
  eden space 63488K, 100% used [0x00000000d7100000,0x00000000daf00000,0x00000000daf00000)
  from space 5120K, 99% used [0x00000000db400000,0x00000000db8fa300,0x00000000db900000)
  to   space 5120K, 0% used [0x00000000daf00000,0x00000000daf00000,0x00000000db400000)
 ParOldGen       total 84992K, used 42451K [0x0000000085200000, 0x000000008a500000, 0x00000000d7100000)
  object space 84992K, 49% used [0x0000000085200000,0x0000000087b74ee0,0x000000008a500000)
 Metaspace       used 10898K, capacity 11084K, committed 11264K, reserved 1058816K
  class space    used 1191K, capacity 1258K, committed 1280K, reserved 1048576K

Deoptimization events (10 events):
Event: 2.586 Thread 0x00007ff2342c5000 Uncommon trap: reason=bimorphic action=maybe_recompile pc=0x00007ff225050b40 method=java.util.HashMap.getNode(ILjava/lang/Object;)Ljava/util/HashMap$Node; @ 59
Event: 2.586 Thread 0x00007ff2342c5000 Uncommon trap: reason=bimorphic action=maybe_recompile pc=0x00007ff225050b40 method=java.util.HashMap.getNode(ILjava/lang/Object;)Ljava/util/HashMap$Node; @ 59
Event: 2.586 Thread 0x00007ff2342c5000 Uncommon trap: reason=bimorphic action=maybe_recompile pc=0x00007ff225050b40 method=java.util.HashMap.getNode(ILjava/lang/Object;)Ljava/util/HashMap$Node; @ 59
Event: 2.589 Thread 0x00007ff2342c5000 Uncommon trap: reason=bimorphic action=maybe_recompile pc=0x00007ff225050b40 method=java.util.HashMap.getNode(ILjava/lang/Object;)Ljava/util/HashMap$Node; @ 59
Event: 2.589 Thread 0x00007ff2342c5000 Uncommon trap: reason=bimorphic action=maybe_recompile pc=0x00007ff225073da0 method=java.util.HashMap.getNode(ILjava/lang/Object;)Ljava/util/HashMap$Node; @ 59
Event: 3.934 Thread 0x00007ff2342c5000 Uncommon trap: reason=unstable_if action=reinterpret pc=0x00007ff22502f434 method=java.awt.Component.isShowing()Z @ 11
Event: 3.942 Thread 0x00007ff234260800 Uncommon trap: reason=unstable_if action=reinterpret pc=0x00007ff224fdc630 method=java.awt.image.ReplicateScaleFilter.setPixels(IIIILjava/awt/image/ColorModel;[III)V @ 4
Event: 5.090 Thread 0x00007ff234260800 Uncommon trap: reason=unstable_if action=reinterpret pc=0x00007ff225076120 method=sun.awt.image.GifImageDecoder.sendPixels(IIII[BLjava/awt/image/ColorModel;)I @ 112
Event: 5.090 Thread 0x00007ff234260800 Uncommon trap: reason=unstable_if action=reinterpret pc=0x00007ff2250c8d34 method=sun.awt.image.ImageRepresentation.setPixels(IIIILjava/awt/image/ColorModel;[BII)V @ 11
Event: 5.312 Thread 0x00007ff2342ce800 Uncommon trap: reason=unstable_if action=reinterpret pc=0x00007ff224ef672c method=sun.awt.image.ImageRepresentation.convertToRGB()V @ 99

Classes redefined (0 events):
No events

Internal exceptions (10 events):
Event: 0.295 Thread 0x00007ff23400a800 Exception <a 'java/lang/ClassNotFoundException': sun/dc/DuctusRenderingEngine> (0x00000000d7392498) thrown at [/build/openjdk-8-wnL82d/openjdk-8-8u171-b11/src/hotspot/src/share/vm/classfile/systemDictionary.cpp, line 210]
Event: 0.701 Thread 0x00007ff2342c5000 Exception <a 'java/lang/UnsupportedOperationException': > (0x00000000d7563be8) thrown at [/build/openjdk-8-wnL82d/openjdk-8-8u171-b11/src/hotspot/src/share/vm/prims/jni.cpp, line 735]
Event: 0.716 Thread 0x00007ff2342ce800 Exception <a 'java/lang/InterruptedException': sleep interrupted> (0x00000000d8eebed0) thrown at [/build/openjdk-8-wnL82d/openjdk-8-8u171-b11/src/hotspot/src/share/vm/prims/jvm.cpp, line 3225]
Event: 0.767 Thread 0x00007ff234260800 Exception <a 'java/lang/InterruptedException': sleep interrupted> (0x00000000d71ef5e0) thrown at [/build/openjdk-8-wnL82d/openjdk-8-8u171-b11/src/hotspot/src/share/vm/prims/jvm.cpp, line 3225]
Event: 2.368 Thread 0x00007ff2342ce800 Implicit null exception at 0x00007ff224fec8aa to 0x00007ff224fed08d
Event: 3.942 Thread 0x00007ff234260800 Implicit null exception at 0x00007ff224fdbead to 0x00007ff224fdc61d
Event: 3.994 Thread 0x00007ff2342ce800 Exception <a 'java/lang/InterruptedException': sleep interrupted> (0x00000000d74b8958) thrown at [/build/openjdk-8-wnL82d/openjdk-8-8u171-b11/src/hotspot/src/share/vm/prims/jvm.cpp, line 3225]
Event: 4.109 Thread 0x00007ff2342c5000 Exception <a 'java/lang/UnsupportedOperationException': > (0x00000000d82b8660) thrown at [/build/openjdk-8-wnL82d/openjdk-8-8u171-b11/src/hotspot/src/share/vm/prims/jni.cpp, line 735]
Event: 5.097 Thread 0x00007ff234260800 Exception <a 'java/lang/InterruptedException': sleep interrupted> (0x00000000d8e05a50) thrown at [/build/openjdk-8-wnL82d/openjdk-8-8u171-b11/src/hotspot/src/share/vm/prims/jvm.cpp, line 3225]
Event: 5.429 Thread 0x00007ff2342c5000 Exception <a 'java/lang/UnsupportedOperationException': > (0x00000000d74852c8) thrown at [/build/openjdk-8-wnL82d/openjdk-8-8u171-b11/src/hotspot/src/share/vm/prims/jni.cpp, line 735]

Events (10 events):
Event: 5.457 Thread 0x00007ff2342ce800 DEOPT UNPACKING pc=0x00007ff224e3e4c4 sp=0x00007ff1e71c6cd8 mode 0
Event: 5.457 Thread 0x00007ff2342ce800 DEOPT PACKING pc=0x00007ff2251687f5 sp=0x00007ff1e71c6f60
Event: 5.457 Thread 0x00007ff2342ce800 DEOPT UNPACKING pc=0x00007ff224e3e4c4 sp=0x00007ff1e71c6cd8 mode 0
Event: 5.457 Thread 0x00007ff2342ce800 DEOPT PACKING pc=0x00007ff2251687f5 sp=0x00007ff1e71c6f60
Event: 5.457 Thread 0x00007ff2342ce800 DEOPT UNPACKING pc=0x00007ff224e3e4c4 sp=0x00007ff1e71c6cd8 mode 0
Event: 5.458 Thread 0x00007ff2342ce800 DEOPT PACKING pc=0x00007ff2251687f5 sp=0x00007ff1e71c6f60
Event: 5.458 Thread 0x00007ff2342ce800 DEOPT UNPACKING pc=0x00007ff224e3e4c4 sp=0x00007ff1e71c6cd8 mode 0
Event: 5.488 Thread 0x00007ff2342ce800 DEOPT PACKING pc=0x00007ff2251687f5 sp=0x00007ff1e71c6f60
Event: 5.488 Thread 0x00007ff2342ce800 DEOPT UNPACKING pc=0x00007ff224e3e4c4 sp=0x00007ff1e71c6cd8 mode 0
Event: 6.007 Executing VM operation: ParallelGCFailedAllocation


Dynamic libraries:
00400000-00401000 r-xp 00000000 08:01 2628545                            /usr/lib/jvm/java-8-openjdk-amd64/jre/bin/java
00600000-00601000 r--p 00000000 08:01 2628545                            /usr/lib/jvm/java-8-openjdk-amd64/jre/bin/java
00601000-00602000 rw-p 00001000 08:01 2628545                            /usr/lib/jvm/java-8-openjdk-amd64/jre/bin/java
006a7000-006c8000 rw-p 00000000 00:00 0                                  [heap]
85200000-8a500000 rw-p 00000000 00:00 0 
8a500000-d7100000 ---p 00000000 00:00 0 
d7100000-db900000 rw-p 00000000 00:00 0 
df700000-100000000 ---p 00000000 00:00 0 
100000000-100140000 rw-p 00000000 00:00 0 
100140000-140000000 ---p 00000000 00:00 0 
7ff1c8000000-7ff1c8047000 rw-p 00000000 00:00 0 
7ff1c8047000-7ff1cc000000 ---p 00000000 00:00 0 
7ff1ccfff000-7ff1d0000000 rw-p 00000000 00:00 0 
7ff1d0000000-7ff1d00be000 rw-p 00000000 00:00 0 
7ff1d00be000-7ff1d4000000 ---p 00000000 00:00 0 
7ff1d4000000-7ff1d4053000 rw-p 00000000 00:00 0 
7ff1d4053000-7ff1d8000000 ---p 00000000 00:00 0 
7ff1d8000000-7ff1d8021000 rw-p 00000000 00:00 0 
7ff1d8021000-7ff1dc000000 ---p 00000000 00:00 0 
7ff1dc000000-7ff1dc021000 rw-p 00000000 00:00 0 
7ff1dc021000-7ff1e0000000 ---p 00000000 00:00 0 
7ff1e0000000-7ff1e0021000 rw-p 00000000 00:00 0 
7ff1e0021000-7ff1e4000000 ---p 00000000 00:00 0 
7ff1e5a15000-7ff1e5d8e000 rw-s 00000000 00:05 46399552                   /SYSV00000000 (deleted)
7ff1e6538000-7ff1e6549000 r-xp 00000000 08:01 2634119                    /usr/lib/jvm/java-8-openjdk-amd64/jre/lib/amd64/libnio.so
7ff1e6549000-7ff1e6749000 ---p 00011000 08:01 2634119                    /usr/lib/jvm/java-8-openjdk-amd64/jre/lib/amd64/libnio.so
7ff1e6749000-7ff1e674a000 r--p 00011000 08:01 2634119                    /usr/lib/jvm/java-8-openjdk-amd64/jre/lib/amd64/libnio.so
7ff1e674a000-7ff1e674b000 rw-p 00012000 08:01 2634119                    /usr/lib/jvm/java-8-openjdk-amd64/jre/lib/amd64/libnio.so
7ff1e674b000-7ff1e6761000 r-xp 00000000 08:01 2634113                    /usr/lib/jvm/java-8-openjdk-amd64/jre/lib/amd64/libnet.so
7ff1e6761000-7ff1e6961000 ---p 00016000 08:01 2634113                    /usr/lib/jvm/java-8-openjdk-amd64/jre/lib/amd64/libnet.so
7ff1e6961000-7ff1e6962000 r--p 00016000 08:01 2634113                    /usr/lib/jvm/java-8-openjdk-amd64/jre/lib/amd64/libnet.so
7ff1e6962000-7ff1e6963000 rw-p 00017000 08:01 2634113                    /usr/lib/jvm/java-8-openjdk-amd64/jre/lib/amd64/libnet.so
7ff1e6963000-7ff1e6966000 ---p 00000000 00:00 0 
7ff1e6966000-7ff1e6c24000 rw-p 00000000 00:00 0 
7ff1e6c24000-7ff1e6c64000 ---p 00000000 00:00 0 
7ff1e6c64000-7ff1e6cbb000 r-xp 00000000 08:01 2504050                    /usr/lib/x86_64-linux-gnu/libjpeg.so.8.0.2
7ff1e6cbb000-7ff1e6ebb000 ---p 00057000 08:01 2504050                    /usr/lib/x86_64-linux-gnu/libjpeg.so.8.0.2
7ff1e6ebb000-7ff1e6ebc000 r--p 00057000 08:01 2504050                    /usr/lib/x86_64-linux-gnu/libjpeg.so.8.0.2
7ff1e6ebc000-7ff1e6ebd000 rw-p 00058000 08:01 2504050                    /usr/lib/x86_64-linux-gnu/libjpeg.so.8.0.2
7ff1e6ebd000-7ff1e6ec7000 r-xp 00000000 08:01 2634117                    /usr/lib/jvm/java-8-openjdk-amd64/jre/lib/amd64/libjavajpeg.so
7ff1e6ec7000-7ff1e70c6000 ---p 0000a000 08:01 2634117                    /usr/lib/jvm/java-8-openjdk-amd64/jre/lib/amd64/libjavajpeg.so
7ff1e70c6000-7ff1e70c7000 r--p 00009000 08:01 2634117                    /usr/lib/jvm/java-8-openjdk-amd64/jre/lib/amd64/libjavajpeg.so
7ff1e70c7000-7ff1e70c8000 rw-p 0000a000 08:01 2634117                    /usr/lib/jvm/java-8-openjdk-amd64/jre/lib/amd64/libjavajpeg.so
7ff1e70c8000-7ff1e70cb000 ---p 00000000 00:00 0 
7ff1e70cb000-7ff1e71c9000 rw-p 00000000 00:00 0 
7ff1e71c9000-7ff1e71cc000 ---p 00000000 00:00 0 
7ff1e71cc000-7ff1e72ca000 rw-p 00000000 00:00 0 
7ff1e72ca000-7ff1e72cd000 ---p 00000000 00:00 0 
7ff1e72cd000-7ff1e73cb000 rw-p 00000000 00:00 0 
7ff1e73cb000-7ff1e73ce000 ---p 00000000 00:00 0 
7ff1e73ce000-7ff1e74cc000 rw-p 00000000 00:00 0 
7ff1e74cc000-7ff1e74d1000 r-xp 00000000 08:01 2503313                    /usr/lib/x86_64-linux-gnu/libXfixes.so.3.1.0
7ff1e74d1000-7ff1e76d0000 ---p 00005000 08:01 2503313                    /usr/lib/x86_64-linux-gnu/libXfixes.so.3.1.0
7ff1e76d0000-7ff1e76d1000 r--p 00004000 08:01 2503313                    /usr/lib/x86_64-linux-gnu/libXfixes.so.3.1.0
7ff1e76d1000-7ff1e76d2000 rw-p 00005000 08:01 2503313                    /usr/lib/x86_64-linux-gnu/libXfixes.so.3.1.0
7ff1e76d2000-7ff1e76db000 r-xp 00000000 08:01 2500771                    /usr/lib/x86_64-linux-gnu/libXcursor.so.1.0.2
7ff1e76db000-7ff1e78da000 ---p 00009000 08:01 2500771                    /usr/lib/x86_64-linux-gnu/libXcursor.so.1.0.2
7ff1e78da000-7ff1e78db000 r--p 00008000 08:01 2500771                    /usr/lib/x86_64-linux-gnu/libXcursor.so.1.0.2
7ff1e78db000-7ff1e78dc000 rw-p 00009000 08:01 2500771                    /usr/lib/x86_64-linux-gnu/libXcursor.so.1.0.2
7ff1e78dc000-7ff1e7900000 r-xp 00000000 08:01 792690                     /lib/x86_64-linux-gnu/libpng12.so.0.54.0
7ff1e7900000-7ff1e7aff000 ---p 00024000 08:01 792690                     /lib/x86_64-linux-gnu/libpng12.so.0.54.0
7ff1e7aff000-7ff1e7b00000 r--p 00023000 08:01 792690                     /lib/x86_64-linux-gnu/libpng12.so.0.54.0
7ff1e7b00000-7ff1e7b01000 rw-p 00024000 08:01 792690                     /lib/x86_64-linux-gnu/libpng12.so.0.54.0
7ff1e7b01000-7ff1e7ba5000 r-xp 00000000 08:01 2503736                    /usr/lib/x86_64-linux-gnu/libfreetype.so.6.12.1
7ff1e7ba5000-7ff1e7da4000 ---p 000a4000 08:01 2503736                    /usr/lib/x86_64-linux-gnu/libfreetype.so.6.12.1
7ff1e7da4000-7ff1e7daa000 r--p 000a3000 08:01 2503736                    /usr/lib/x86_64-linux-gnu/libfreetype.so.6.12.1
7ff1e7daa000-7ff1e7dab000 rw-p 000a9000 08:01 2503736                    /usr/lib/x86_64-linux-gnu/libfreetype.so.6.12.1
7ff1e7dab000-7ff1e7dfd000 r-xp 00000000 08:01 2628551                    /usr/lib/jvm/java-8-openjdk-amd64/jre/lib/amd64/libfontmanager.so
7ff1e7dfd000-7ff1e7ffd000 ---p 00052000 08:01 2628551                    /usr/lib/jvm/java-8-openjdk-amd64/jre/lib/amd64/libfontmanager.so
7ff1e7ffd000-7ff1e7fff000 r--p 00052000 08:01 2628551                    /usr/lib/jvm/java-8-openjdk-amd64/jre/lib/amd64/libfontmanager.so
7ff1e7fff000-7ff1e8000000 rw-p 00054000 08:01 2628551                    /usr/lib/jvm/java-8-openjdk-amd64/jre/lib/amd64/libfontmanager.so
7ff1e8000000-7ff1e8021000 rw-p 00000000 00:00 0 
7ff1e8021000-7ff1ec000000 ---p 00000000 00:00 0 
7ff1ec000000-7ff1ec021000 rw-p 00000000 00:00 0 
7ff1ec021000-7ff1f0000000 ---p 00000000 00:00 0 
7ff1f0000000-7ff1f0290000 rw-p 00000000 00:00 0 
7ff1f0290000-7ff1f4000000 ---p 00000000 00:00 0 
7ff1f4000000-7ff1f43d2000 rw-p 00000000 00:00 0 
7ff1f43d2000-7ff1f8000000 ---p 00000000 00:00 0 
7ff1f8000000-7ff1f8021000 rw-p 00000000 00:00 0 
7ff1f8021000-7ff1fc000000 ---p 00000000 00:00 0 
7ff1fc000000-7ff1fc742000 rw-p 00000000 00:00 0 
7ff1fc742000-7ff200000000 ---p 00000000 00:00 0 
7ff200000000-7ff200021000 rw-p 00000000 00:00 0 
7ff200021000-7ff204000000 ---p 00000000 00:00 0 
7ff204000000-7ff204021000 rw-p 00000000 00:00 0 
7ff204021000-7ff208000000 ---p 00000000 00:00 0 
7ff208000000-7ff208021000 rw-p 00000000 00:00 0 
7ff208021000-7ff20c000000 ---p 00000000 00:00 0 
7ff20c000000-7ff20c04f000 rw-p 00000000 00:00 0 
7ff20c04f000-7ff210000000 ---p 00000000 00:00 0 
7ff210000000-7ff210021000 rw-p 00000000 00:00 0 
7ff210021000-7ff214000000 ---p 00000000 00:00 0 
7ff214000000-7ff214021000 rw-p 00000000 00:00 0 
7ff214021000-7ff218000000 ---p 00000000 00:00 0 
7ff21802b000-7ff218036000 r--s 00000000 08:01 9850008                    /var/cache/fontconfig/945677eb7aeaf62f1d50efc3fb3ec7d8-le64.cache-6
7ff218036000-7ff21803c000 r--s 00000000 08:01 9849990                    /var/cache/fontconfig/2cd17615ca594fa2959ae173292e504c-le64.cache-6
7ff21803c000-7ff21803d000 r--s 00000000 08:01 9849987                    /var/cache/fontconfig/0d8c3b2ac0904cb8a57a757ad11a4a08-le64.cache-6
7ff21803d000-7ff218052000 r--s 00000000 08:01 9849984                    /var/cache/fontconfig/04aabc0a78ac019cf9454389977116d2-le64.cache-6
7ff218052000-7ff218056000 r--s 00000000 08:01 9849994                    /var/cache/fontconfig/385c0604a188198f04d133e54aba7fe7-le64.cache-6
7ff218056000-7ff21805b000 r--s 00000000 08:01 9850007                    /var/cache/fontconfig/8801497958630a81b71ace7c5f9b32a8-le64.cache-6
7ff21805b000-7ff218062000 r--s 00000000 08:01 9849991                    /var/cache/fontconfig/3047814df9a2f067bd2d96a2b9c36e5a-le64.cache-6
7ff218062000-7ff218068000 r--s 00000000 08:01 9850012                    /var/cache/fontconfig/b47c4e1ecd0709278f4910c18777a504-le64.cache-6
7ff218068000-7ff21807b000 r--s 00000000 08:01 9850018                    /var/cache/fontconfig/d52a8644073d54c13679302ca1180695-le64.cache-6
7ff21807b000-7ff218086000 r--s 00000000 08:01 9852800                    /var/cache/fontconfig/d589a48862398ed80a3d6066f4f56f4c-le64.cache-6
7ff218086000-7ff218091000 r--s 00000000 08:01 9850006                    /var/cache/fontconfig/83bf95040141907cd45bb53cf7c1c148-le64.cache-6
7ff218091000-7ff2180a3000 r--s 00000000 08:01 9850010                    /var/cache/fontconfig/9b89f8e3dae116d678bbf48e5f21f69b-le64.cache-6
7ff2180a3000-7ff2180a6000 ---p 00000000 00:00 0 
7ff2180a6000-7ff2181a4000 rw-p 00000000 00:00 0 
7ff2181a4000-7ff2181a9000 r-xp 00000000 08:01 2503309                    /usr/lib/x86_64-linux-gnu/libXdmcp.so.6.0.0
7ff2181a9000-7ff2183a8000 ---p 00005000 08:01 2503309                    /usr/lib/x86_64-linux-gnu/libXdmcp.so.6.0.0
7ff2183a8000-7ff2183a9000 r--p 00004000 08:01 2503309                    /usr/lib/x86_64-linux-gnu/libXdmcp.so.6.0.0
7ff2183a9000-7ff2183aa000 rw-p 00005000 08:01 2503309                    /usr/lib/x86_64-linux-gnu/libXdmcp.so.6.0.0
7ff2183aa000-7ff2183ac000 r-xp 00000000 08:01 2503298                    /usr/lib/x86_64-linux-gnu/libXau.so.6.0.0
7ff2183ac000-7ff2185ac000 ---p 00002000 08:01 2503298                    /usr/lib/x86_64-linux-gnu/libXau.so.6.0.0
7ff2185ac000-7ff2185ad000 r--p 00002000 08:01 2503298                    /usr/lib/x86_64-linux-gnu/libXau.so.6.0.0
7ff2185ad000-7ff2185ae000 rw-p 00003000 08:01 2503298                    /usr/lib/x86_64-linux-gnu/libXau.so.6.0.0
7ff2185ae000-7ff2185cf000 r-xp 00000000 08:01 2504716                    /usr/lib/x86_64-linux-gnu/libxcb.so.1.1.0
7ff2185cf000-7ff2187ce000 ---p 00021000 08:01 2504716                    /usr/lib/x86_64-linux-gnu/libxcb.so.1.1.0
7ff2187ce000-7ff2187cf000 r--p 00020000 08:01 2504716                    /usr/lib/x86_64-linux-gnu/libxcb.so.1.1.0
7ff2187cf000-7ff2187d0000 rw-p 00021000 08:01 2504716                    /usr/lib/x86_64-linux-gnu/libxcb.so.1.1.0
7ff2187d0000-7ff2187df000 r-xp 00000000 08:01 2503321                    /usr/lib/x86_64-linux-gnu/libXi.so.6.1.0
7ff2187df000-7ff2189de000 ---p 0000f000 08:01 2503321                    /usr/lib/x86_64-linux-gnu/libXi.so.6.1.0
7ff2189de000-7ff2189df000 r--p 0000e000 08:01 2503321                    /usr/lib/x86_64-linux-gnu/libXi.so.6.1.0
7ff2189df000-7ff2189e0000 rw-p 0000f000 08:01 2503321                    /usr/lib/x86_64-linux-gnu/libXi.so.6.1.0
7ff2189e0000-7ff2189e5000 r-xp 00000000 08:01 2503339                    /usr/lib/x86_64-linux-gnu/libXtst.so.6.1.0
7ff2189e5000-7ff218be4000 ---p 00005000 08:01 2503339                    /usr/lib/x86_64-linux-gnu/libXtst.so.6.1.0
7ff218be4000-7ff218be5000 r--p 00004000 08:01 2503339                    /usr/lib/x86_64-linux-gnu/libXtst.so.6.1.0
7ff218be5000-7ff218be6000 rw-p 00005000 08:01 2503339                    /usr/lib/x86_64-linux-gnu/libXtst.so.6.1.0
7ff218be6000-7ff218bef000 r-xp 00000000 08:01 2503333                    /usr/lib/x86_64-linux-gnu/libXrender.so.1.3.0
7ff218bef000-7ff218dee000 ---p 00009000 08:01 2503333                    /usr/lib/x86_64-linux-gnu/libXrender.so.1.3.0
7ff218dee000-7ff218def000 r--p 00008000 08:01 2503333                    /usr/lib/x86_64-linux-gnu/libXrender.so.1.3.0
7ff218def000-7ff218df0000 rw-p 00009000 08:01 2503333                    /usr/lib/x86_64-linux-gnu/libXrender.so.1.3.0
7ff218df0000-7ff218f25000 r-xp 00000000 08:01 2503294                    /usr/lib/x86_64-linux-gnu/libX11.so.6.3.0
7ff218f25000-7ff219125000 ---p 00135000 08:01 2503294                    /usr/lib/x86_64-linux-gnu/libX11.so.6.3.0
7ff219125000-7ff219126000 r--p 00135000 08:01 2503294                    /usr/lib/x86_64-linux-gnu/libX11.so.6.3.0
7ff219126000-7ff21912a000 rw-p 00136000 08:01 2503294                    /usr/lib/x86_64-linux-gnu/libX11.so.6.3.0
7ff21912a000-7ff21913b000 r-xp 00000000 08:01 2503311                    /usr/lib/x86_64-linux-gnu/libXext.so.6.4.0
7ff21913b000-7ff21933a000 ---p 00011000 08:01 2503311                    /usr/lib/x86_64-linux-gnu/libXext.so.6.4.0
7ff21933a000-7ff21933b000 r--p 00010000 08:01 2503311                    /usr/lib/x86_64-linux-gnu/libXext.so.6.4.0
7ff21933b000-7ff21933c000 rw-p 00011000 08:01 2503311                    /usr/lib/x86_64-linux-gnu/libXext.so.6.4.0
7ff21933c000-7ff21933d000 r--s 00000000 08:01 9849989                    /var/cache/fontconfig/1ac9eb803944fde146138c791f5cc56a-le64.cache-6
7ff219355000-7ff2193aa000 r-xp 00000000 08:01 2628581                    /usr/lib/jvm/java-8-openjdk-amd64/jre/lib/amd64/libawt_xawt.so
7ff2193aa000-7ff2195a9000 ---p 00055000 08:01 2628581                    /usr/lib/jvm/java-8-openjdk-amd64/jre/lib/amd64/libawt_xawt.so
7ff2195a9000-7ff2195aa000 r--p 00054000 08:01 2628581                    /usr/lib/jvm/java-8-openjdk-amd64/jre/lib/amd64/libawt_xawt.so
7ff2195aa000-7ff2195ad000 rw-p 00055000 08:01 2628581                    /usr/lib/jvm/java-8-openjdk-amd64/jre/lib/amd64/libawt_xawt.so
7ff2195ad000-7ff2195ae000 rw-p 00000000 00:00 0 
7ff2195ae000-7ff21964e000 r-xp 00000000 08:01 2628577                    /usr/lib/jvm/java-8-openjdk-amd64/jre/lib/amd64/libawt.so
7ff21964e000-7ff21984e000 ---p 000a0000 08:01 2628577                    /usr/lib/jvm/java-8-openjdk-amd64/jre/lib/amd64/libawt.so
7ff21984e000-7ff21984f000 r--p 000a0000 08:01 2628577                    /usr/lib/jvm/java-8-openjdk-amd64/jre/lib/amd64/libawt.so
7ff21984f000-7ff21985a000 rw-p 000a1000 08:01 2628577                    /usr/lib/jvm/java-8-openjdk-amd64/jre/lib/amd64/libawt.so
7ff21985a000-7ff21987f000 rw-p 00000000 00:00 0 
7ff21987f000-7ff21989a000 r--s 001d6000 08:01 2500955                    /usr/lib/jvm/java-8-openjdk-amd64/jre/lib/ext/nashorn.jar
7ff21989a000-7ff2198b5000 r--s 00394000 08:01 2500952                    /usr/lib/jvm/java-8-openjdk-amd64/jre/lib/ext/cldrdata.jar
7ff2198b5000-7ff2198b6000 ---p 00000000 00:00 0 
7ff2198b6000-7ff2199b6000 rw-p 00000000 00:00 0 
7ff2199b6000-7ff2199b9000 ---p 00000000 00:00 0 
7ff2199b9000-7ff219ab7000 rw-p 00000000 00:00 0 
7ff219ab7000-7ff219aba000 ---p 00000000 00:00 0 
7ff219aba000-7ff219bb8000 rw-p 00000000 00:00 0 
7ff219bb8000-7ff219bbb000 ---p 00000000 00:00 0 
7ff219bbb000-7ff219cb9000 rw-p 00000000 00:00 0 
7ff219cb9000-7ff219cbc000 ---p 00000000 00:00 0 
7ff219cbc000-7ff219dba000 rw-p 00000000 00:00 0 
7ff219dba000-7ff219dbd000 ---p 00000000 00:00 0 
7ff219dbd000-7ff219ebb000 rw-p 00000000 00:00 0 
7ff219ebb000-7ff21a193000 r--p 00000000 08:01 2503823                    /usr/lib/locale/locale-archive
7ff21a193000-7ff21a196000 ---p 00000000 00:00 0 
7ff21a196000-7ff21a294000 rw-p 00000000 00:00 0 
7ff21a294000-7ff21a297000 ---p 00000000 00:00 0 
7ff21a297000-7ff21a395000 rw-p 00000000 00:00 0 
7ff21a395000-7ff21a396000 ---p 00000000 00:00 0 
7ff21a396000-7ff21c000000 rw-p 00000000 00:00 0 
7ff21c000000-7ff21c021000 rw-p 00000000 00:00 0 
7ff21c021000-7ff220000000 ---p 00000000 00:00 0 
7ff220000000-7ff220003000 r--s 00000000 08:01 9850004                    /var/cache/fontconfig/767a8244fc0220cfb567a839d0392e0b-le64.cache-6
7ff220003000-7ff220016000 r--s 00346000 08:01 2500963                    /usr/lib/jvm/java-8-openjdk-amd64/jre/lib/resources.jar
7ff220016000-7ff2201e5000 r--s 03c2f000 08:01 2500977                    /usr/lib/jvm/java-8-openjdk-amd64/jre/lib/rt.jar
7ff2201e5000-7ff223fcb000 rw-p 00000000 00:00 0 
7ff223fcb000-7ff223fcc000 ---p 00000000 00:00 0 
7ff223fcc000-7ff2240cc000 rw-p 00000000 00:00 0 
7ff2240cc000-7ff2240cd000 ---p 00000000 00:00 0 
7ff2240cd000-7ff2241cd000 rw-p 00000000 00:00 0 
7ff2241cd000-7ff2241ce000 ---p 00000000 00:00 0 
7ff2241ce000-7ff2242ce000 rw-p 00000000 00:00 0 
7ff2242ce000-7ff2242cf000 ---p 00000000 00:00 0 
7ff2242cf000-7ff2243f9000 rw-p 00000000 00:00 0 
7ff2243f9000-7ff22465f000 ---p 00000000 00:00 0 
7ff22465f000-7ff224689000 rw-p 00000000 00:00 0 
7ff224689000-7ff2248ee000 ---p 00000000 00:00 0 
7ff2248ee000-7ff224913000 rw-p 00000000 00:00 0 
7ff224913000-7ff224a36000 ---p 00000000 00:00 0 
7ff224a36000-7ff224a47000 rw-p 00000000 00:00 0 
7ff224a47000-7ff224df7000 ---p 00000000 00:00 0 
7ff224df7000-7ff2251d7000 rwxp 00000000 00:00 0 
7ff2251d7000-7ff233df7000 ---p 00000000 00:00 0 
7ff233df7000-7ff233dff000 r-xp 00000000 08:01 2629406                    /usr/lib/jvm/java-8-openjdk-amd64/jre/lib/amd64/libzip.so
7ff233dff000-7ff233ffe000 ---p 00008000 08:01 2629406                    /usr/lib/jvm/java-8-openjdk-amd64/jre/lib/amd64/libzip.so
7ff233ffe000-7ff233fff000 r--p 00007000 08:01 2629406                    /usr/lib/jvm/java-8-openjdk-amd64/jre/lib/amd64/libzip.so
7ff233fff000-7ff234000000 rw-p 00008000 08:01 2629406                    /usr/lib/jvm/java-8-openjdk-amd64/jre/lib/amd64/libzip.so
7ff234000000-7ff2342d1000 rw-p 00000000 00:00 0 
7ff2342d1000-7ff238000000 ---p 00000000 00:00 0 
7ff238000000-7ff238001000 r--s 00000000 08:01 9850021                    /var/cache/fontconfig/dc05db6664285cc2f12bf69c139ae4c3-le64.cache-6
7ff238001000-7ff238002000 r--s 00000000 08:01 9850133                    /var/cache/fontconfig/4794a0821666d79190d59a36cb4f44b5-le64.cache-6
7ff238002000-7ff238003000 r--s 00000000 08:01 9850014                    /var/cache/fontconfig/bab58bb527bb656aaa9f116d68a48d89-le64.cache-6
7ff238003000-7ff238004000 r--s 00000000 08:01 9849998                    /var/cache/fontconfig/56cf4f4769d0f4abc89a4895d7bd3ae1-le64.cache-6
7ff238004000-7ff238005000 r--s 00000000 08:01 9850013                    /var/cache/fontconfig/b9d506c9ac06c20b433354fa67a72993-le64.cache-6
7ff238005000-7ff238006000 r--s 00000000 08:01 9849997                    /var/cache/fontconfig/551ecf3b0e8b0bca0f25c0944f561853-le64.cache-6
7ff238006000-7ff238009000 r--s 00000000 08:01 9850003                    /var/cache/fontconfig/75114ca45c98e8a441da0ff356701271-le64.cache-6
7ff238009000-7ff23800c000 r--s 00000000 08:01 9850022                    /var/cache/fontconfig/e13b20fdb08344e0e664864cc2ede53d-le64.cache-6
7ff23800c000-7ff238010000 r--s 00000000 08:01 9850015                    /var/cache/fontconfig/7ef2298fde41cc6eeb7af42e48b7d293-le64.cache-6
7ff238010000-7ff23805e000 rw-p 00000000 00:00 0 
7ff23805e000-7ff238069000 r-xp 00000000 08:01 788064                     /lib/x86_64-linux-gnu/libnss_files-2.23.so
7ff238069000-7ff238268000 ---p 0000b000 08:01 788064                     /lib/x86_64-linux-gnu/libnss_files-2.23.so
7ff238268000-7ff238269000 r--p 0000a000 08:01 788064                     /lib/x86_64-linux-gnu/libnss_files-2.23.so
7ff238269000-7ff23826a000 rw-p 0000b000 08:01 788064                     /lib/x86_64-linux-gnu/libnss_files-2.23.so
7ff23826a000-7ff238270000 rw-p 00000000 00:00 0 
7ff238270000-7ff23827b000 r-xp 00000000 08:01 792566                     /lib/x86_64-linux-gnu/libnss_nis-2.23.so
7ff23827b000-7ff23847a000 ---p 0000b000 08:01 792566                     /lib/x86_64-linux-gnu/libnss_nis-2.23.so
7ff23847a000-7ff23847b000 r--p 0000a000 08:01 792566                     /lib/x86_64-linux-gnu/libnss_nis-2.23.so
7ff23847b000-7ff23847c000 rw-p 0000b000 08:01 792566                     /lib/x86_64-linux-gnu/libnss_nis-2.23.so
7ff23847c000-7ff238492000 r-xp 00000000 08:01 787982                     /lib/x86_64-linux-gnu/libnsl-2.23.so
7ff238492000-7ff238691000 ---p 00016000 08:01 787982                     /lib/x86_64-linux-gnu/libnsl-2.23.so
7ff238691000-7ff238692000 r--p 00015000 08:01 787982                     /lib/x86_64-linux-gnu/libnsl-2.23.so
7ff238692000-7ff238693000 rw-p 00016000 08:01 787982                     /lib/x86_64-linux-gnu/libnsl-2.23.so
7ff238693000-7ff238695000 rw-p 00000000 00:00 0 
7ff238695000-7ff23869d000 r-xp 00000000 08:01 788059                     /lib/x86_64-linux-gnu/libnss_compat-2.23.so
7ff23869d000-7ff23889c000 ---p 00008000 08:01 788059                     /lib/x86_64-linux-gnu/libnss_compat-2.23.so
7ff23889c000-7ff23889d000 r--p 00007000 08:01 788059                     /lib/x86_64-linux-gnu/libnss_compat-2.23.so
7ff23889d000-7ff23889e000 rw-p 00008000 08:01 788059                     /lib/x86_64-linux-gnu/libnss_compat-2.23.so
7ff23889e000-7ff2388cb000 r-xp 00000000 08:01 2629397                    /usr/lib/jvm/java-8-openjdk-amd64/jre/lib/amd64/libjava.so
7ff2388cb000-7ff238aca000 ---p 0002d000 08:01 2629397                    /usr/lib/jvm/java-8-openjdk-amd64/jre/lib/amd64/libjava.so
7ff238aca000-7ff238acb000 r--p 0002c000 08:01 2629397                    /usr/lib/jvm/java-8-openjdk-amd64/jre/lib/amd64/libjava.so
7ff238acb000-7ff238acd000 rw-p 0002d000 08:01 2629397                    /usr/lib/jvm/java-8-openjdk-amd64/jre/lib/amd64/libjava.so
7ff238acd000-7ff238adc000 r-xp 00000000 08:01 2628546                    /usr/lib/jvm/java-8-openjdk-amd64/jre/lib/amd64/libverify.so
7ff238adc000-7ff238cdb000 ---p 0000f000 08:01 2628546                    /usr/lib/jvm/java-8-openjdk-amd64/jre/lib/amd64/libverify.so
7ff238cdb000-7ff238cdd000 r--p 0000e000 08:01 2628546                    /usr/lib/jvm/java-8-openjdk-amd64/jre/lib/amd64/libverify.so
7ff238cdd000-7ff238cde000 rw-p 00010000 08:01 2628546                    /usr/lib/jvm/java-8-openjdk-amd64/jre/lib/amd64/libverify.so
7ff238cde000-7ff238ce5000 r-xp 00000000 08:01 792567                     /lib/x86_64-linux-gnu/librt-2.23.so
7ff238ce5000-7ff238ee4000 ---p 00007000 08:01 792567                     /lib/x86_64-linux-gnu/librt-2.23.so
7ff238ee4000-7ff238ee5000 r--p 00006000 08:01 792567                     /lib/x86_64-linux-gnu/librt-2.23.so
7ff238ee5000-7ff238ee6000 rw-p 00007000 08:01 792567                     /lib/x86_64-linux-gnu/librt-2.23.so
7ff238ee6000-7ff238efc000 r-xp 00000000 08:01 792587                     /lib/x86_64-linux-gnu/libgcc_s.so.1
7ff238efc000-7ff2390fb000 ---p 00016000 08:01 792587                     /lib/x86_64-linux-gnu/libgcc_s.so.1
7ff2390fb000-7ff2390fc000 rw-p 00015000 08:01 792587                     /lib/x86_64-linux-gnu/libgcc_s.so.1
7ff2390fc000-7ff239204000 r-xp 00000000 08:01 787973                     /lib/x86_64-linux-gnu/libm-2.23.so
7ff239204000-7ff239403000 ---p 00108000 08:01 787973                     /lib/x86_64-linux-gnu/libm-2.23.so
7ff239403000-7ff239404000 r--p 00107000 08:01 787973                     /lib/x86_64-linux-gnu/libm-2.23.so
7ff239404000-7ff239405000 rw-p 00108000 08:01 787973                     /lib/x86_64-linux-gnu/libm-2.23.so
7ff239405000-7ff239577000 r-xp 00000000 08:01 2495631                    /usr/lib/x86_64-linux-gnu/libstdc++.so.6.0.21
7ff239577000-7ff239777000 ---p 00172000 08:01 2495631                    /usr/lib/x86_64-linux-gnu/libstdc++.so.6.0.21
7ff239777000-7ff239781000 r--p 00172000 08:01 2495631                    /usr/lib/x86_64-linux-gnu/libstdc++.so.6.0.21
7ff239781000-7ff239783000 rw-p 0017c000 08:01 2495631                    /usr/lib/x86_64-linux-gnu/libstdc++.so.6.0.21
7ff239783000-7ff239787000 rw-p 00000000 00:00 0 
7ff239787000-7ff23a3e0000 r-xp 00000000 08:01 2634111                    /usr/lib/jvm/java-8-openjdk-amd64/jre/lib/amd64/server/libjvm.so
7ff23a3e0000-7ff23a5e0000 ---p 00c59000 08:01 2634111                    /usr/lib/jvm/java-8-openjdk-amd64/jre/lib/amd64/server/libjvm.so
7ff23a5e0000-7ff23a673000 r--p 00c59000 08:01 2634111                    /usr/lib/jvm/java-8-openjdk-amd64/jre/lib/amd64/server/libjvm.so
7ff23a673000-7ff23a69c000 rw-p 00cec000 08:01 2634111                    /usr/lib/jvm/java-8-openjdk-amd64/jre/lib/amd64/server/libjvm.so
7ff23a69c000-7ff23a6cc000 rw-p 00000000 00:00 0 
7ff23a6cc000-7ff23a6e4000 r-xp 00000000 08:01 787993                     /lib/x86_64-linux-gnu/libpthread-2.23.so
7ff23a6e4000-7ff23a8e3000 ---p 00018000 08:01 787993                     /lib/x86_64-linux-gnu/libpthread-2.23.so
7ff23a8e3000-7ff23a8e4000 r--p 00017000 08:01 787993                     /lib/x86_64-linux-gnu/libpthread-2.23.so
7ff23a8e4000-7ff23a8e5000 rw-p 00018000 08:01 787993                     /lib/x86_64-linux-gnu/libpthread-2.23.so
7ff23a8e5000-7ff23a8e9000 rw-p 00000000 00:00 0 
7ff23a8e9000-7ff23a8ec000 r-xp 00000000 08:01 788053                     /lib/x86_64-linux-gnu/libdl-2.23.so
7ff23a8ec000-7ff23aaeb000 ---p 00003000 08:01 788053                     /lib/x86_64-linux-gnu/libdl-2.23.so
7ff23aaeb000-7ff23aaec000 r--p 00002000 08:01 788053                     /lib/x86_64-linux-gnu/libdl-2.23.so
7ff23aaec000-7ff23aaed000 rw-p 00003000 08:01 788053                     /lib/x86_64-linux-gnu/libdl-2.23.so
7ff23aaed000-7ff23ab06000 r-xp 00000000 08:01 792740                     /lib/x86_64-linux-gnu/libz.so.1.2.8
7ff23ab06000-7ff23ad05000 ---p 00019000 08:01 792740                     /lib/x86_64-linux-gnu/libz.so.1.2.8
7ff23ad05000-7ff23ad06000 r--p 00018000 08:01 792740                     /lib/x86_64-linux-gnu/libz.so.1.2.8
7ff23ad06000-7ff23ad07000 rw-p 00019000 08:01 792740                     /lib/x86_64-linux-gnu/libz.so.1.2.8
7ff23ad07000-7ff23aec7000 r-xp 00000000 08:01 788051                     /lib/x86_64-linux-gnu/libc-2.23.so
7ff23aec7000-7ff23b0c7000 ---p 001c0000 08:01 788051                     /lib/x86_64-linux-gnu/libc-2.23.so
7ff23b0c7000-7ff23b0cb000 r--p 001c0000 08:01 788051                     /lib/x86_64-linux-gnu/libc-2.23.so
7ff23b0cb000-7ff23b0cd000 rw-p 001c4000 08:01 788051                     /lib/x86_64-linux-gnu/libc-2.23.so
7ff23b0cd000-7ff23b0d1000 rw-p 00000000 00:00 0 
7ff23b0d1000-7ff23b0de000 r-xp 00000000 08:01 2629407                    /usr/lib/jvm/java-8-openjdk-amd64/jre/lib/amd64/jli/libjli.so
7ff23b0de000-7ff23b2de000 ---p 0000d000 08:01 2629407                    /usr/lib/jvm/java-8-openjdk-amd64/jre/lib/amd64/jli/libjli.so
7ff23b2de000-7ff23b2df000 r--p 0000d000 08:01 2629407                    /usr/lib/jvm/java-8-openjdk-amd64/jre/lib/amd64/jli/libjli.so
7ff23b2df000-7ff23b2e0000 rw-p 0000e000 08:01 2629407                    /usr/lib/jvm/java-8-openjdk-amd64/jre/lib/amd64/jli/libjli.so
7ff23b2e0000-7ff23b306000 r-xp 00000000 08:01 787985                     /lib/x86_64-linux-gnu/ld-2.23.so
7ff23b306000-7ff23b307000 r--s 00000000 08:01 9849992                    /var/cache/fontconfig/30829fa25452a46451e813d634d7f916-le64.cache-6
7ff23b307000-7ff23b308000 r--s 00000000 08:01 9849986                    /var/cache/fontconfig/0c9eb80ebd1c36541ebe2852d3bb0c49-le64.cache-6
7ff23b308000-7ff23b309000 r--s 00000000 08:01 8676885                    /home/ainley/.cache/fontconfig/52ceec4e06308fc5a368211192b70366-le64.cache-6
7ff23b309000-7ff23b30e000 r--s 002f9000 08:01 2500944                    /usr/lib/jvm/java-8-openjdk-amd64/jre/lib/charsets.jar
7ff23b30e000-7ff23b311000 r--s 0000f000 08:01 2500954                    /usr/lib/jvm/java-8-openjdk-amd64/jre/lib/ext/icedtea-sound.jar
7ff23b311000-7ff23b31b000 r--s 00116000 08:01 2500959                    /usr/lib/jvm/java-8-openjdk-amd64/jre/lib/ext/localedata.jar
7ff23b31b000-7ff23b3e6000 rw-p 00000000 00:00 0 
7ff23b3e6000-7ff23b3e9000 ---p 00000000 00:00 0 
7ff23b3e9000-7ff23b4eb000 rw-p 00000000 00:00 0 
7ff23b4eb000-7ff23b4ec000 r--s 00010000 08:01 2500946                    /usr/lib/jvm/java-8-openjdk-amd64/jre/lib/ext/zipfs.jar
7ff23b4ec000-7ff23b4ef000 r--s 00038000 08:01 2500949                    /usr/lib/jvm/java-8-openjdk-amd64/jre/lib/ext/sunpkcs11.jar
7ff23b4ef000-7ff23b4f1000 r--s 00008000 08:01 2500945                    /usr/lib/jvm/java-8-openjdk-amd64/jre/lib/ext/sunec.jar
7ff23b4f1000-7ff23b4f7000 r--s 0003b000 08:01 2500953                    /usr/lib/jvm/java-8-openjdk-amd64/jre/lib/ext/sunjce_provider.jar
7ff23b4f7000-7ff23b4f9000 r--s 00001000 08:01 2500948                    /usr/lib/jvm/java-8-openjdk-amd64/jre/lib/ext/dnsns.jar
7ff23b4f9000-7ff23b4fa000 r--s 0000a000 08:01 2500956                    /usr/lib/jvm/java-8-openjdk-amd64/jre/lib/ext/jaccess.jar
7ff23b4fa000-7ff23b502000 rw-s 00000000 08:01 11819627                   /tmp/hsperfdata_ainley/12941
7ff23b502000-7ff23b503000 rw-p 00000000 00:00 0 
7ff23b503000-7ff23b504000 ---p 00000000 00:00 0 
7ff23b504000-7ff23b505000 rw-p 00000000 00:00 0 
7ff23b505000-7ff23b506000 r--p 00025000 08:01 787985                     /lib/x86_64-linux-gnu/ld-2.23.so
7ff23b506000-7ff23b507000 rw-p 00026000 08:01 787985                     /lib/x86_64-linux-gnu/ld-2.23.so
7ff23b507000-7ff23b508000 rw-p 00000000 00:00 0 
7ffc0f364000-7ffc0f385000 rw-p 00000000 00:00 0                          [stack]
7ffc0f38e000-7ffc0f391000 r--p 00000000 00:00 0                          [vvar]
7ffc0f391000-7ffc0f393000 r-xp 00000000 00:00 0                          [vdso]
ffffffffff600000-ffffffffff601000 r-xp 00000000 00:00 0                  [vsyscall]

VM Arguments:
jvm_args: -Dfile.encoding=UTF-8 
java_command: VivoTest
java_class_path (initial): /home/ainley/ICS3U1/VivoCulminatingGame/bin
Launcher Type: SUN_STANDARD

Environment Variables:
PATH=/home/ainley/bin:/home/ainley/.local/bin:/usr/local/sbin:/usr/local/bin:/usr/sbin:/usr/bin:/sbin:/bin:/usr/games:/usr/local/games:/snap/bin
SHELL=/bin/bash
DISPLAY=:0

Signal Handlers:
SIGSEGV: [libjvm.so+0xa6e6f0], sa_mask[0]=11111111011111111101111111111110, sa_flags=SA_RESTART|SA_SIGINFO
SIGBUS: [libjvm.so+0xa6e6f0], sa_mask[0]=11111111011111111101111111111110, sa_flags=SA_RESTART|SA_SIGINFO
SIGFPE: [libjvm.so+0x8b5d50], sa_mask[0]=11111111011111111101111111111110, sa_flags=SA_RESTART|SA_SIGINFO
SIGPIPE: [libjvm.so+0x8b5d50], sa_mask[0]=11111111011111111101111111111110, sa_flags=SA_RESTART|SA_SIGINFO
SIGXFSZ: [libjvm.so+0x8b5d50], sa_mask[0]=11111111011111111101111111111110, sa_flags=SA_RESTART|SA_SIGINFO
SIGILL: [libjvm.so+0x8b5d50], sa_mask[0]=11111111011111111101111111111110, sa_flags=SA_RESTART|SA_SIGINFO
SIGUSR1: SIG_DFL, sa_mask[0]=00000000000000000000000000000000, sa_flags=none
SIGUSR2: [libjvm.so+0x8b5c00], sa_mask[0]=00100000000000000000000000000000, sa_flags=SA_RESTART|SA_SIGINFO
SIGHUP: [libjvm.so+0x8b60d0], sa_mask[0]=11111111011111111101111111111110, sa_flags=SA_RESTART|SA_SIGINFO
SIGINT: [libjvm.so+0x8b60d0], sa_mask[0]=11111111011111111101111111111110, sa_flags=SA_RESTART|SA_SIGINFO
SIGTERM: [libjvm.so+0x8b60d0], sa_mask[0]=11111111011111111101111111111110, sa_flags=SA_RESTART|SA_SIGINFO
SIGQUIT: [libjvm.so+0x8b60d0], sa_mask[0]=11111111011111111101111111111110, sa_flags=SA_RESTART|SA_SIGINFO


---------------  S Y S T E M  ---------------

OS:DISTRIB_ID=Ubuntu
DISTRIB_RELEASE=16.04
DISTRIB_CODENAME=xenial
DISTRIB_DESCRIPTION="Ubuntu 16.04.3 LTS"

uname:Linux 4.13.0-43-generic #48~16.04.1-Ubuntu SMP Thu May 17 12:56:46 UTC 2018 x86_64
libc:glibc 2.23 NPTL 2.23 
rlimit: STACK 8192k, CORE 0k, NPROC 31225, NOFILE 1048576, AS infinity
load average:1.27 1.32 1.31

/proc/meminfo:
MemTotal:        8046724 kB
MemFree:          114332 kB
MemAvailable:      11192 kB
Buffers:             576 kB
Cached:           613020 kB
SwapCached:         2792 kB
Active:          6739364 kB
Inactive:         855336 kB
Active(anon):    6731588 kB
Inactive(anon):   841176 kB
Active(file):       7776 kB
Inactive(file):    14160 kB
Unevictable:         140 kB
Mlocked:             140 kB
SwapTotal:       8265724 kB
SwapFree:              4 kB
Dirty:               920 kB
Writeback:             0 kB
AnonPages:       6980272 kB
Mapped:           374144 kB
Shmem:            590804 kB
Slab:             117228 kB
SReclaimable:      47640 kB
SUnreclaim:        69588 kB
KernelStack:       30848 kB
PageTables:       106664 kB
NFS_Unstable:          0 kB
Bounce:                0 kB
WritebackTmp:          0 kB
CommitLimit:    12289084 kB
Committed_AS:   34224180 kB
VmallocTotal:   34359738367 kB
VmallocUsed:           0 kB
VmallocChunk:          0 kB
HardwareCorrupted:     0 kB
AnonHugePages:         0 kB
ShmemHugePages:        0 kB
ShmemPmdMapped:        0 kB
CmaTotal:              0 kB
CmaFree:               0 kB
HugePages_Total:       0
HugePages_Free:        0
HugePages_Rsvd:        0
HugePages_Surp:        0
Hugepagesize:       2048 kB
DirectMap4k:      314880 kB
DirectMap2M:     7952384 kB
DirectMap1G:     1048576 kB


CPU:total 4 (initial active 4) (2 cores per cpu, 2 threads per core) family 6 model 69 stepping 1, cmov, cx8, fxsr, mmx, sse, sse2, sse3, ssse3, sse4.1, sse4.2, popcnt, avx, avx2, aes, clmul, erms, lzcnt, ht, tsc, tscinvbit, bmi1, bmi2

/proc/cpuinfo:
processor	: 0
vendor_id	: GenuineIntel
cpu family	: 6
model		: 69
model name	: Intel(R) Core(TM) i5-4310U CPU @ 2.00GHz
stepping	: 1
microcode	: 0x23
cpu MHz		: 2693.557
cache size	: 3072 KB
physical id	: 0
siblings	: 4
core id		: 0
cpu cores	: 2
apicid		: 0
initial apicid	: 0
fpu		: yes
fpu_exception	: yes
cpuid level	: 13
wp		: yes
flags		: fpu vme de pse tsc msr pae mce cx8 apic sep mtrr pge mca cmov pat pse36 clflush dts acpi mmx fxsr sse sse2 ss ht tm pbe syscall nx pdpe1gb rdtscp lm constant_tsc arch_perfmon pebs bts rep_good nopl xtopology nonstop_tsc cpuid aperfmperf pni pclmulqdq dtes64 monitor ds_cpl vmx smx est tm2 ssse3 sdbg fma cx16 xtpr pdcm pcid sse4_1 sse4_2 x2apic movbe popcnt tsc_deadline_timer aes xsave avx f16c rdrand lahf_lm abm cpuid_fault epb invpcid_single pti retpoline spec_ctrl tpr_shadow vnmi flexpriority ept vpid fsgsbase tsc_adjust bmi1 avx2 smep bmi2 erms invpcid xsaveopt dtherm ida arat pln pts
bugs		: cpu_meltdown spectre_v1 spectre_v2 spec_store_bypass
bogomips	: 5187.60
clflush size	: 64
cache_alignment	: 64
address sizes	: 39 bits physical, 48 bits virtual
power management:

processor	: 1
vendor_id	: GenuineIntel
cpu family	: 6
model		: 69
model name	: Intel(R) Core(TM) i5-4310U CPU @ 2.00GHz
stepping	: 1
microcode	: 0x23
cpu MHz		: 2693.928
cache size	: 3072 KB
physical id	: 0
siblings	: 4
core id		: 0
cpu cores	: 2
apicid		: 1
initial apicid	: 1
fpu		: yes
fpu_exception	: yes
cpuid level	: 13
wp		: yes
flags		: fpu vme de pse tsc msr pae mce cx8 apic sep mtrr pge mca cmov pat pse36 clflush dts acpi mmx fxsr sse sse2 ss ht tm pbe syscall nx pdpe1gb rdtscp lm constant_tsc arch_perfmon pebs bts rep_good nopl xtopology nonstop_tsc cpuid aperfmperf pni pclmulqdq dtes64 monitor ds_cpl vmx smx est tm2 ssse3 sdbg fma cx16 xtpr pdcm pcid sse4_1 sse4_2 x2apic movbe popcnt tsc_deadline_timer aes xsave avx f16c rdrand lahf_lm abm cpuid_fault epb invpcid_single pti retpoline spec_ctrl tpr_shadow vnmi flexpriority ept vpid fsgsbase tsc_adjust bmi1 avx2 smep bmi2 erms invpcid xsaveopt dtherm ida arat pln pts
bugs		: cpu_meltdown spectre_v1 spectre_v2 spec_store_bypass
bogomips	: 5187.60
clflush size	: 64
cache_alignment	: 64
address sizes	: 39 bits physical, 48 bits virtual
power management:

processor	: 2
vendor_id	: GenuineIntel
cpu family	: 6
model		: 69
model name	: Intel(R) Core(TM) i5-4310U CPU @ 2.00GHz
stepping	: 1
microcode	: 0x23
cpu MHz		: 2823.230
cache size	: 3072 KB
physical id	: 0
siblings	: 4
core id		: 1
cpu cores	: 2
apicid		: 2
initial apicid	: 2
fpu		: yes
fpu_exception	: yes
cpuid level	: 13
wp		: yes
flags		: fpu vme de pse tsc msr pae mce cx8 apic sep mtrr pge mca cmov pat pse36 clflush dts acpi mmx fxsr sse sse2 ss ht tm pbe syscall nx pdpe1gb rdtscp lm constant_tsc arch_perfmon pebs bts rep_good nopl xtopology nonstop_tsc cpuid aperfmperf pni pclmulqdq dtes64 monitor ds_cpl vmx smx est tm2 ssse3 sdbg fma cx16 xtpr pdcm pcid sse4_1 sse4_2 x2apic movbe popcnt tsc_deadline_timer aes xsave avx f16c rdrand lahf_lm abm cpuid_fault epb invpcid_single pti retpoline spec_ctrl tpr_shadow vnmi flexpriority ept vpid fsgsbase tsc_adjust bmi1 avx2 smep bmi2 erms invpcid xsaveopt dtherm ida arat pln pts
bugs		: cpu_meltdown spectre_v1 spectre_v2 spec_store_bypass
bogomips	: 5187.60
clflush size	: 64
cache_alignment	: 64
address sizes	: 39 bits physical, 48 bits virtual
power management:

processor	: 3
vendor_id	: GenuineIntel
cpu family	: 6
model		: 69
model name	: Intel(R) Core(TM) i5-4310U CPU @ 2.00GHz
stepping	: 1
microcode	: 0x23
cpu MHz		: 2733.359
cache size	: 3072 KB
physical id	: 0
siblings	: 4
core id		: 1
cpu cores	: 2
apicid		: 3
initial apicid	: 3
fpu		: yes
fpu_exception	: yes
cpuid level	: 13
wp		: yes
flags		: fpu vme de pse tsc msr pae mce cx8 apic sep mtrr pge mca cmov pat pse36 clflush dts acpi mmx fxsr sse sse2 ss ht tm pbe syscall nx pdpe1gb rdtscp lm constant_tsc arch_perfmon pebs bts rep_good nopl xtopology nonstop_tsc cpuid aperfmperf pni pclmulqdq dtes64 monitor ds_cpl vmx smx est tm2 ssse3 sdbg fma cx16 xtpr pdcm pcid sse4_1 sse4_2 x2apic movbe popcnt tsc_deadline_timer aes xsave avx f16c rdrand lahf_lm abm cpuid_fault epb invpcid_single pti retpoline spec_ctrl tpr_shadow vnmi flexpriority ept vpid fsgsbase tsc_adjust bmi1 avx2 smep bmi2 erms invpcid xsaveopt dtherm ida arat pln pts
bugs		: cpu_meltdown spectre_v1 spectre_v2 spec_store_bypass
bogomips	: 5187.60
clflush size	: 64
cache_alignment	: 64
address sizes	: 39 bits physical, 48 bits virtual
power management:



Memory: 4k page, physical 8046724k(118172k free), swap 8265724k(0k free)

vm_info: OpenJDK 64-Bit Server VM (25.171-b11) for linux-amd64 JRE (1.8.0_171-8u171-b11-0ubuntu0.16.04.1-b11), built on Apr 27 2018 17:19:03 by "buildd" with gcc 5.4.0 20160609

time: Mon May 28 21:16:53 2018
elapsed time: 6 seconds (0d 0h 0m 6s)

