#
# There is insufficient memory for the Java Runtime Environment to continue.
# Native memory allocation (mmap) failed to map 65011712 bytes for committing reserved memory.
# Possible reasons:
#   The system is out of physical RAM or swap space
#   In 32 bit mode, the process size limit was hit
# Possible solutions:
#   Reduce memory load on the system
#   Increase physical memory or swap space
#   Check if swap backing store is full
#   Use 64 bit Java on a 64 bit OS
#   Decrease Java heap size (-Xmx/-Xms)
#   Decrease number of Java threads
#   Decrease Java thread stack sizes (-Xss)
#   Set larger code cache with -XX:ReservedCodeCacheSize=
# This output file may be truncated or incomplete.
#
#  Out of Memory Error (os_linux.cpp:2643), pid=12822, tid=0x00007f5a5428f700
#
# JRE version: OpenJDK Runtime Environment (8.0_171-b11) (build 1.8.0_171-8u171-b11-0ubuntu0.16.04.1-b11)
# Java VM: OpenJDK 64-Bit Server VM (25.171-b11 mixed mode linux-amd64 compressed oops)
# Failed to write core dump. Core dumps have been disabled. To enable core dumping, try "ulimit -c unlimited" before starting Java again
#

---------------  T H R E A D  ---------------

Current thread (0x00007f5a74078000):  VMThread [stack: 0x00007f5a5418f000,0x00007f5a54290000] [id=12833]

Stack: [0x00007f5a5418f000,0x00007f5a54290000],  sp=0x00007f5a5428e4c0,  free space=1021k
Native frames: (J=compiled Java code, j=interpreted, Vv=VM code, C=native code)
V  [libjvm.so+0xa6db9b]
V  [libjvm.so+0x4c694c]
V  [libjvm.so+0x8ba818]
V  [libjvm.so+0x8b4bae]
V  [libjvm.so+0x92ff96]
V  [libjvm.so+0x9312c3]
V  [libjvm.so+0x92d98b]
V  [libjvm.so+0x92dc3c]
V  [libjvm.so+0x8df553]
V  [libjvm.so+0xa6f842]
V  [libjvm.so+0xa74a07]
V  [libjvm.so+0xa72107]
V  [libjvm.so+0xa7358f]
V  [libjvm.so+0xa73a81]
V  [libjvm.so+0x8b7c22]

VM_Operation (0x00007f5a488bfda0): ParallelGCFailedAllocation, mode: safepoint, requested by thread 0x00007f5a74238800


---------------  P R O C E S S  ---------------

Java Threads: ( => current thread )
  0x00007f5a7400a800 JavaThread "DestroyJavaVM" [_thread_blocked, id=12828, stack(0x00007f5a7d2c8000,0x00007f5a7d3c9000)]
  0x00007f5a74238800 JavaThread "Image Animator 2" daemon [_thread_blocked, id=12849, stack(0x00007f5a487c1000,0x00007f5a488c2000)]
  0x00007f5a742a4800 JavaThread "Image Fetcher 3" daemon [_thread_blocked, id=12847, stack(0x00007f5a48f26000,0x00007f5a49027000)]
  0x00007f5a7429d800 JavaThread "AWT-EventQueue-0" [_thread_blocked, id=12846, stack(0x00007f5a49027000,0x00007f5a49128000)]
  0x00007f5a7429b800 JavaThread "AWT-Shutdown" [_thread_blocked, id=12845, stack(0x00007f5a49128000,0x00007f5a49229000)]
  0x00007f5a74255000 JavaThread "AWT-XAWT" daemon [_thread_blocked, id=12844, stack(0x00007f5a49229000,0x00007f5a4932a000)]
  0x00007f5a7422e800 JavaThread "Java2D Disposer" daemon [_thread_blocked, id=12843, stack(0x00007f5a4973a000,0x00007f5a4983b000)]
  0x00007f5a740c8800 JavaThread "Service Thread" daemon [_thread_blocked, id=12841, stack(0x00007f5a4b722000,0x00007f5a4b823000)]
  0x00007f5a740bd000 JavaThread "C1 CompilerThread2" daemon [_thread_blocked, id=12840, stack(0x00007f5a4b823000,0x00007f5a4b924000)]
  0x00007f5a740bb800 JavaThread "C2 CompilerThread1" daemon [_thread_blocked, id=12839, stack(0x00007f5a4b924000,0x00007f5a4ba25000)]
  0x00007f5a740b8800 JavaThread "C2 CompilerThread0" daemon [_thread_blocked, id=12838, stack(0x00007f5a4ba25000,0x00007f5a4bb26000)]
  0x00007f5a740b7000 JavaThread "Signal Dispatcher" daemon [_thread_blocked, id=12837, stack(0x00007f5a4bb26000,0x00007f5a4bc27000)]
  0x00007f5a74084000 JavaThread "Finalizer" daemon [_thread_blocked, id=12835, stack(0x00007f5a4beff000,0x00007f5a4c000000)]
  0x00007f5a7407f800 JavaThread "Reference Handler" daemon [_thread_blocked, id=12834, stack(0x00007f5a5408e000,0x00007f5a5418f000)]

Other Threads:
=>0x00007f5a74078000 VMThread [stack: 0x00007f5a5418f000,0x00007f5a54290000] [id=12833]
  0x00007f5a740cb000 WatcherThread [stack: 0x00007f5a4b621000,0x00007f5a4b722000] [id=12842]

VM state:at safepoint (normal execution)

VM Mutex/Monitor currently owned by a thread:  ([mutex/lock_event])
[0x00007f5a74006d10] Threads_lock - owner thread: 0x00007f5a74078000
[0x00007f5a74007210] Heap_lock - owner thread: 0x00007f5a74238800

Heap:
 PSYoungGen      total 68608K, used 4408K [0x00000000d7100000, 0x00000000db900000, 0x0000000100000000)
  eden space 63488K, 0% used [0x00000000d7100000,0x00000000d7100000,0x00000000daf00000)
  from space 5120K, 86% used [0x00000000daf00000,0x00000000db34e300,0x00000000db400000)
  to   space 5120K, 0% used [0x00000000db400000,0x00000000db400000,0x00000000db900000)
 ParOldGen       total 84992K, used 31539K [0x0000000085200000, 0x000000008a500000, 0x00000000d7100000)
  object space 84992K, 37% used [0x0000000085200000,0x00000000870ccf50,0x000000008a500000)
 Metaspace       used 10835K, capacity 11008K, committed 11264K, reserved 1058816K
  class space    used 1193K, capacity 1258K, committed 1280K, reserved 1048576K

Card table byte_map: [0x00007f5a7959f000,0x00007f5a79977000] byte_map_base: 0x00007f5a79176000

Marking Bits: (ParMarkBitMap*) 0x00007f5a7c591320
 Begin Bits: [0x00007f5a54290000, 0x00007f5a56148000)
 End Bits:   [0x00007f5a56148000, 0x00007f5a58000000)

Polling page: 0x00007f5a7d3e5000

CodeCache: size=245760Kb used=3764Kb max_used=3776Kb free=241995Kb
 bounds [0x00007f5a65000000, 0x00007f5a653c0000, 0x00007f5a74000000]
 total_blobs=1591 nmethods=1055 adapters=450
 compilation: enabled

Compilation events (10 events):
Event: 4.736 Thread 0x00007f5a740b8800 1051  s    4       java.io.BufferedInputStream::read (113 bytes)
Event: 4.744 Thread 0x00007f5a740bd000 1052       3       java.awt.Image::getAccelerationPriority (5 bytes)
Event: 4.744 Thread 0x00007f5a740bd000 nmethod 1052 0x00007f5a653a8190 code [0x00007f5a653a82e0, 0x00007f5a653a8430]
Event: 4.744 Thread 0x00007f5a740bd000 1053       3       sun.java2d.xr.XRUtils::intToULong (14 bytes)
Event: 4.745 Thread 0x00007f5a740bd000 nmethod 1053 0x00007f5a653aab90 code [0x00007f5a653aad00, 0x00007f5a653aae90]
Event: 4.746 Thread 0x00007f5a740bd000 1054       3       java.awt.Component$1::getPeer (5 bytes)
Event: 4.746 Thread 0x00007f5a740bd000 nmethod 1054 0x00007f5a653aa810 code [0x00007f5a653aa980, 0x00007f5a653aaad0]
Event: 4.746 Thread 0x00007f5a740bb800 1055       4       sun.util.logging.PlatformLogger::isLoggable (38 bytes)
Event: 4.748 Thread 0x00007f5a740b8800 nmethod 1051 0x00007f5a653a9c50 code [0x00007f5a653a9de0, 0x00007f5a653aa4c8]
Event: 4.749 Thread 0x00007f5a740bb800 nmethod 1055 0x00007f5a653af250 code [0x00007f5a653af3c0, 0x00007f5a653af538]

GC Heap History (5 events):
Event: 0.844 GC heap before
{Heap before GC invocations=1 (full 0):
 PSYoungGen      total 36864K, used 31106K [0x00000000d7100000, 0x00000000d9a00000, 0x0000000100000000)
  eden space 31744K, 97% used [0x00000000d7100000,0x00000000d8f60850,0x00000000d9000000)
  from space 5120K, 0% used [0x00000000d9500000,0x00000000d9500000,0x00000000d9a00000)
  to   space 5120K, 0% used [0x00000000d9000000,0x00000000d9000000,0x00000000d9500000)
 ParOldGen       total 84992K, used 0K [0x0000000085200000, 0x000000008a500000, 0x00000000d7100000)
  object space 84992K, 0% used [0x0000000085200000,0x0000000085200000,0x000000008a500000)
 Metaspace       used 9190K, capacity 9384K, committed 9600K, reserved 1058816K
  class space    used 1041K, capacity 1128K, committed 1152K, reserved 1048576K
Event: 0.871 GC heap after
Heap after GC invocations=1 (full 0):
 PSYoungGen      total 36864K, used 5115K [0x00000000d7100000, 0x00000000db900000, 0x0000000100000000)
  eden space 31744K, 0% used [0x00000000d7100000,0x00000000d7100000,0x00000000d9000000)
  from space 5120K, 99% used [0x00000000d9000000,0x00000000d94fef80,0x00000000d9500000)
  to   space 5120K, 0% used [0x00000000db400000,0x00000000db400000,0x00000000db900000)
 ParOldGen       total 84992K, used 16020K [0x0000000085200000, 0x000000008a500000, 0x00000000d7100000)
  object space 84992K, 18% used [0x0000000085200000,0x00000000861a53b0,0x000000008a500000)
 Metaspace       used 9190K, capacity 9384K, committed 9600K, reserved 1058816K
  class space    used 1041K, capacity 1128K, committed 1152K, reserved 1048576K
}
Event: 3.941 GC heap before
{Heap before GC invocations=2 (full 0):
 PSYoungGen      total 36864K, used 36134K [0x00000000d7100000, 0x00000000db900000, 0x0000000100000000)
  eden space 31744K, 97% used [0x00000000d7100000,0x00000000d8f4ac20,0x00000000d9000000)
  from space 5120K, 99% used [0x00000000d9000000,0x00000000d94fef80,0x00000000d9500000)
  to   space 5120K, 0% used [0x00000000db400000,0x00000000db400000,0x00000000db900000)
 ParOldGen       total 84992K, used 19575K [0x0000000085200000, 0x000000008a500000, 0x00000000d7100000)
  object space 84992K, 23% used [0x0000000085200000,0x000000008651de80,0x000000008a500000)
 Metaspace       used 10713K, capacity 10880K, committed 11008K, reserved 1058816K
  class space    used 1193K, capacity 1258K, committed 1280K, reserved 1048576K
Event: 3.960 GC heap after
Heap after GC invocations=2 (full 0):
 PSYoungGen      total 68608K, used 5107K [0x00000000d7100000, 0x00000000db900000, 0x0000000100000000)
  eden space 63488K, 0% used [0x00000000d7100000,0x00000000d7100000,0x00000000daf00000)
  from space 5120K, 99% used [0x00000000db400000,0x00000000db8fcdf0,0x00000000db900000)
  to   space 5120K, 0% used [0x00000000daf00000,0x00000000daf00000,0x00000000db400000)
 ParOldGen       total 84992K, used 31309K [0x0000000085200000, 0x000000008a500000, 0x00000000d7100000)
  object space 84992K, 36% used [0x0000000085200000,0x00000000870934f0,0x000000008a500000)
 Metaspace       used 10713K, capacity 10880K, committed 11008K, reserved 1058816K
  class space    used 1193K, capacity 1258K, committed 1280K, reserved 1048576K
}
Event: 4.783 GC heap before
{Heap before GC invocations=3 (full 0):
 PSYoungGen      total 68608K, used 68595K [0x00000000d7100000, 0x00000000db900000, 0x0000000100000000)
  eden space 63488K, 100% used [0x00000000d7100000,0x00000000daf00000,0x00000000daf00000)
  from space 5120K, 99% used [0x00000000db400000,0x00000000db8fcdf0,0x00000000db900000)
  to   space 5120K, 0% used [0x00000000daf00000,0x00000000daf00000,0x00000000db400000)
 ParOldGen       total 84992K, used 31523K [0x0000000085200000, 0x000000008a500000, 0x00000000d7100000)
  object space 84992K, 37% used [0x0000000085200000,0x00000000870c8f50,0x000000008a500000)
 Metaspace       used 10835K, capacity 11008K, committed 11264K, reserved 1058816K
  class space    used 1193K, capacity 1258K, committed 1280K, reserved 1048576K

Deoptimization events (10 events):
Event: 1.628 Thread 0x00007f5a7429d800 Uncommon trap: reason=bimorphic action=maybe_recompile pc=0x00007f5a6526b9c4 method=java.util.HashMap.getNode(ILjava/lang/Object;)Ljava/util/HashMap$Node; @ 59
Event: 1.628 Thread 0x00007f5a7429d800 Uncommon trap: reason=bimorphic action=maybe_recompile pc=0x00007f5a6526b9c4 method=java.util.HashMap.getNode(ILjava/lang/Object;)Ljava/util/HashMap$Node; @ 59
Event: 1.628 Thread 0x00007f5a7429d800 Uncommon trap: reason=bimorphic action=maybe_recompile pc=0x00007f5a6526b9c4 method=java.util.HashMap.getNode(ILjava/lang/Object;)Ljava/util/HashMap$Node; @ 59
Event: 1.634 Thread 0x00007f5a7429d800 Uncommon trap: reason=bimorphic action=maybe_recompile pc=0x00007f5a6526b9c4 method=java.util.HashMap.getNode(ILjava/lang/Object;)Ljava/util/HashMap$Node; @ 59
Event: 1.635 Thread 0x00007f5a7429d800 Uncommon trap: reason=bimorphic action=maybe_recompile pc=0x00007f5a6523d9a0 method=java.util.HashMap.getNode(ILjava/lang/Object;)Ljava/util/HashMap$Node; @ 59
Event: 2.521 Thread 0x00007f5a7429d800 Uncommon trap: reason=unstable_if action=reinterpret pc=0x00007f5a6521f6b4 method=java.awt.Component.isShowing()Z @ 11
Event: 2.546 Thread 0x00007f5a742a4800 Uncommon trap: reason=unstable_if action=reinterpret pc=0x00007f5a651d28b0 method=java.awt.image.ReplicateScaleFilter.setPixels(IIIILjava/awt/image/ColorModel;[III)V @ 4
Event: 3.855 Thread 0x00007f5a742a4800 Uncommon trap: reason=unstable_if action=reinterpret pc=0x00007f5a65262360 method=sun.awt.image.GifImageDecoder.sendPixels(IIII[BLjava/awt/image/ColorModel;)I @ 112
Event: 3.855 Thread 0x00007f5a742a4800 Uncommon trap: reason=unstable_if action=reinterpret pc=0x00007f5a652ba528 method=sun.awt.image.ImageRepresentation.setPixels(IIIILjava/awt/image/ColorModel;[BII)V @ 11
Event: 4.044 Thread 0x00007f5a74238800 Uncommon trap: reason=unstable_if action=reinterpret pc=0x00007f5a6534bb6c method=sun.awt.image.ImageRepresentation.convertToRGB()V @ 99

Classes redefined (0 events):
No events

Internal exceptions (10 events):
Event: 0.339 Thread 0x00007f5a7400a800 Exception <a 'java/lang/ClassNotFoundException': sun/dc/DuctusRenderingEngine> (0x00000000d7392498) thrown at [/build/openjdk-8-wnL82d/openjdk-8-8u171-b11/src/hotspot/src/share/vm/classfile/systemDictionary.cpp, line 210]
Event: 0.829 Thread 0x00007f5a7429d800 Exception <a 'java/lang/UnsupportedOperationException': > (0x00000000d7562a60) thrown at [/build/openjdk-8-wnL82d/openjdk-8-8u171-b11/src/hotspot/src/share/vm/prims/jni.cpp, line 735]
Event: 0.841 Thread 0x00007f5a742a4800 Exception <a 'java/lang/InterruptedException': sleep interrupted> (0x00000000d8eebdb0) thrown at [/build/openjdk-8-wnL82d/openjdk-8-8u171-b11/src/hotspot/src/share/vm/prims/jvm.cpp, line 3225]
Event: 0.913 Thread 0x00007f5a742a4800 Exception <a 'java/lang/InterruptedException': sleep interrupted> (0x00000000d71ef5e0) thrown at [/build/openjdk-8-wnL82d/openjdk-8-8u171-b11/src/hotspot/src/share/vm/prims/jvm.cpp, line 3225]
Event: 1.371 Thread 0x00007f5a74238800 Implicit null exception at 0x00007f5a651e852a to 0x00007f5a651e8d0d
Event: 2.522 Thread 0x00007f5a74238800 Exception <a 'java/lang/InterruptedException': sleep interrupted> (0x00000000d7505ff8) thrown at [/build/openjdk-8-wnL82d/openjdk-8-8u171-b11/src/hotspot/src/share/vm/prims/jvm.cpp, line 3225]
Event: 2.546 Thread 0x00007f5a742a4800 Implicit null exception at 0x00007f5a651d212d to 0x00007f5a651d289d
Event: 2.750 Thread 0x00007f5a7429d800 Exception <a 'java/lang/UnsupportedOperationException': > (0x00000000d7c12c68) thrown at [/build/openjdk-8-wnL82d/openjdk-8-8u171-b11/src/hotspot/src/share/vm/prims/jni.cpp, line 735]
Event: 3.862 Thread 0x00007f5a742a4800 Exception <a 'java/lang/InterruptedException': sleep interrupted> (0x00000000d8ddce60) thrown at [/build/openjdk-8-wnL82d/openjdk-8-8u171-b11/src/hotspot/src/share/vm/prims/jvm.cpp, line 3225]
Event: 4.218 Thread 0x00007f5a7429d800 Exception <a 'java/lang/UnsupportedOperationException': > (0x00000000d724c960) thrown at [/build/openjdk-8-wnL82d/openjdk-8-8u171-b11/src/hotspot/src/share/vm/prims/jni.cpp, line 735]

Events (10 events):
Event: 3.911 Executing VM operation: ParallelGCFailedAllocation
Event: 3.912 Executing VM operation: ParallelGCFailedAllocation done
Event: 3.922 Executing VM operation: ParallelGCSystemGC
Event: 3.961 Executing VM operation: ParallelGCSystemGC done
Event: 4.043 Thread 0x00007f5a74238800 Uncommon trap: trap_request=0xffffff65 fr.pc=0x00007f5a6534bb6c
Event: 4.044 Thread 0x00007f5a74238800 DEOPT PACKING pc=0x00007f5a6534bb6c sp=0x00007f5a488bfc40
Event: 4.044 Thread 0x00007f5a74238800 DEOPT UNPACKING pc=0x00007f5a6504547a sp=0x00007f5a488bfbf8 mode 2
Event: 4.136 Executing VM operation: EnableBiasedLocking
Event: 4.136 Executing VM operation: EnableBiasedLocking done
Event: 4.778 Executing VM operation: ParallelGCFailedAllocation


Dynamic libraries:
00400000-00401000 r-xp 00000000 08:01 2628545                            /usr/lib/jvm/java-8-openjdk-amd64/jre/bin/java
00600000-00601000 r--p 00000000 08:01 2628545                            /usr/lib/jvm/java-8-openjdk-amd64/jre/bin/java
00601000-00602000 rw-p 00001000 08:01 2628545                            /usr/lib/jvm/java-8-openjdk-amd64/jre/bin/java
01d5d000-01d7e000 rw-p 00000000 00:00 0                                  [heap]
85200000-8a500000 rw-p 00000000 00:00 0 
8a500000-d7100000 ---p 00000000 00:00 0 
d7100000-db900000 rw-p 00000000 00:00 0 
df700000-100000000 ---p 00000000 00:00 0 
100000000-100140000 rw-p 00000000 00:00 0 
100140000-140000000 ---p 00000000 00:00 0 
7f5a0c959000-7f5a0ccd2000 rw-s 00000000 00:05 46039104                   /SYSV00000000 (deleted)
7f5a0cfff000-7f5a10000000 rw-p 00000000 00:00 0 
7f5a10000000-7f5a1005e000 rw-p 00000000 00:00 0 
7f5a1005e000-7f5a14000000 ---p 00000000 00:00 0 
7f5a14000000-7f5a14046000 rw-p 00000000 00:00 0 
7f5a14046000-7f5a18000000 ---p 00000000 00:00 0 
7f5a18000000-7f5a18021000 rw-p 00000000 00:00 0 
7f5a18021000-7f5a1c000000 ---p 00000000 00:00 0 
7f5a1c000000-7f5a1c0ba000 rw-p 00000000 00:00 0 
7f5a1c0ba000-7f5a20000000 ---p 00000000 00:00 0 
7f5a20000000-7f5a20021000 rw-p 00000000 00:00 0 
7f5a20021000-7f5a24000000 ---p 00000000 00:00 0 
7f5a24000000-7f5a24021000 rw-p 00000000 00:00 0 
7f5a24021000-7f5a28000000 ---p 00000000 00:00 0 
7f5a28000000-7f5a28021000 rw-p 00000000 00:00 0 
7f5a28021000-7f5a2c000000 ---p 00000000 00:00 0 
7f5a2c000000-7f5a2c021000 rw-p 00000000 00:00 0 
7f5a2c021000-7f5a30000000 ---p 00000000 00:00 0 
7f5a30000000-7f5a3044d000 rw-p 00000000 00:00 0 
7f5a3044d000-7f5a34000000 ---p 00000000 00:00 0 
7f5a34000000-7f5a3444d000 rw-p 00000000 00:00 0 
7f5a3444d000-7f5a38000000 ---p 00000000 00:00 0 
7f5a38000000-7f5a38021000 rw-p 00000000 00:00 0 
7f5a38021000-7f5a3c000000 ---p 00000000 00:00 0 
7f5a3c000000-7f5a3c3b0000 rw-p 00000000 00:00 0 
7f5a3c3b0000-7f5a40000000 ---p 00000000 00:00 0 
7f5a40000000-7f5a40021000 rw-p 00000000 00:00 0 
7f5a40021000-7f5a44000000 ---p 00000000 00:00 0 
7f5a44000000-7f5a44021000 rw-p 00000000 00:00 0 
7f5a44021000-7f5a48000000 ---p 00000000 00:00 0 
7f5a48396000-7f5a483a7000 r-xp 00000000 08:01 2634119                    /usr/lib/jvm/java-8-openjdk-amd64/jre/lib/amd64/libnio.so
7f5a483a7000-7f5a485a7000 ---p 00011000 08:01 2634119                    /usr/lib/jvm/java-8-openjdk-amd64/jre/lib/amd64/libnio.so
7f5a485a7000-7f5a485a8000 r--p 00011000 08:01 2634119                    /usr/lib/jvm/java-8-openjdk-amd64/jre/lib/amd64/libnio.so
7f5a485a8000-7f5a485a9000 rw-p 00012000 08:01 2634119                    /usr/lib/jvm/java-8-openjdk-amd64/jre/lib/amd64/libnio.so
7f5a485a9000-7f5a485bf000 r-xp 00000000 08:01 2634113                    /usr/lib/jvm/java-8-openjdk-amd64/jre/lib/amd64/libnet.so
7f5a485bf000-7f5a487bf000 ---p 00016000 08:01 2634113                    /usr/lib/jvm/java-8-openjdk-amd64/jre/lib/amd64/libnet.so
7f5a487bf000-7f5a487c0000 r--p 00016000 08:01 2634113                    /usr/lib/jvm/java-8-openjdk-amd64/jre/lib/amd64/libnet.so
7f5a487c0000-7f5a487c1000 rw-p 00017000 08:01 2634113                    /usr/lib/jvm/java-8-openjdk-amd64/jre/lib/amd64/libnet.so
7f5a487c1000-7f5a487c4000 ---p 00000000 00:00 0 
7f5a487c4000-7f5a48a82000 rw-p 00000000 00:00 0 
7f5a48a82000-7f5a48ac2000 ---p 00000000 00:00 0 
7f5a48ac2000-7f5a48b19000 r-xp 00000000 08:01 2504050                    /usr/lib/x86_64-linux-gnu/libjpeg.so.8.0.2
7f5a48b19000-7f5a48d19000 ---p 00057000 08:01 2504050                    /usr/lib/x86_64-linux-gnu/libjpeg.so.8.0.2
7f5a48d19000-7f5a48d1a000 r--p 00057000 08:01 2504050                    /usr/lib/x86_64-linux-gnu/libjpeg.so.8.0.2
7f5a48d1a000-7f5a48d1b000 rw-p 00058000 08:01 2504050                    /usr/lib/x86_64-linux-gnu/libjpeg.so.8.0.2
7f5a48d1b000-7f5a48d25000 r-xp 00000000 08:01 2634117                    /usr/lib/jvm/java-8-openjdk-amd64/jre/lib/amd64/libjavajpeg.so
7f5a48d25000-7f5a48f24000 ---p 0000a000 08:01 2634117                    /usr/lib/jvm/java-8-openjdk-amd64/jre/lib/amd64/libjavajpeg.so
7f5a48f24000-7f5a48f25000 r--p 00009000 08:01 2634117                    /usr/lib/jvm/java-8-openjdk-amd64/jre/lib/amd64/libjavajpeg.so
7f5a48f25000-7f5a48f26000 rw-p 0000a000 08:01 2634117                    /usr/lib/jvm/java-8-openjdk-amd64/jre/lib/amd64/libjavajpeg.so
7f5a48f26000-7f5a48f29000 ---p 00000000 00:00 0 
7f5a48f29000-7f5a49027000 rw-p 00000000 00:00 0 
7f5a49027000-7f5a4902a000 ---p 00000000 00:00 0 
7f5a4902a000-7f5a49128000 rw-p 00000000 00:00 0 
7f5a49128000-7f5a4912b000 ---p 00000000 00:00 0 
7f5a4912b000-7f5a49229000 rw-p 00000000 00:00 0 
7f5a49229000-7f5a4922c000 ---p 00000000 00:00 0 
7f5a4922c000-7f5a4932a000 rw-p 00000000 00:00 0 
7f5a4932a000-7f5a4932f000 r-xp 00000000 08:01 2503313                    /usr/lib/x86_64-linux-gnu/libXfixes.so.3.1.0
7f5a4932f000-7f5a4952e000 ---p 00005000 08:01 2503313                    /usr/lib/x86_64-linux-gnu/libXfixes.so.3.1.0
7f5a4952e000-7f5a4952f000 r--p 00004000 08:01 2503313                    /usr/lib/x86_64-linux-gnu/libXfixes.so.3.1.0
7f5a4952f000-7f5a49530000 rw-p 00005000 08:01 2503313                    /usr/lib/x86_64-linux-gnu/libXfixes.so.3.1.0
7f5a49530000-7f5a49539000 r-xp 00000000 08:01 2500771                    /usr/lib/x86_64-linux-gnu/libXcursor.so.1.0.2
7f5a49539000-7f5a49738000 ---p 00009000 08:01 2500771                    /usr/lib/x86_64-linux-gnu/libXcursor.so.1.0.2
7f5a49738000-7f5a49739000 r--p 00008000 08:01 2500771                    /usr/lib/x86_64-linux-gnu/libXcursor.so.1.0.2
7f5a49739000-7f5a4973a000 rw-p 00009000 08:01 2500771                    /usr/lib/x86_64-linux-gnu/libXcursor.so.1.0.2
7f5a4973a000-7f5a4973d000 ---p 00000000 00:00 0 
7f5a4973d000-7f5a4983b000 rw-p 00000000 00:00 0 
7f5a4983b000-7f5a4985f000 r-xp 00000000 08:01 792690                     /lib/x86_64-linux-gnu/libpng12.so.0.54.0
7f5a4985f000-7f5a49a5e000 ---p 00024000 08:01 792690                     /lib/x86_64-linux-gnu/libpng12.so.0.54.0
7f5a49a5e000-7f5a49a5f000 r--p 00023000 08:01 792690                     /lib/x86_64-linux-gnu/libpng12.so.0.54.0
7f5a49a5f000-7f5a49a60000 rw-p 00024000 08:01 792690                     /lib/x86_64-linux-gnu/libpng12.so.0.54.0
7f5a49a60000-7f5a49b04000 r-xp 00000000 08:01 2503736                    /usr/lib/x86_64-linux-gnu/libfreetype.so.6.12.1
7f5a49b04000-7f5a49d03000 ---p 000a4000 08:01 2503736                    /usr/lib/x86_64-linux-gnu/libfreetype.so.6.12.1
7f5a49d03000-7f5a49d09000 r--p 000a3000 08:01 2503736                    /usr/lib/x86_64-linux-gnu/libfreetype.so.6.12.1
7f5a49d09000-7f5a49d0a000 rw-p 000a9000 08:01 2503736                    /usr/lib/x86_64-linux-gnu/libfreetype.so.6.12.1
7f5a49d0a000-7f5a49d5c000 r-xp 00000000 08:01 2628551                    /usr/lib/jvm/java-8-openjdk-amd64/jre/lib/amd64/libfontmanager.so
7f5a49d5c000-7f5a49f5c000 ---p 00052000 08:01 2628551                    /usr/lib/jvm/java-8-openjdk-amd64/jre/lib/amd64/libfontmanager.so
7f5a49f5c000-7f5a49f5e000 r--p 00052000 08:01 2628551                    /usr/lib/jvm/java-8-openjdk-amd64/jre/lib/amd64/libfontmanager.so
7f5a49f5e000-7f5a49f5f000 rw-p 00054000 08:01 2628551                    /usr/lib/jvm/java-8-openjdk-amd64/jre/lib/amd64/libfontmanager.so
7f5a49f5f000-7f5a49f64000 r-xp 00000000 08:01 2503309                    /usr/lib/x86_64-linux-gnu/libXdmcp.so.6.0.0
7f5a49f64000-7f5a4a163000 ---p 00005000 08:01 2503309                    /usr/lib/x86_64-linux-gnu/libXdmcp.so.6.0.0
7f5a4a163000-7f5a4a164000 r--p 00004000 08:01 2503309                    /usr/lib/x86_64-linux-gnu/libXdmcp.so.6.0.0
7f5a4a164000-7f5a4a165000 rw-p 00005000 08:01 2503309                    /usr/lib/x86_64-linux-gnu/libXdmcp.so.6.0.0
7f5a4a165000-7f5a4a167000 r-xp 00000000 08:01 2503298                    /usr/lib/x86_64-linux-gnu/libXau.so.6.0.0
7f5a4a167000-7f5a4a367000 ---p 00002000 08:01 2503298                    /usr/lib/x86_64-linux-gnu/libXau.so.6.0.0
7f5a4a367000-7f5a4a368000 r--p 00002000 08:01 2503298                    /usr/lib/x86_64-linux-gnu/libXau.so.6.0.0
7f5a4a368000-7f5a4a369000 rw-p 00003000 08:01 2503298                    /usr/lib/x86_64-linux-gnu/libXau.so.6.0.0
7f5a4a369000-7f5a4a38a000 r-xp 00000000 08:01 2504716                    /usr/lib/x86_64-linux-gnu/libxcb.so.1.1.0
7f5a4a38a000-7f5a4a589000 ---p 00021000 08:01 2504716                    /usr/lib/x86_64-linux-gnu/libxcb.so.1.1.0
7f5a4a589000-7f5a4a58a000 r--p 00020000 08:01 2504716                    /usr/lib/x86_64-linux-gnu/libxcb.so.1.1.0
7f5a4a58a000-7f5a4a58b000 rw-p 00021000 08:01 2504716                    /usr/lib/x86_64-linux-gnu/libxcb.so.1.1.0
7f5a4a58b000-7f5a4a59a000 r-xp 00000000 08:01 2503321                    /usr/lib/x86_64-linux-gnu/libXi.so.6.1.0
7f5a4a59a000-7f5a4a799000 ---p 0000f000 08:01 2503321                    /usr/lib/x86_64-linux-gnu/libXi.so.6.1.0
7f5a4a799000-7f5a4a79a000 r--p 0000e000 08:01 2503321                    /usr/lib/x86_64-linux-gnu/libXi.so.6.1.0
7f5a4a79a000-7f5a4a79b000 rw-p 0000f000 08:01 2503321                    /usr/lib/x86_64-linux-gnu/libXi.so.6.1.0
7f5a4a79b000-7f5a4a7a0000 r-xp 00000000 08:01 2503339                    /usr/lib/x86_64-linux-gnu/libXtst.so.6.1.0
7f5a4a7a0000-7f5a4a99f000 ---p 00005000 08:01 2503339                    /usr/lib/x86_64-linux-gnu/libXtst.so.6.1.0
7f5a4a99f000-7f5a4a9a0000 r--p 00004000 08:01 2503339                    /usr/lib/x86_64-linux-gnu/libXtst.so.6.1.0
7f5a4a9a0000-7f5a4a9a1000 rw-p 00005000 08:01 2503339                    /usr/lib/x86_64-linux-gnu/libXtst.so.6.1.0
7f5a4a9a1000-7f5a4a9aa000 r-xp 00000000 08:01 2503333                    /usr/lib/x86_64-linux-gnu/libXrender.so.1.3.0
7f5a4a9aa000-7f5a4aba9000 ---p 00009000 08:01 2503333                    /usr/lib/x86_64-linux-gnu/libXrender.so.1.3.0
7f5a4aba9000-7f5a4abaa000 r--p 00008000 08:01 2503333                    /usr/lib/x86_64-linux-gnu/libXrender.so.1.3.0
7f5a4abaa000-7f5a4abab000 rw-p 00009000 08:01 2503333                    /usr/lib/x86_64-linux-gnu/libXrender.so.1.3.0
7f5a4abab000-7f5a4ace0000 r-xp 00000000 08:01 2503294                    /usr/lib/x86_64-linux-gnu/libX11.so.6.3.0
7f5a4ace0000-7f5a4aee0000 ---p 00135000 08:01 2503294                    /usr/lib/x86_64-linux-gnu/libX11.so.6.3.0
7f5a4aee0000-7f5a4aee1000 r--p 00135000 08:01 2503294                    /usr/lib/x86_64-linux-gnu/libX11.so.6.3.0
7f5a4aee1000-7f5a4aee5000 rw-p 00136000 08:01 2503294                    /usr/lib/x86_64-linux-gnu/libX11.so.6.3.0
7f5a4aee5000-7f5a4aef6000 r-xp 00000000 08:01 2503311                    /usr/lib/x86_64-linux-gnu/libXext.so.6.4.0
7f5a4aef6000-7f5a4b0f5000 ---p 00011000 08:01 2503311                    /usr/lib/x86_64-linux-gnu/libXext.so.6.4.0
7f5a4b0f5000-7f5a4b0f6000 r--p 00010000 08:01 2503311                    /usr/lib/x86_64-linux-gnu/libXext.so.6.4.0
7f5a4b0f6000-7f5a4b0f7000 rw-p 00011000 08:01 2503311                    /usr/lib/x86_64-linux-gnu/libXext.so.6.4.0
7f5a4b0f7000-7f5a4b14c000 r-xp 00000000 08:01 2628581                    /usr/lib/jvm/java-8-openjdk-amd64/jre/lib/amd64/libawt_xawt.so
7f5a4b14c000-7f5a4b34b000 ---p 00055000 08:01 2628581                    /usr/lib/jvm/java-8-openjdk-amd64/jre/lib/amd64/libawt_xawt.so
7f5a4b34b000-7f5a4b34c000 r--p 00054000 08:01 2628581                    /usr/lib/jvm/java-8-openjdk-amd64/jre/lib/amd64/libawt_xawt.so
7f5a4b34c000-7f5a4b34f000 rw-p 00055000 08:01 2628581                    /usr/lib/jvm/java-8-openjdk-amd64/jre/lib/amd64/libawt_xawt.so
7f5a4b34f000-7f5a4b350000 rw-p 00000000 00:00 0 
7f5a4b350000-7f5a4b3f0000 r-xp 00000000 08:01 2628577                    /usr/lib/jvm/java-8-openjdk-amd64/jre/lib/amd64/libawt.so
7f5a4b3f0000-7f5a4b5f0000 ---p 000a0000 08:01 2628577                    /usr/lib/jvm/java-8-openjdk-amd64/jre/lib/amd64/libawt.so
7f5a4b5f0000-7f5a4b5f1000 r--p 000a0000 08:01 2628577                    /usr/lib/jvm/java-8-openjdk-amd64/jre/lib/amd64/libawt.so
7f5a4b5f1000-7f5a4b5fc000 rw-p 000a1000 08:01 2628577                    /usr/lib/jvm/java-8-openjdk-amd64/jre/lib/amd64/libawt.so
7f5a4b5fc000-7f5a4b621000 rw-p 00000000 00:00 0 
7f5a4b621000-7f5a4b622000 ---p 00000000 00:00 0 
7f5a4b622000-7f5a4b722000 rw-p 00000000 00:00 0 
7f5a4b722000-7f5a4b725000 ---p 00000000 00:00 0 
7f5a4b725000-7f5a4b823000 rw-p 00000000 00:00 0 
7f5a4b823000-7f5a4b826000 ---p 00000000 00:00 0 
7f5a4b826000-7f5a4b924000 rw-p 00000000 00:00 0 
7f5a4b924000-7f5a4b927000 ---p 00000000 00:00 0 
7f5a4b927000-7f5a4ba25000 rw-p 00000000 00:00 0 
7f5a4ba25000-7f5a4ba28000 ---p 00000000 00:00 0 
7f5a4ba28000-7f5a4bb26000 rw-p 00000000 00:00 0 
7f5a4bb26000-7f5a4bb29000 ---p 00000000 00:00 0 
7f5a4bb29000-7f5a4bc27000 rw-p 00000000 00:00 0 
7f5a4bc27000-7f5a4beff000 r--p 00000000 08:01 2503823                    /usr/lib/locale/locale-archive
7f5a4beff000-7f5a4bf02000 ---p 00000000 00:00 0 
7f5a4bf02000-7f5a4c000000 rw-p 00000000 00:00 0 
7f5a4c000000-7f5a4c021000 rw-p 00000000 00:00 0 
7f5a4c021000-7f5a50000000 ---p 00000000 00:00 0 
7f5a50000000-7f5a50021000 rw-p 00000000 00:00 0 
7f5a50021000-7f5a54000000 ---p 00000000 00:00 0 
7f5a5408e000-7f5a54091000 ---p 00000000 00:00 0 
7f5a54091000-7f5a5418f000 rw-p 00000000 00:00 0 
7f5a5418f000-7f5a54190000 ---p 00000000 00:00 0 
7f5a54190000-7f5a58000000 rw-p 00000000 00:00 0 
7f5a58000000-7f5a58021000 rw-p 00000000 00:00 0 
7f5a58021000-7f5a5c000000 ---p 00000000 00:00 0 
7f5a5c000000-7f5a5c021000 rw-p 00000000 00:00 0 
7f5a5c021000-7f5a60000000 ---p 00000000 00:00 0 
7f5a60000000-7f5a60021000 rw-p 00000000 00:00 0 
7f5a60021000-7f5a64000000 ---p 00000000 00:00 0 
7f5a64021000-7f5a6402c000 r--s 00000000 08:01 9850008                    /var/cache/fontconfig/945677eb7aeaf62f1d50efc3fb3ec7d8-le64.cache-6
7f5a6402c000-7f5a64032000 r--s 00000000 08:01 9849990                    /var/cache/fontconfig/2cd17615ca594fa2959ae173292e504c-le64.cache-6
7f5a64032000-7f5a64033000 r--s 00000000 08:01 9849987                    /var/cache/fontconfig/0d8c3b2ac0904cb8a57a757ad11a4a08-le64.cache-6
7f5a64033000-7f5a64048000 r--s 00000000 08:01 9849984                    /var/cache/fontconfig/04aabc0a78ac019cf9454389977116d2-le64.cache-6
7f5a64048000-7f5a64049000 r--s 00000000 08:01 9849989                    /var/cache/fontconfig/1ac9eb803944fde146138c791f5cc56a-le64.cache-6
7f5a64049000-7f5a6404d000 r--s 00000000 08:01 9849994                    /var/cache/fontconfig/385c0604a188198f04d133e54aba7fe7-le64.cache-6
7f5a6404d000-7f5a6404e000 r--s 00000000 08:01 9850021                    /var/cache/fontconfig/dc05db6664285cc2f12bf69c139ae4c3-le64.cache-6
7f5a6404e000-7f5a64051000 r--s 00000000 08:01 9850004                    /var/cache/fontconfig/767a8244fc0220cfb567a839d0392e0b-le64.cache-6
7f5a64051000-7f5a64052000 r--s 00000000 08:01 9850133                    /var/cache/fontconfig/4794a0821666d79190d59a36cb4f44b5-le64.cache-6
7f5a64052000-7f5a64057000 r--s 00000000 08:01 9850007                    /var/cache/fontconfig/8801497958630a81b71ace7c5f9b32a8-le64.cache-6
7f5a64057000-7f5a64058000 r--s 00000000 08:01 9850014                    /var/cache/fontconfig/bab58bb527bb656aaa9f116d68a48d89-le64.cache-6
7f5a64058000-7f5a6405f000 r--s 00000000 08:01 9849991                    /var/cache/fontconfig/3047814df9a2f067bd2d96a2b9c36e5a-le64.cache-6
7f5a6405f000-7f5a64060000 r--s 00000000 08:01 9849998                    /var/cache/fontconfig/56cf4f4769d0f4abc89a4895d7bd3ae1-le64.cache-6
7f5a64060000-7f5a64066000 r--s 00000000 08:01 9850012                    /var/cache/fontconfig/b47c4e1ecd0709278f4910c18777a504-le64.cache-6
7f5a64066000-7f5a64079000 r--s 00000000 08:01 9850018                    /var/cache/fontconfig/d52a8644073d54c13679302ca1180695-le64.cache-6
7f5a64079000-7f5a64084000 r--s 00000000 08:01 9852800                    /var/cache/fontconfig/d589a48862398ed80a3d6066f4f56f4c-le64.cache-6
7f5a64084000-7f5a64087000 r--s 00000000 08:01 9850003                    /var/cache/fontconfig/75114ca45c98e8a441da0ff356701271-le64.cache-6
7f5a64087000-7f5a64092000 r--s 00000000 08:01 9850006                    /var/cache/fontconfig/83bf95040141907cd45bb53cf7c1c148-le64.cache-6
7f5a64092000-7f5a640a4000 r--s 00000000 08:01 9850010                    /var/cache/fontconfig/9b89f8e3dae116d678bbf48e5f21f69b-le64.cache-6
7f5a640a4000-7f5a640a7000 r--s 00000000 08:01 9850022                    /var/cache/fontconfig/e13b20fdb08344e0e664864cc2ede53d-le64.cache-6
7f5a640a7000-7f5a640ab000 r--s 00000000 08:01 9850015                    /var/cache/fontconfig/7ef2298fde41cc6eeb7af42e48b7d293-le64.cache-6
7f5a640c3000-7f5a640d6000 r--s 00346000 08:01 2500963                    /usr/lib/jvm/java-8-openjdk-amd64/jre/lib/resources.jar
7f5a640d6000-7f5a640f1000 r--s 001d6000 08:01 2500955                    /usr/lib/jvm/java-8-openjdk-amd64/jre/lib/ext/nashorn.jar
7f5a640f1000-7f5a65000000 rw-p 00000000 00:00 0 
7f5a65000000-7f5a653c0000 rwxp 00000000 00:00 0 
7f5a653c0000-7f5a74000000 ---p 00000000 00:00 0 
7f5a74000000-7f5a742a7000 rw-p 00000000 00:00 0 
7f5a742a7000-7f5a78000000 ---p 00000000 00:00 0 
7f5a78000000-7f5a78001000 r--s 00000000 08:01 9850013                    /var/cache/fontconfig/b9d506c9ac06c20b433354fa67a72993-le64.cache-6
7f5a78001000-7f5a78002000 r--s 00000000 08:01 9849997                    /var/cache/fontconfig/551ecf3b0e8b0bca0f25c0944f561853-le64.cache-6
7f5a78002000-7f5a7801d000 r--s 00394000 08:01 2500952                    /usr/lib/jvm/java-8-openjdk-amd64/jre/lib/ext/cldrdata.jar
7f5a7801d000-7f5a780ef000 rw-p 00000000 00:00 0 
7f5a780ef000-7f5a782be000 r--s 03c2f000 08:01 2500977                    /usr/lib/jvm/java-8-openjdk-amd64/jre/lib/rt.jar
7f5a782be000-7f5a78f0b000 rw-p 00000000 00:00 0 
7f5a78f0b000-7f5a78f0c000 ---p 00000000 00:00 0 
7f5a78f0c000-7f5a7900c000 rw-p 00000000 00:00 0 
7f5a7900c000-7f5a7900d000 ---p 00000000 00:00 0 
7f5a7900d000-7f5a7910d000 rw-p 00000000 00:00 0 
7f5a7910d000-7f5a7910e000 ---p 00000000 00:00 0 
7f5a7910e000-7f5a7920e000 rw-p 00000000 00:00 0 
7f5a7920e000-7f5a7920f000 ---p 00000000 00:00 0 
7f5a7920f000-7f5a79339000 rw-p 00000000 00:00 0 
7f5a79339000-7f5a7959f000 ---p 00000000 00:00 0 
7f5a7959f000-7f5a795c9000 rw-p 00000000 00:00 0 
7f5a795c9000-7f5a7982e000 ---p 00000000 00:00 0 
7f5a7982e000-7f5a79853000 rw-p 00000000 00:00 0 
7f5a79853000-7f5a79976000 ---p 00000000 00:00 0 
7f5a79976000-7f5a79986000 rw-p 00000000 00:00 0 
7f5a79986000-7f5a79d37000 ---p 00000000 00:00 0 
7f5a79d37000-7f5a79d3f000 r-xp 00000000 08:01 2629406                    /usr/lib/jvm/java-8-openjdk-amd64/jre/lib/amd64/libzip.so
7f5a79d3f000-7f5a79f3e000 ---p 00008000 08:01 2629406                    /usr/lib/jvm/java-8-openjdk-amd64/jre/lib/amd64/libzip.so
7f5a79f3e000-7f5a79f3f000 r--p 00007000 08:01 2629406                    /usr/lib/jvm/java-8-openjdk-amd64/jre/lib/amd64/libzip.so
7f5a79f3f000-7f5a79f40000 rw-p 00008000 08:01 2629406                    /usr/lib/jvm/java-8-openjdk-amd64/jre/lib/amd64/libzip.so
7f5a79f40000-7f5a79f4b000 r-xp 00000000 08:01 788064                     /lib/x86_64-linux-gnu/libnss_files-2.23.so
7f5a79f4b000-7f5a7a14a000 ---p 0000b000 08:01 788064                     /lib/x86_64-linux-gnu/libnss_files-2.23.so
7f5a7a14a000-7f5a7a14b000 r--p 0000a000 08:01 788064                     /lib/x86_64-linux-gnu/libnss_files-2.23.so
7f5a7a14b000-7f5a7a14c000 rw-p 0000b000 08:01 788064                     /lib/x86_64-linux-gnu/libnss_files-2.23.so
7f5a7a14c000-7f5a7a152000 rw-p 00000000 00:00 0 
7f5a7a152000-7f5a7a15d000 r-xp 00000000 08:01 792566                     /lib/x86_64-linux-gnu/libnss_nis-2.23.so
7f5a7a15d000-7f5a7a35c000 ---p 0000b000 08:01 792566                     /lib/x86_64-linux-gnu/libnss_nis-2.23.so
7f5a7a35c000-7f5a7a35d000 r--p 0000a000 08:01 792566                     /lib/x86_64-linux-gnu/libnss_nis-2.23.so
7f5a7a35d000-7f5a7a35e000 rw-p 0000b000 08:01 792566                     /lib/x86_64-linux-gnu/libnss_nis-2.23.so
7f5a7a35e000-7f5a7a374000 r-xp 00000000 08:01 787982                     /lib/x86_64-linux-gnu/libnsl-2.23.so
7f5a7a374000-7f5a7a573000 ---p 00016000 08:01 787982                     /lib/x86_64-linux-gnu/libnsl-2.23.so
7f5a7a573000-7f5a7a574000 r--p 00015000 08:01 787982                     /lib/x86_64-linux-gnu/libnsl-2.23.so
7f5a7a574000-7f5a7a575000 rw-p 00016000 08:01 787982                     /lib/x86_64-linux-gnu/libnsl-2.23.so
7f5a7a575000-7f5a7a577000 rw-p 00000000 00:00 0 
7f5a7a577000-7f5a7a57f000 r-xp 00000000 08:01 788059                     /lib/x86_64-linux-gnu/libnss_compat-2.23.so
7f5a7a57f000-7f5a7a77e000 ---p 00008000 08:01 788059                     /lib/x86_64-linux-gnu/libnss_compat-2.23.so
7f5a7a77e000-7f5a7a77f000 r--p 00007000 08:01 788059                     /lib/x86_64-linux-gnu/libnss_compat-2.23.so
7f5a7a77f000-7f5a7a780000 rw-p 00008000 08:01 788059                     /lib/x86_64-linux-gnu/libnss_compat-2.23.so
7f5a7a780000-7f5a7a7ad000 r-xp 00000000 08:01 2629397                    /usr/lib/jvm/java-8-openjdk-amd64/jre/lib/amd64/libjava.so
7f5a7a7ad000-7f5a7a9ac000 ---p 0002d000 08:01 2629397                    /usr/lib/jvm/java-8-openjdk-amd64/jre/lib/amd64/libjava.so
7f5a7a9ac000-7f5a7a9ad000 r--p 0002c000 08:01 2629397                    /usr/lib/jvm/java-8-openjdk-amd64/jre/lib/amd64/libjava.so
7f5a7a9ad000-7f5a7a9af000 rw-p 0002d000 08:01 2629397                    /usr/lib/jvm/java-8-openjdk-amd64/jre/lib/amd64/libjava.so
7f5a7a9af000-7f5a7a9be000 r-xp 00000000 08:01 2628546                    /usr/lib/jvm/java-8-openjdk-amd64/jre/lib/amd64/libverify.so
7f5a7a9be000-7f5a7abbd000 ---p 0000f000 08:01 2628546                    /usr/lib/jvm/java-8-openjdk-amd64/jre/lib/amd64/libverify.so
7f5a7abbd000-7f5a7abbf000 r--p 0000e000 08:01 2628546                    /usr/lib/jvm/java-8-openjdk-amd64/jre/lib/amd64/libverify.so
7f5a7abbf000-7f5a7abc0000 rw-p 00010000 08:01 2628546                    /usr/lib/jvm/java-8-openjdk-amd64/jre/lib/amd64/libverify.so
7f5a7abc0000-7f5a7abc7000 r-xp 00000000 08:01 792567                     /lib/x86_64-linux-gnu/librt-2.23.so
7f5a7abc7000-7f5a7adc6000 ---p 00007000 08:01 792567                     /lib/x86_64-linux-gnu/librt-2.23.so
7f5a7adc6000-7f5a7adc7000 r--p 00006000 08:01 792567                     /lib/x86_64-linux-gnu/librt-2.23.so
7f5a7adc7000-7f5a7adc8000 rw-p 00007000 08:01 792567                     /lib/x86_64-linux-gnu/librt-2.23.so
7f5a7adc8000-7f5a7adde000 r-xp 00000000 08:01 792587                     /lib/x86_64-linux-gnu/libgcc_s.so.1
7f5a7adde000-7f5a7afdd000 ---p 00016000 08:01 792587                     /lib/x86_64-linux-gnu/libgcc_s.so.1
7f5a7afdd000-7f5a7afde000 rw-p 00015000 08:01 792587                     /lib/x86_64-linux-gnu/libgcc_s.so.1
7f5a7afde000-7f5a7b0e6000 r-xp 00000000 08:01 787973                     /lib/x86_64-linux-gnu/libm-2.23.so
7f5a7b0e6000-7f5a7b2e5000 ---p 00108000 08:01 787973                     /lib/x86_64-linux-gnu/libm-2.23.so
7f5a7b2e5000-7f5a7b2e6000 r--p 00107000 08:01 787973                     /lib/x86_64-linux-gnu/libm-2.23.so
7f5a7b2e6000-7f5a7b2e7000 rw-p 00108000 08:01 787973                     /lib/x86_64-linux-gnu/libm-2.23.so
7f5a7b2e7000-7f5a7b459000 r-xp 00000000 08:01 2495631                    /usr/lib/x86_64-linux-gnu/libstdc++.so.6.0.21
7f5a7b459000-7f5a7b659000 ---p 00172000 08:01 2495631                    /usr/lib/x86_64-linux-gnu/libstdc++.so.6.0.21
7f5a7b659000-7f5a7b663000 r--p 00172000 08:01 2495631                    /usr/lib/x86_64-linux-gnu/libstdc++.so.6.0.21
7f5a7b663000-7f5a7b665000 rw-p 0017c000 08:01 2495631                    /usr/lib/x86_64-linux-gnu/libstdc++.so.6.0.21
7f5a7b665000-7f5a7b669000 rw-p 00000000 00:00 0 
7f5a7b669000-7f5a7c2c2000 r-xp 00000000 08:01 2634111                    /usr/lib/jvm/java-8-openjdk-amd64/jre/lib/amd64/server/libjvm.so
7f5a7c2c2000-7f5a7c4c2000 ---p 00c59000 08:01 2634111                    /usr/lib/jvm/java-8-openjdk-amd64/jre/lib/amd64/server/libjvm.so
7f5a7c4c2000-7f5a7c555000 r--p 00c59000 08:01 2634111                    /usr/lib/jvm/java-8-openjdk-amd64/jre/lib/amd64/server/libjvm.so
7f5a7c555000-7f5a7c57e000 rw-p 00cec000 08:01 2634111                    /usr/lib/jvm/java-8-openjdk-amd64/jre/lib/amd64/server/libjvm.so
7f5a7c57e000-7f5a7c5ae000 rw-p 00000000 00:00 0 
7f5a7c5ae000-7f5a7c5c6000 r-xp 00000000 08:01 787993                     /lib/x86_64-linux-gnu/libpthread-2.23.so
7f5a7c5c6000-7f5a7c7c5000 ---p 00018000 08:01 787993                     /lib/x86_64-linux-gnu/libpthread-2.23.so
7f5a7c7c5000-7f5a7c7c6000 r--p 00017000 08:01 787993                     /lib/x86_64-linux-gnu/libpthread-2.23.so
7f5a7c7c6000-7f5a7c7c7000 rw-p 00018000 08:01 787993                     /lib/x86_64-linux-gnu/libpthread-2.23.so
7f5a7c7c7000-7f5a7c7cb000 rw-p 00000000 00:00 0 
7f5a7c7cb000-7f5a7c7ce000 r-xp 00000000 08:01 788053                     /lib/x86_64-linux-gnu/libdl-2.23.so
7f5a7c7ce000-7f5a7c9cd000 ---p 00003000 08:01 788053                     /lib/x86_64-linux-gnu/libdl-2.23.so
7f5a7c9cd000-7f5a7c9ce000 r--p 00002000 08:01 788053                     /lib/x86_64-linux-gnu/libdl-2.23.so
7f5a7c9ce000-7f5a7c9cf000 rw-p 00003000 08:01 788053                     /lib/x86_64-linux-gnu/libdl-2.23.so
7f5a7c9cf000-7f5a7c9e8000 r-xp 00000000 08:01 792740                     /lib/x86_64-linux-gnu/libz.so.1.2.8
7f5a7c9e8000-7f5a7cbe7000 ---p 00019000 08:01 792740                     /lib/x86_64-linux-gnu/libz.so.1.2.8
7f5a7cbe7000-7f5a7cbe8000 r--p 00018000 08:01 792740                     /lib/x86_64-linux-gnu/libz.so.1.2.8
7f5a7cbe8000-7f5a7cbe9000 rw-p 00019000 08:01 792740                     /lib/x86_64-linux-gnu/libz.so.1.2.8
7f5a7cbe9000-7f5a7cda9000 r-xp 00000000 08:01 788051                     /lib/x86_64-linux-gnu/libc-2.23.so
7f5a7cda9000-7f5a7cfa9000 ---p 001c0000 08:01 788051                     /lib/x86_64-linux-gnu/libc-2.23.so
7f5a7cfa9000-7f5a7cfad000 r--p 001c0000 08:01 788051                     /lib/x86_64-linux-gnu/libc-2.23.so
7f5a7cfad000-7f5a7cfaf000 rw-p 001c4000 08:01 788051                     /lib/x86_64-linux-gnu/libc-2.23.so
7f5a7cfaf000-7f5a7cfb3000 rw-p 00000000 00:00 0 
7f5a7cfb3000-7f5a7cfc0000 r-xp 00000000 08:01 2629407                    /usr/lib/jvm/java-8-openjdk-amd64/jre/lib/amd64/jli/libjli.so
7f5a7cfc0000-7f5a7d1c0000 ---p 0000d000 08:01 2629407                    /usr/lib/jvm/java-8-openjdk-amd64/jre/lib/amd64/jli/libjli.so
7f5a7d1c0000-7f5a7d1c1000 r--p 0000d000 08:01 2629407                    /usr/lib/jvm/java-8-openjdk-amd64/jre/lib/amd64/jli/libjli.so
7f5a7d1c1000-7f5a7d1c2000 rw-p 0000e000 08:01 2629407                    /usr/lib/jvm/java-8-openjdk-amd64/jre/lib/amd64/jli/libjli.so
7f5a7d1c2000-7f5a7d1e8000 r-xp 00000000 08:01 787985                     /lib/x86_64-linux-gnu/ld-2.23.so
7f5a7d1e8000-7f5a7d1e9000 r--s 00000000 08:01 9849992                    /var/cache/fontconfig/30829fa25452a46451e813d634d7f916-le64.cache-6
7f5a7d1e9000-7f5a7d1ea000 r--s 00000000 08:01 9849986                    /var/cache/fontconfig/0c9eb80ebd1c36541ebe2852d3bb0c49-le64.cache-6
7f5a7d1ea000-7f5a7d1eb000 r--s 00000000 08:01 8676885                    /home/ainley/.cache/fontconfig/52ceec4e06308fc5a368211192b70366-le64.cache-6
7f5a7d1eb000-7f5a7d1f0000 r--s 002f9000 08:01 2500944                    /usr/lib/jvm/java-8-openjdk-amd64/jre/lib/charsets.jar
7f5a7d1f0000-7f5a7d1f3000 r--s 0000f000 08:01 2500954                    /usr/lib/jvm/java-8-openjdk-amd64/jre/lib/ext/icedtea-sound.jar
7f5a7d1f3000-7f5a7d1fd000 r--s 00116000 08:01 2500959                    /usr/lib/jvm/java-8-openjdk-amd64/jre/lib/ext/localedata.jar
7f5a7d1fd000-7f5a7d2c8000 rw-p 00000000 00:00 0 
7f5a7d2c8000-7f5a7d2cb000 ---p 00000000 00:00 0 
7f5a7d2cb000-7f5a7d3cd000 rw-p 00000000 00:00 0 
7f5a7d3cd000-7f5a7d3ce000 r--s 00010000 08:01 2500946                    /usr/lib/jvm/java-8-openjdk-amd64/jre/lib/ext/zipfs.jar
7f5a7d3ce000-7f5a7d3d1000 r--s 00038000 08:01 2500949                    /usr/lib/jvm/java-8-openjdk-amd64/jre/lib/ext/sunpkcs11.jar
7f5a7d3d1000-7f5a7d3d3000 r--s 00008000 08:01 2500945                    /usr/lib/jvm/java-8-openjdk-amd64/jre/lib/ext/sunec.jar
7f5a7d3d3000-7f5a7d3d9000 r--s 0003b000 08:01 2500953                    /usr/lib/jvm/java-8-openjdk-amd64/jre/lib/ext/sunjce_provider.jar
7f5a7d3d9000-7f5a7d3db000 r--s 00001000 08:01 2500948                    /usr/lib/jvm/java-8-openjdk-amd64/jre/lib/ext/dnsns.jar
7f5a7d3db000-7f5a7d3dc000 r--s 0000a000 08:01 2500956                    /usr/lib/jvm/java-8-openjdk-amd64/jre/lib/ext/jaccess.jar
7f5a7d3dc000-7f5a7d3e4000 rw-s 00000000 08:01 11819627                   /tmp/hsperfdata_ainley/12822
7f5a7d3e4000-7f5a7d3e5000 rw-p 00000000 00:00 0 
7f5a7d3e5000-7f5a7d3e6000 ---p 00000000 00:00 0 
7f5a7d3e6000-7f5a7d3e7000 rw-p 00000000 00:00 0 
7f5a7d3e7000-7f5a7d3e8000 r--p 00025000 08:01 787985                     /lib/x86_64-linux-gnu/ld-2.23.so
7f5a7d3e8000-7f5a7d3e9000 rw-p 00026000 08:01 787985                     /lib/x86_64-linux-gnu/ld-2.23.so
7f5a7d3e9000-7f5a7d3ea000 rw-p 00000000 00:00 0 
7fff098ea000-7fff0990b000 rw-p 00000000 00:00 0                          [stack]
7fff099bc000-7fff099bf000 r--p 00000000 00:00 0                          [vvar]
7fff099bf000-7fff099c1000 r-xp 00000000 00:00 0                          [vdso]
ffffffffff600000-ffffffffff601000 r-xp 00000000 00:00 0                  [vsyscall]

VM Arguments:
jvm_args: -Dfile.encoding=UTF-8 
java_command: VivoTest
java_class_path (initial): /home/ainley/ICS3U1/VivoCulminatingGame/bin
Launcher Type: SUN_STANDARD

Environment Variables:
PATH=/home/ainley/bin:/home/ainley/.local/bin:/usr/local/sbin:/usr/local/bin:/usr/sbin:/usr/bin:/sbin:/bin:/usr/games:/usr/local/games:/snap/bin
SHELL=/bin/bash
DISPLAY=:0

Signal Handlers:
SIGSEGV: [libjvm.so+0xa6e6f0], sa_mask[0]=11111111011111111101111111111110, sa_flags=SA_RESTART|SA_SIGINFO
SIGBUS: [libjvm.so+0xa6e6f0], sa_mask[0]=11111111011111111101111111111110, sa_flags=SA_RESTART|SA_SIGINFO
SIGFPE: [libjvm.so+0x8b5d50], sa_mask[0]=11111111011111111101111111111110, sa_flags=SA_RESTART|SA_SIGINFO
SIGPIPE: [libjvm.so+0x8b5d50], sa_mask[0]=11111111011111111101111111111110, sa_flags=SA_RESTART|SA_SIGINFO
SIGXFSZ: [libjvm.so+0x8b5d50], sa_mask[0]=11111111011111111101111111111110, sa_flags=SA_RESTART|SA_SIGINFO
SIGILL: [libjvm.so+0x8b5d50], sa_mask[0]=11111111011111111101111111111110, sa_flags=SA_RESTART|SA_SIGINFO
SIGUSR1: SIG_DFL, sa_mask[0]=00000000000000000000000000000000, sa_flags=none
SIGUSR2: [libjvm.so+0x8b5c00], sa_mask[0]=00100000000000000000000000000000, sa_flags=SA_RESTART|SA_SIGINFO
SIGHUP: [libjvm.so+0x8b60d0], sa_mask[0]=11111111011111111101111111111110, sa_flags=SA_RESTART|SA_SIGINFO
SIGINT: [libjvm.so+0x8b60d0], sa_mask[0]=11111111011111111101111111111110, sa_flags=SA_RESTART|SA_SIGINFO
SIGTERM: [libjvm.so+0x8b60d0], sa_mask[0]=11111111011111111101111111111110, sa_flags=SA_RESTART|SA_SIGINFO
SIGQUIT: [libjvm.so+0x8b60d0], sa_mask[0]=11111111011111111101111111111110, sa_flags=SA_RESTART|SA_SIGINFO


---------------  S Y S T E M  ---------------

OS:DISTRIB_ID=Ubuntu
DISTRIB_RELEASE=16.04
DISTRIB_CODENAME=xenial
DISTRIB_DESCRIPTION="Ubuntu 16.04.3 LTS"

uname:Linux 4.13.0-43-generic #48~16.04.1-Ubuntu SMP Thu May 17 12:56:46 UTC 2018 x86_64
libc:glibc 2.23 NPTL 2.23 
rlimit: STACK 8192k, CORE 0k, NPROC 31225, NOFILE 1048576, AS infinity
load average:1.41 1.32 1.30

/proc/meminfo:
MemTotal:        8046724 kB
MemFree:          108504 kB
MemAvailable:       8076 kB
Buffers:             516 kB
Cached:           624504 kB
SwapCached:        12672 kB
Active:          6744608 kB
Inactive:         856308 kB
Active(anon):    6731540 kB
Inactive(anon):   842008 kB
Active(file):      13068 kB
Inactive(file):    14300 kB
Unevictable:         140 kB
Mlocked:             140 kB
SwapTotal:       8265724 kB
SwapFree:              4 kB
Dirty:               232 kB
Writeback:             0 kB
AnonPages:       6965100 kB
Mapped:           412264 kB
Shmem:            596812 kB
Slab:             116880 kB
SReclaimable:      47628 kB
SUnreclaim:        69252 kB
KernelStack:       30752 kB
PageTables:       106616 kB
NFS_Unstable:          0 kB
Bounce:                0 kB
WritebackTmp:          0 kB
CommitLimit:    12289084 kB
Committed_AS:   34217156 kB
VmallocTotal:   34359738367 kB
VmallocUsed:           0 kB
VmallocChunk:          0 kB
HardwareCorrupted:     0 kB
AnonHugePages:         0 kB
ShmemHugePages:        0 kB
ShmemPmdMapped:        0 kB
CmaTotal:              0 kB
CmaFree:               0 kB
HugePages_Total:       0
HugePages_Free:        0
HugePages_Rsvd:        0
HugePages_Surp:        0
Hugepagesize:       2048 kB
DirectMap4k:      310784 kB
DirectMap2M:     7956480 kB
DirectMap1G:     1048576 kB


CPU:total 4 (initial active 4) (2 cores per cpu, 2 threads per core) family 6 model 69 stepping 1, cmov, cx8, fxsr, mmx, sse, sse2, sse3, ssse3, sse4.1, sse4.2, popcnt, avx, avx2, aes, clmul, erms, lzcnt, ht, tsc, tscinvbit, bmi1, bmi2

/proc/cpuinfo:
processor	: 0
vendor_id	: GenuineIntel
cpu family	: 6
model		: 69
model name	: Intel(R) Core(TM) i5-4310U CPU @ 2.00GHz
stepping	: 1
microcode	: 0x23
cpu MHz		: 2693.599
cache size	: 3072 KB
physical id	: 0
siblings	: 4
core id		: 0
cpu cores	: 2
apicid		: 0
initial apicid	: 0
fpu		: yes
fpu_exception	: yes
cpuid level	: 13
wp		: yes
flags		: fpu vme de pse tsc msr pae mce cx8 apic sep mtrr pge mca cmov pat pse36 clflush dts acpi mmx fxsr sse sse2 ss ht tm pbe syscall nx pdpe1gb rdtscp lm constant_tsc arch_perfmon pebs bts rep_good nopl xtopology nonstop_tsc cpuid aperfmperf pni pclmulqdq dtes64 monitor ds_cpl vmx smx est tm2 ssse3 sdbg fma cx16 xtpr pdcm pcid sse4_1 sse4_2 x2apic movbe popcnt tsc_deadline_timer aes xsave avx f16c rdrand lahf_lm abm cpuid_fault epb invpcid_single pti retpoline spec_ctrl tpr_shadow vnmi flexpriority ept vpid fsgsbase tsc_adjust bmi1 avx2 smep bmi2 erms invpcid xsaveopt dtherm ida arat pln pts
bugs		: cpu_meltdown spectre_v1 spectre_v2 spec_store_bypass
bogomips	: 5187.60
clflush size	: 64
cache_alignment	: 64
address sizes	: 39 bits physical, 48 bits virtual
power management:

processor	: 1
vendor_id	: GenuineIntel
cpu family	: 6
model		: 69
model name	: Intel(R) Core(TM) i5-4310U CPU @ 2.00GHz
stepping	: 1
microcode	: 0x23
cpu MHz		: 2693.612
cache size	: 3072 KB
physical id	: 0
siblings	: 4
core id		: 0
cpu cores	: 2
apicid		: 1
initial apicid	: 1
fpu		: yes
fpu_exception	: yes
cpuid level	: 13
wp		: yes
flags		: fpu vme de pse tsc msr pae mce cx8 apic sep mtrr pge mca cmov pat pse36 clflush dts acpi mmx fxsr sse sse2 ss ht tm pbe syscall nx pdpe1gb rdtscp lm constant_tsc arch_perfmon pebs bts rep_good nopl xtopology nonstop_tsc cpuid aperfmperf pni pclmulqdq dtes64 monitor ds_cpl vmx smx est tm2 ssse3 sdbg fma cx16 xtpr pdcm pcid sse4_1 sse4_2 x2apic movbe popcnt tsc_deadline_timer aes xsave avx f16c rdrand lahf_lm abm cpuid_fault epb invpcid_single pti retpoline spec_ctrl tpr_shadow vnmi flexpriority ept vpid fsgsbase tsc_adjust bmi1 avx2 smep bmi2 erms invpcid xsaveopt dtherm ida arat pln pts
bugs		: cpu_meltdown spectre_v1 spectre_v2 spec_store_bypass
bogomips	: 5187.60
clflush size	: 64
cache_alignment	: 64
address sizes	: 39 bits physical, 48 bits virtual
power management:

processor	: 2
vendor_id	: GenuineIntel
cpu family	: 6
model		: 69
model name	: Intel(R) Core(TM) i5-4310U CPU @ 2.00GHz
stepping	: 1
microcode	: 0x23
cpu MHz		: 2875.615
cache size	: 3072 KB
physical id	: 0
siblings	: 4
core id		: 1
cpu cores	: 2
apicid		: 2
initial apicid	: 2
fpu		: yes
fpu_exception	: yes
cpuid level	: 13
wp		: yes
flags		: fpu vme de pse tsc msr pae mce cx8 apic sep mtrr pge mca cmov pat pse36 clflush dts acpi mmx fxsr sse sse2 ss ht tm pbe syscall nx pdpe1gb rdtscp lm constant_tsc arch_perfmon pebs bts rep_good nopl xtopology nonstop_tsc cpuid aperfmperf pni pclmulqdq dtes64 monitor ds_cpl vmx smx est tm2 ssse3 sdbg fma cx16 xtpr pdcm pcid sse4_1 sse4_2 x2apic movbe popcnt tsc_deadline_timer aes xsave avx f16c rdrand lahf_lm abm cpuid_fault epb invpcid_single pti retpoline spec_ctrl tpr_shadow vnmi flexpriority ept vpid fsgsbase tsc_adjust bmi1 avx2 smep bmi2 erms invpcid xsaveopt dtherm ida arat pln pts
bugs		: cpu_meltdown spectre_v1 spectre_v2 spec_store_bypass
bogomips	: 5187.60
clflush size	: 64
cache_alignment	: 64
address sizes	: 39 bits physical, 48 bits virtual
power management:

processor	: 3
vendor_id	: GenuineIntel
cpu family	: 6
model		: 69
model name	: Intel(R) Core(TM) i5-4310U CPU @ 2.00GHz
stepping	: 1
microcode	: 0x23
cpu MHz		: 2875.334
cache size	: 3072 KB
physical id	: 0
siblings	: 4
core id		: 1
cpu cores	: 2
apicid		: 3
initial apicid	: 3
fpu		: yes
fpu_exception	: yes
cpuid level	: 13
wp		: yes
flags		: fpu vme de pse tsc msr pae mce cx8 apic sep mtrr pge mca cmov pat pse36 clflush dts acpi mmx fxsr sse sse2 ss ht tm pbe syscall nx pdpe1gb rdtscp lm constant_tsc arch_perfmon pebs bts rep_good nopl xtopology nonstop_tsc cpuid aperfmperf pni pclmulqdq dtes64 monitor ds_cpl vmx smx est tm2 ssse3 sdbg fma cx16 xtpr pdcm pcid sse4_1 sse4_2 x2apic movbe popcnt tsc_deadline_timer aes xsave avx f16c rdrand lahf_lm abm cpuid_fault epb invpcid_single pti retpoline spec_ctrl tpr_shadow vnmi flexpriority ept vpid fsgsbase tsc_adjust bmi1 avx2 smep bmi2 erms invpcid xsaveopt dtherm ida arat pln pts
bugs		: cpu_meltdown spectre_v1 spectre_v2 spec_store_bypass
bogomips	: 5187.60
clflush size	: 64
cache_alignment	: 64
address sizes	: 39 bits physical, 48 bits virtual
power management:



Memory: 4k page, physical 8046724k(106132k free), swap 8265724k(0k free)

vm_info: OpenJDK 64-Bit Server VM (25.171-b11) for linux-amd64 JRE (1.8.0_171-8u171-b11-0ubuntu0.16.04.1-b11), built on Apr 27 2018 17:19:03 by "buildd" with gcc 5.4.0 20160609

time: Mon May 28 21:15:58 2018
elapsed time: 4 seconds (0d 0h 0m 4s)

