#
# There is insufficient memory for the Java Runtime Environment to continue.
# Native memory allocation (mmap) failed to map 65011712 bytes for committing reserved memory.
# Possible reasons:
#   The system is out of physical RAM or swap space
#   In 32 bit mode, the process size limit was hit
# Possible solutions:
#   Reduce memory load on the system
#   Increase physical memory or swap space
#   Check if swap backing store is full
#   Use 64 bit Java on a 64 bit OS
#   Decrease Java heap size (-Xmx/-Xms)
#   Decrease number of Java threads
#   Decrease Java thread stack sizes (-Xss)
#   Set larger code cache with -XX:ReservedCodeCacheSize=
# This output file may be truncated or incomplete.
#
#  Out of Memory Error (os_linux.cpp:2643), pid=12980, tid=0x00007efe8c2d1700
#
# JRE version: OpenJDK Runtime Environment (8.0_171-b11) (build 1.8.0_171-8u171-b11-0ubuntu0.16.04.1-b11)
# Java VM: OpenJDK 64-Bit Server VM (25.171-b11 mixed mode linux-amd64 compressed oops)
# Failed to write core dump. Core dumps have been disabled. To enable core dumping, try "ulimit -c unlimited" before starting Java again
#

---------------  T H R E A D  ---------------

Current thread (0x00007efe9c078000):  VMThread [stack: 0x00007efe8c1d1000,0x00007efe8c2d2000] [id=12990]

Stack: [0x00007efe8c1d1000,0x00007efe8c2d2000],  sp=0x00007efe8c2d04c0,  free space=1021k
Native frames: (J=compiled Java code, j=interpreted, Vv=VM code, C=native code)
V  [libjvm.so+0xa6db9b]
V  [libjvm.so+0x4c694c]
V  [libjvm.so+0x8ba818]
V  [libjvm.so+0x8b4bae]
V  [libjvm.so+0x92ff96]
V  [libjvm.so+0x9312c3]
V  [libjvm.so+0x92d98b]
V  [libjvm.so+0x92dc3c]
V  [libjvm.so+0x8df553]
V  [libjvm.so+0xa6f842]
V  [libjvm.so+0xa74a07]
V  [libjvm.so+0xa72107]
V  [libjvm.so+0xa7358f]
V  [libjvm.so+0xa73a81]
V  [libjvm.so+0x8b7c22]

VM_Operation (0x00007efe6cac1c30): ParallelGCFailedAllocation, mode: safepoint, requested by thread 0x00007efe9c250800


---------------  P R O C E S S  ---------------

Java Threads: ( => current thread )
  0x00007efe9c00a800 JavaThread "DestroyJavaVM" [_thread_blocked, id=12985, stack(0x00007efea5491000,0x00007efea5592000)]
  0x00007efe9c250800 JavaThread "Image Animator 2" daemon [_thread_blocked, id=13005, stack(0x00007efe6c9c3000,0x00007efe6cac4000)]
  0x00007efe9c2bc800 JavaThread "Image Fetcher 3" daemon [_thread_blocked, id=13004, stack(0x00007efe6d128000,0x00007efe6d229000)]
  0x00007efe9c2b3800 JavaThread "AWT-EventQueue-0" [_thread_blocked, id=13002, stack(0x00007efe6d229000,0x00007efe6d32a000)]
  0x00007efe9c2b1800 JavaThread "AWT-Shutdown" [_thread_blocked, id=13001, stack(0x00007efe6d32a000,0x00007efe6d42b000)]
  0x00007efe9c26d000 JavaThread "AWT-XAWT" daemon [_thread_blocked, id=13000, stack(0x00007efe6d42b000,0x00007efe6d52c000)]
  0x00007efe9c246800 JavaThread "Java2D Disposer" daemon [_thread_blocked, id=12999, stack(0x00007efe6d93c000,0x00007efe6da3d000)]
  0x00007efe9c0c0800 JavaThread "Service Thread" daemon [_thread_blocked, id=12997, stack(0x00007efe6f924000,0x00007efe6fa25000)]
  0x00007efe9c0bd000 JavaThread "C1 CompilerThread2" daemon [_thread_blocked, id=12996, stack(0x00007efe6fa25000,0x00007efe6fb26000)]
  0x00007efe9c0bb800 JavaThread "C2 CompilerThread1" daemon [_thread_blocked, id=12995, stack(0x00007efe6fb26000,0x00007efe6fc27000)]
  0x00007efe9c0b8800 JavaThread "C2 CompilerThread0" daemon [_thread_blocked, id=12994, stack(0x00007efe6fc27000,0x00007efe6fd28000)]
  0x00007efe9c0b7000 JavaThread "Signal Dispatcher" daemon [_thread_blocked, id=12993, stack(0x00007efe8408e000,0x00007efe8418f000)]
  0x00007efe9c084000 JavaThread "Finalizer" daemon [_thread_blocked, id=12992, stack(0x00007efe8418f000,0x00007efe84290000)]
  0x00007efe9c07f800 JavaThread "Reference Handler" daemon [_thread_blocked, id=12991, stack(0x00007efe8c0d0000,0x00007efe8c1d1000)]

Other Threads:
=>0x00007efe9c078000 VMThread [stack: 0x00007efe8c1d1000,0x00007efe8c2d2000] [id=12990]
  0x00007efe9c0c2800 WatcherThread [stack: 0x00007efe6f823000,0x00007efe6f924000] [id=12998]

VM state:at safepoint (normal execution)

VM Mutex/Monitor currently owned by a thread:  ([mutex/lock_event])
[0x00007efe9c006d10] Threads_lock - owner thread: 0x00007efe9c078000
[0x00007efe9c007210] Heap_lock - owner thread: 0x00007efe9c250800

Heap:
 PSYoungGen      total 68608K, used 5115K [0x00000000d7100000, 0x00000000db900000, 0x0000000100000000)
  eden space 63488K, 0% used [0x00000000d7100000,0x00000000d7100000,0x00000000daf00000)
  from space 5120K, 99% used [0x00000000daf00000,0x00000000db3fed90,0x00000000db400000)
  to   space 5120K, 0% used [0x00000000db400000,0x00000000db400000,0x00000000db900000)
 ParOldGen       total 84992K, used 32121K [0x0000000085200000, 0x000000008a500000, 0x00000000d7100000)
  object space 84992K, 37% used [0x0000000085200000,0x000000008715e568,0x000000008a500000)
 Metaspace       used 10852K, capacity 11024K, committed 11264K, reserved 1058816K
  class space    used 1191K, capacity 1258K, committed 1280K, reserved 1048576K

Card table byte_map: [0x00007efea1768000,0x00007efea1b40000] byte_map_base: 0x00007efea133f000

Marking Bits: (ParMarkBitMap*) 0x00007efea475a320
 Begin Bits: [0x00007efe84290000, 0x00007efe86148000)
 End Bits:   [0x00007efe86148000, 0x00007efe88000000)

Polling page: 0x00007efea55ae000

CodeCache: size=245760Kb used=3742Kb max_used=3742Kb free=242017Kb
 bounds [0x00007efe8d000000, 0x00007efe8d3b0000, 0x00007efe9c000000]
 total_blobs=1624 nmethods=1089 adapters=450
 compilation: enabled

Compilation events (10 events):
Event: 4.877 Thread 0x00007efe9c0bd000 1085       3       java.awt.EventQueue::postEvent (172 bytes)
Event: 4.880 Thread 0x00007efe9c0bd000 nmethod 1085 0x00007efe8d3a2290 code [0x00007efe8d3a2560, 0x00007efe8d3a37b8]
Event: 4.881 Thread 0x00007efe9c0bd000 1086       3       javax.swing.JComponent::getBounds (50 bytes)
Event: 4.882 Thread 0x00007efe9c0bd000 nmethod 1086 0x00007efe8d3a5710 code [0x00007efe8d3a5900, 0x00007efe8d3a6510]
Event: 4.882 Thread 0x00007efe9c0bd000 1088   !   3       sun.java2d.xr.XRRenderer::validateSurface (72 bytes)
Event: 4.883 Thread 0x00007efe9c0bd000 nmethod 1088 0x00007efe8d3a6950 code [0x00007efe8d3a6ba0, 0x00007efe8d3a7a38]
Event: 4.883 Thread 0x00007efe9c0bd000 1087   !   3       sun.java2d.SunGraphics2D::hitClip (269 bytes)
Event: 4.883 Thread 0x00007efe9c0bd000 nmethod 1087 0x00007efe8d3a8150 code [0x00007efe8d3a84e0, 0x00007efe8d3a93c8]
Event: 4.890 Thread 0x00007efe9c0bd000 1089       3       sun.awt.X11.XWindow::getModifiers (245 bytes)
Event: 4.892 Thread 0x00007efe9c0bd000 nmethod 1089 0x00007efe8d3a9b50 code [0x00007efe8d3a9d40, 0x00007efe8d3aa808]

GC Heap History (5 events):
Event: 0.721 GC heap before
{Heap before GC invocations=1 (full 0):
 PSYoungGen      total 36864K, used 30881K [0x00000000d7100000, 0x00000000d9a00000, 0x0000000100000000)
  eden space 31744K, 97% used [0x00000000d7100000,0x00000000d8f28580,0x00000000d9000000)
  from space 5120K, 0% used [0x00000000d9500000,0x00000000d9500000,0x00000000d9a00000)
  to   space 5120K, 0% used [0x00000000d9000000,0x00000000d9000000,0x00000000d9500000)
 ParOldGen       total 84992K, used 0K [0x0000000085200000, 0x000000008a500000, 0x00000000d7100000)
  object space 84992K, 0% used [0x0000000085200000,0x0000000085200000,0x000000008a500000)
 Metaspace       used 9216K, capacity 9400K, committed 9600K, reserved 1058816K
  class space    used 1040K, capacity 1128K, committed 1152K, reserved 1048576K
Event: 0.740 GC heap after
Heap after GC invocations=1 (full 0):
 PSYoungGen      total 36864K, used 5099K [0x00000000d7100000, 0x00000000db900000, 0x0000000100000000)
  eden space 31744K, 0% used [0x00000000d7100000,0x00000000d7100000,0x00000000d9000000)
  from space 5120K, 99% used [0x00000000d9000000,0x00000000d94faf90,0x00000000d9500000)
  to   space 5120K, 0% used [0x00000000db400000,0x00000000db400000,0x00000000db900000)
 ParOldGen       total 84992K, used 16028K [0x0000000085200000, 0x000000008a500000, 0x00000000d7100000)
  object space 84992K, 18% used [0x0000000085200000,0x00000000861a73b0,0x000000008a500000)
 Metaspace       used 9216K, capacity 9400K, committed 9600K, reserved 1058816K
  class space    used 1040K, capacity 1128K, committed 1152K, reserved 1048576K
}
Event: 4.156 GC heap before
{Heap before GC invocations=2 (full 0):
 PSYoungGen      total 36864K, used 36574K [0x00000000d7100000, 0x00000000db900000, 0x0000000100000000)
  eden space 31744K, 99% used [0x00000000d7100000,0x00000000d8fbc8f8,0x00000000d9000000)
  from space 5120K, 99% used [0x00000000d9000000,0x00000000d94faf90,0x00000000d9500000)
  to   space 5120K, 0% used [0x00000000db400000,0x00000000db400000,0x00000000db900000)
 ParOldGen       total 84992K, used 16028K [0x0000000085200000, 0x000000008a500000, 0x00000000d7100000)
  object space 84992K, 18% used [0x0000000085200000,0x00000000861a73b0,0x000000008a500000)
 Metaspace       used 10754K, capacity 10896K, committed 11008K, reserved 1058816K
  class space    used 1191K, capacity 1258K, committed 1280K, reserved 1048576K
Event: 4.169 GC heap after
Heap after GC invocations=2 (full 0):
 PSYoungGen      total 68608K, used 5096K [0x00000000d7100000, 0x00000000db900000, 0x0000000100000000)
  eden space 63488K, 0% used [0x00000000d7100000,0x00000000d7100000,0x00000000daf00000)
  from space 5120K, 99% used [0x00000000db400000,0x00000000db8fa310,0x00000000db900000)
  to   space 5120K, 0% used [0x00000000daf00000,0x00000000daf00000,0x00000000db400000)
 ParOldGen       total 84992K, used 26283K [0x0000000085200000, 0x000000008a500000, 0x00000000d7100000)
  object space 84992K, 30% used [0x0000000085200000,0x0000000086baae80,0x000000008a500000)
 Metaspace       used 10754K, capacity 10896K, committed 11008K, reserved 1058816K
  class space    used 1191K, capacity 1258K, committed 1280K, reserved 1048576K
}
Event: 4.918 GC heap before
{Heap before GC invocations=3 (full 0):
 PSYoungGen      total 68608K, used 68584K [0x00000000d7100000, 0x00000000db900000, 0x0000000100000000)
  eden space 63488K, 100% used [0x00000000d7100000,0x00000000daf00000,0x00000000daf00000)
  from space 5120K, 99% used [0x00000000db400000,0x00000000db8fa310,0x00000000db900000)
  to   space 5120K, 0% used [0x00000000daf00000,0x00000000daf00000,0x00000000db400000)
 ParOldGen       total 84992K, used 26283K [0x0000000085200000, 0x000000008a500000, 0x00000000d7100000)
  object space 84992K, 30% used [0x0000000085200000,0x0000000086baae80,0x000000008a500000)
 Metaspace       used 10852K, capacity 11024K, committed 11264K, reserved 1058816K
  class space    used 1191K, capacity 1258K, committed 1280K, reserved 1048576K

Deoptimization events (10 events):
Event: 1.126 Thread 0x00007efe9c2b3800 Uncommon trap: reason=bimorphic action=maybe_recompile pc=0x00007efe8d277e44 method=java.util.HashMap.getNode(ILjava/lang/Object;)Ljava/util/HashMap$Node; @ 59
Event: 1.149 Thread 0x00007efe9c2b3800 Uncommon trap: reason=bimorphic action=maybe_recompile pc=0x00007efe8d2401a0 method=java.util.HashMap.getNode(ILjava/lang/Object;)Ljava/util/HashMap$Node; @ 59
Event: 2.808 Thread 0x00007efe9c2b3800 Uncommon trap: reason=unstable_if action=reinterpret pc=0x00007efe8d222834 method=java.awt.Component.isShowing()Z @ 11
Event: 2.816 Thread 0x00007efe9c2bc800 Uncommon trap: reason=unstable_if action=reinterpret pc=0x00007efe8d1dd830 method=java.awt.image.ReplicateScaleFilter.setPixels(IIIILjava/awt/image/ColorModel;[III)V @ 4
Event: 4.083 Thread 0x00007efe9c250800 Uncommon trap: reason=unstable_if action=reinterpret pc=0x00007efe8d267320 method=sun.awt.image.GifImageDecoder.sendPixels(IIII[BLjava/awt/image/ColorModel;)I @ 112
Event: 4.083 Thread 0x00007efe9c250800 Uncommon trap: reason=unstable_if action=reinterpret pc=0x00007efe8d2bc4f4 method=sun.awt.image.ImageRepresentation.setPixels(IIIILjava/awt/image/ColorModel;[BII)V @ 11
Event: 4.285 Thread 0x00007efe9c250800 Uncommon trap: reason=class_check action=maybe_recompile pc=0x00007efe8d3015d8 method=javax.swing.RepaintManager.addDirtyRegion0(Ljava/awt/Container;IIII)V @ 91
Event: 4.347 Thread 0x00007efe9c250800 Uncommon trap: reason=class_check action=maybe_recompile pc=0x00007efe8d3015d8 method=javax.swing.RepaintManager.addDirtyRegion0(Ljava/awt/Container;IIII)V @ 91
Event: 4.389 Thread 0x00007efe9c250800 Uncommon trap: reason=class_check action=maybe_recompile pc=0x00007efe8d3015d8 method=javax.swing.RepaintManager.addDirtyRegion0(Ljava/awt/Container;IIII)V @ 91
Event: 4.438 Thread 0x00007efe9c250800 Uncommon trap: reason=class_check action=maybe_recompile pc=0x00007efe8d3015d8 method=javax.swing.RepaintManager.addDirtyRegion0(Ljava/awt/Container;IIII)V @ 91

Classes redefined (0 events):
No events

Internal exceptions (10 events):
Event: 0.271 Thread 0x00007efe9c00a800 Exception <a 'java/lang/ClassNotFoundException': sun/dc/DuctusRenderingEngine> (0x00000000d7392498) thrown at [/build/openjdk-8-wnL82d/openjdk-8-8u171-b11/src/hotspot/src/share/vm/classfile/systemDictionary.cpp, line 210]
Event: 0.684 Thread 0x00007efe9c2b3800 Exception <a 'java/lang/UnsupportedOperationException': > (0x00000000d7563938) thrown at [/build/openjdk-8-wnL82d/openjdk-8-8u171-b11/src/hotspot/src/share/vm/prims/jni.cpp, line 735]
Event: 0.721 Thread 0x00007efe9c2bc800 Exception <a 'java/lang/InterruptedException': sleep interrupted> (0x00000000d8eec828) thrown at [/build/openjdk-8-wnL82d/openjdk-8-8u171-b11/src/hotspot/src/share/vm/prims/jvm.cpp, line 3225]
Event: 0.793 Thread 0x00007efe9c2bc800 Exception <a 'java/lang/InterruptedException': sleep interrupted> (0x00000000d723eba0) thrown at [/build/openjdk-8-wnL82d/openjdk-8-8u171-b11/src/hotspot/src/share/vm/prims/jvm.cpp, line 3225]
Event: 0.905 Thread 0x00007efe9c250800 Implicit null exception at 0x00007efe8d1ef3ea to 0x00007efe8d1efbcd
Event: 2.816 Thread 0x00007efe9c2bc800 Implicit null exception at 0x00007efe8d1dd0ad to 0x00007efe8d1dd81d
Event: 2.890 Thread 0x00007efe9c250800 Exception <a 'java/lang/InterruptedException': sleep interrupted> (0x00000000d7509398) thrown at [/build/openjdk-8-wnL82d/openjdk-8-8u171-b11/src/hotspot/src/share/vm/prims/jvm.cpp, line 3225]
Event: 3.016 Thread 0x00007efe9c2b3800 Exception <a 'java/lang/UnsupportedOperationException': > (0x00000000d7c2c608) thrown at [/build/openjdk-8-wnL82d/openjdk-8-8u171-b11/src/hotspot/src/share/vm/prims/jni.cpp, line 735]
Event: 4.094 Thread 0x00007efe9c250800 Exception <a 'java/lang/InterruptedException': sleep interrupted> (0x00000000d8dfd858) thrown at [/build/openjdk-8-wnL82d/openjdk-8-8u171-b11/src/hotspot/src/share/vm/prims/jvm.cpp, line 3225]
Event: 4.344 Thread 0x00007efe9c2b3800 Exception <a 'java/lang/UnsupportedOperationException': > (0x00000000d781b118) thrown at [/build/openjdk-8-wnL82d/openjdk-8-8u171-b11/src/hotspot/src/share/vm/prims/jni.cpp, line 735]

Events (10 events):
Event: 4.480 Thread 0x00007efe9c250800 DEOPT UNPACKING pc=0x00007efe8d0474c4 sp=0x00007efe6cac1cd8 mode 0
Event: 4.480 Thread 0x00007efe9c250800 DEOPT PACKING pc=0x00007efe8d33eb35 sp=0x00007efe6cac1f60
Event: 4.480 Thread 0x00007efe9c250800 DEOPT UNPACKING pc=0x00007efe8d0474c4 sp=0x00007efe6cac1cd8 mode 0
Event: 4.480 Thread 0x00007efe9c250800 DEOPT PACKING pc=0x00007efe8d33eb35 sp=0x00007efe6cac1f60
Event: 4.480 Thread 0x00007efe9c250800 DEOPT UNPACKING pc=0x00007efe8d0474c4 sp=0x00007efe6cac1cd8 mode 0
Event: 4.481 Thread 0x00007efe9c250800 DEOPT PACKING pc=0x00007efe8d33eb35 sp=0x00007efe6cac1f60
Event: 4.481 Thread 0x00007efe9c250800 DEOPT UNPACKING pc=0x00007efe8d0474c4 sp=0x00007efe6cac1cd8 mode 0
Event: 4.481 Thread 0x00007efe9c250800 DEOPT PACKING pc=0x00007efe8d33eb35 sp=0x00007efe6cac1f60
Event: 4.481 Thread 0x00007efe9c250800 DEOPT UNPACKING pc=0x00007efe8d0474c4 sp=0x00007efe6cac1cd8 mode 0
Event: 4.917 Executing VM operation: ParallelGCFailedAllocation


Dynamic libraries:
00400000-00401000 r-xp 00000000 08:01 2628545                            /usr/lib/jvm/java-8-openjdk-amd64/jre/bin/java
00600000-00601000 r--p 00000000 08:01 2628545                            /usr/lib/jvm/java-8-openjdk-amd64/jre/bin/java
00601000-00602000 rw-p 00001000 08:01 2628545                            /usr/lib/jvm/java-8-openjdk-amd64/jre/bin/java
00ffb000-0101c000 rw-p 00000000 00:00 0                                  [heap]
85200000-8a500000 rw-p 00000000 00:00 0 
8a500000-d7100000 ---p 00000000 00:00 0 
d7100000-db900000 rw-p 00000000 00:00 0 
df700000-100000000 ---p 00000000 00:00 0 
100000000-100140000 rw-p 00000000 00:00 0 
100140000-140000000 ---p 00000000 00:00 0 
7efe34000000-7efe3404c000 rw-p 00000000 00:00 0 
7efe3404c000-7efe38000000 ---p 00000000 00:00 0 
7efe38bfc000-7efe38f75000 rw-s 00000000 00:05 46563392                   /SYSV00000000 (deleted)
7efe38fff000-7efe3c000000 rw-p 00000000 00:00 0 
7efe3c000000-7efe3c0da000 rw-p 00000000 00:00 0 
7efe3c0da000-7efe40000000 ---p 00000000 00:00 0 
7efe40000000-7efe40040000 rw-p 00000000 00:00 0 
7efe40040000-7efe44000000 ---p 00000000 00:00 0 
7efe44000000-7efe44021000 rw-p 00000000 00:00 0 
7efe44021000-7efe48000000 ---p 00000000 00:00 0 
7efe48000000-7efe48021000 rw-p 00000000 00:00 0 
7efe48021000-7efe4c000000 ---p 00000000 00:00 0 
7efe4c000000-7efe4c021000 rw-p 00000000 00:00 0 
7efe4c021000-7efe50000000 ---p 00000000 00:00 0 
7efe50000000-7efe50021000 rw-p 00000000 00:00 0 
7efe50021000-7efe54000000 ---p 00000000 00:00 0 
7efe54000000-7efe54520000 rw-p 00000000 00:00 0 
7efe54520000-7efe58000000 ---p 00000000 00:00 0 
7efe58000000-7efe58021000 rw-p 00000000 00:00 0 
7efe58021000-7efe5c000000 ---p 00000000 00:00 0 
7efe5c000000-7efe5c770000 rw-p 00000000 00:00 0 
7efe5c770000-7efe60000000 ---p 00000000 00:00 0 
7efe60000000-7efe6048b000 rw-p 00000000 00:00 0 
7efe6048b000-7efe64000000 ---p 00000000 00:00 0 
7efe64000000-7efe64021000 rw-p 00000000 00:00 0 
7efe64021000-7efe68000000 ---p 00000000 00:00 0 
7efe68000000-7efe68021000 rw-p 00000000 00:00 0 
7efe68021000-7efe6c000000 ---p 00000000 00:00 0 
7efe6c598000-7efe6c5a9000 r-xp 00000000 08:01 2634119                    /usr/lib/jvm/java-8-openjdk-amd64/jre/lib/amd64/libnio.so
7efe6c5a9000-7efe6c7a9000 ---p 00011000 08:01 2634119                    /usr/lib/jvm/java-8-openjdk-amd64/jre/lib/amd64/libnio.so
7efe6c7a9000-7efe6c7aa000 r--p 00011000 08:01 2634119                    /usr/lib/jvm/java-8-openjdk-amd64/jre/lib/amd64/libnio.so
7efe6c7aa000-7efe6c7ab000 rw-p 00012000 08:01 2634119                    /usr/lib/jvm/java-8-openjdk-amd64/jre/lib/amd64/libnio.so
7efe6c7ab000-7efe6c7c1000 r-xp 00000000 08:01 2634113                    /usr/lib/jvm/java-8-openjdk-amd64/jre/lib/amd64/libnet.so
7efe6c7c1000-7efe6c9c1000 ---p 00016000 08:01 2634113                    /usr/lib/jvm/java-8-openjdk-amd64/jre/lib/amd64/libnet.so
7efe6c9c1000-7efe6c9c2000 r--p 00016000 08:01 2634113                    /usr/lib/jvm/java-8-openjdk-amd64/jre/lib/amd64/libnet.so
7efe6c9c2000-7efe6c9c3000 rw-p 00017000 08:01 2634113                    /usr/lib/jvm/java-8-openjdk-amd64/jre/lib/amd64/libnet.so
7efe6c9c3000-7efe6c9c6000 ---p 00000000 00:00 0 
7efe6c9c6000-7efe6cc84000 rw-p 00000000 00:00 0 
7efe6cc84000-7efe6ccc4000 ---p 00000000 00:00 0 
7efe6ccc4000-7efe6cd1b000 r-xp 00000000 08:01 2504050                    /usr/lib/x86_64-linux-gnu/libjpeg.so.8.0.2
7efe6cd1b000-7efe6cf1b000 ---p 00057000 08:01 2504050                    /usr/lib/x86_64-linux-gnu/libjpeg.so.8.0.2
7efe6cf1b000-7efe6cf1c000 r--p 00057000 08:01 2504050                    /usr/lib/x86_64-linux-gnu/libjpeg.so.8.0.2
7efe6cf1c000-7efe6cf1d000 rw-p 00058000 08:01 2504050                    /usr/lib/x86_64-linux-gnu/libjpeg.so.8.0.2
7efe6cf1d000-7efe6cf27000 r-xp 00000000 08:01 2634117                    /usr/lib/jvm/java-8-openjdk-amd64/jre/lib/amd64/libjavajpeg.so
7efe6cf27000-7efe6d126000 ---p 0000a000 08:01 2634117                    /usr/lib/jvm/java-8-openjdk-amd64/jre/lib/amd64/libjavajpeg.so
7efe6d126000-7efe6d127000 r--p 00009000 08:01 2634117                    /usr/lib/jvm/java-8-openjdk-amd64/jre/lib/amd64/libjavajpeg.so
7efe6d127000-7efe6d128000 rw-p 0000a000 08:01 2634117                    /usr/lib/jvm/java-8-openjdk-amd64/jre/lib/amd64/libjavajpeg.so
7efe6d128000-7efe6d12b000 ---p 00000000 00:00 0 
7efe6d12b000-7efe6d229000 rw-p 00000000 00:00 0 
7efe6d229000-7efe6d22c000 ---p 00000000 00:00 0 
7efe6d22c000-7efe6d32a000 rw-p 00000000 00:00 0 
7efe6d32a000-7efe6d32d000 ---p 00000000 00:00 0 
7efe6d32d000-7efe6d42b000 rw-p 00000000 00:00 0 
7efe6d42b000-7efe6d42e000 ---p 00000000 00:00 0 
7efe6d42e000-7efe6d52c000 rw-p 00000000 00:00 0 
7efe6d52c000-7efe6d531000 r-xp 00000000 08:01 2503313                    /usr/lib/x86_64-linux-gnu/libXfixes.so.3.1.0
7efe6d531000-7efe6d730000 ---p 00005000 08:01 2503313                    /usr/lib/x86_64-linux-gnu/libXfixes.so.3.1.0
7efe6d730000-7efe6d731000 r--p 00004000 08:01 2503313                    /usr/lib/x86_64-linux-gnu/libXfixes.so.3.1.0
7efe6d731000-7efe6d732000 rw-p 00005000 08:01 2503313                    /usr/lib/x86_64-linux-gnu/libXfixes.so.3.1.0
7efe6d732000-7efe6d73b000 r-xp 00000000 08:01 2500771                    /usr/lib/x86_64-linux-gnu/libXcursor.so.1.0.2
7efe6d73b000-7efe6d93a000 ---p 00009000 08:01 2500771                    /usr/lib/x86_64-linux-gnu/libXcursor.so.1.0.2
7efe6d93a000-7efe6d93b000 r--p 00008000 08:01 2500771                    /usr/lib/x86_64-linux-gnu/libXcursor.so.1.0.2
7efe6d93b000-7efe6d93c000 rw-p 00009000 08:01 2500771                    /usr/lib/x86_64-linux-gnu/libXcursor.so.1.0.2
7efe6d93c000-7efe6d93f000 ---p 00000000 00:00 0 
7efe6d93f000-7efe6da3d000 rw-p 00000000 00:00 0 
7efe6da3d000-7efe6da61000 r-xp 00000000 08:01 792690                     /lib/x86_64-linux-gnu/libpng12.so.0.54.0
7efe6da61000-7efe6dc60000 ---p 00024000 08:01 792690                     /lib/x86_64-linux-gnu/libpng12.so.0.54.0
7efe6dc60000-7efe6dc61000 r--p 00023000 08:01 792690                     /lib/x86_64-linux-gnu/libpng12.so.0.54.0
7efe6dc61000-7efe6dc62000 rw-p 00024000 08:01 792690                     /lib/x86_64-linux-gnu/libpng12.so.0.54.0
7efe6dc62000-7efe6dd06000 r-xp 00000000 08:01 2503736                    /usr/lib/x86_64-linux-gnu/libfreetype.so.6.12.1
7efe6dd06000-7efe6df05000 ---p 000a4000 08:01 2503736                    /usr/lib/x86_64-linux-gnu/libfreetype.so.6.12.1
7efe6df05000-7efe6df0b000 r--p 000a3000 08:01 2503736                    /usr/lib/x86_64-linux-gnu/libfreetype.so.6.12.1
7efe6df0b000-7efe6df0c000 rw-p 000a9000 08:01 2503736                    /usr/lib/x86_64-linux-gnu/libfreetype.so.6.12.1
7efe6df0c000-7efe6df5e000 r-xp 00000000 08:01 2628551                    /usr/lib/jvm/java-8-openjdk-amd64/jre/lib/amd64/libfontmanager.so
7efe6df5e000-7efe6e15e000 ---p 00052000 08:01 2628551                    /usr/lib/jvm/java-8-openjdk-amd64/jre/lib/amd64/libfontmanager.so
7efe6e15e000-7efe6e160000 r--p 00052000 08:01 2628551                    /usr/lib/jvm/java-8-openjdk-amd64/jre/lib/amd64/libfontmanager.so
7efe6e160000-7efe6e161000 rw-p 00054000 08:01 2628551                    /usr/lib/jvm/java-8-openjdk-amd64/jre/lib/amd64/libfontmanager.so
7efe6e161000-7efe6e166000 r-xp 00000000 08:01 2503309                    /usr/lib/x86_64-linux-gnu/libXdmcp.so.6.0.0
7efe6e166000-7efe6e365000 ---p 00005000 08:01 2503309                    /usr/lib/x86_64-linux-gnu/libXdmcp.so.6.0.0
7efe6e365000-7efe6e366000 r--p 00004000 08:01 2503309                    /usr/lib/x86_64-linux-gnu/libXdmcp.so.6.0.0
7efe6e366000-7efe6e367000 rw-p 00005000 08:01 2503309                    /usr/lib/x86_64-linux-gnu/libXdmcp.so.6.0.0
7efe6e367000-7efe6e369000 r-xp 00000000 08:01 2503298                    /usr/lib/x86_64-linux-gnu/libXau.so.6.0.0
7efe6e369000-7efe6e569000 ---p 00002000 08:01 2503298                    /usr/lib/x86_64-linux-gnu/libXau.so.6.0.0
7efe6e569000-7efe6e56a000 r--p 00002000 08:01 2503298                    /usr/lib/x86_64-linux-gnu/libXau.so.6.0.0
7efe6e56a000-7efe6e56b000 rw-p 00003000 08:01 2503298                    /usr/lib/x86_64-linux-gnu/libXau.so.6.0.0
7efe6e56b000-7efe6e58c000 r-xp 00000000 08:01 2504716                    /usr/lib/x86_64-linux-gnu/libxcb.so.1.1.0
7efe6e58c000-7efe6e78b000 ---p 00021000 08:01 2504716                    /usr/lib/x86_64-linux-gnu/libxcb.so.1.1.0
7efe6e78b000-7efe6e78c000 r--p 00020000 08:01 2504716                    /usr/lib/x86_64-linux-gnu/libxcb.so.1.1.0
7efe6e78c000-7efe6e78d000 rw-p 00021000 08:01 2504716                    /usr/lib/x86_64-linux-gnu/libxcb.so.1.1.0
7efe6e78d000-7efe6e79c000 r-xp 00000000 08:01 2503321                    /usr/lib/x86_64-linux-gnu/libXi.so.6.1.0
7efe6e79c000-7efe6e99b000 ---p 0000f000 08:01 2503321                    /usr/lib/x86_64-linux-gnu/libXi.so.6.1.0
7efe6e99b000-7efe6e99c000 r--p 0000e000 08:01 2503321                    /usr/lib/x86_64-linux-gnu/libXi.so.6.1.0
7efe6e99c000-7efe6e99d000 rw-p 0000f000 08:01 2503321                    /usr/lib/x86_64-linux-gnu/libXi.so.6.1.0
7efe6e99d000-7efe6e9a2000 r-xp 00000000 08:01 2503339                    /usr/lib/x86_64-linux-gnu/libXtst.so.6.1.0
7efe6e9a2000-7efe6eba1000 ---p 00005000 08:01 2503339                    /usr/lib/x86_64-linux-gnu/libXtst.so.6.1.0
7efe6eba1000-7efe6eba2000 r--p 00004000 08:01 2503339                    /usr/lib/x86_64-linux-gnu/libXtst.so.6.1.0
7efe6eba2000-7efe6eba3000 rw-p 00005000 08:01 2503339                    /usr/lib/x86_64-linux-gnu/libXtst.so.6.1.0
7efe6eba3000-7efe6ebac000 r-xp 00000000 08:01 2503333                    /usr/lib/x86_64-linux-gnu/libXrender.so.1.3.0
7efe6ebac000-7efe6edab000 ---p 00009000 08:01 2503333                    /usr/lib/x86_64-linux-gnu/libXrender.so.1.3.0
7efe6edab000-7efe6edac000 r--p 00008000 08:01 2503333                    /usr/lib/x86_64-linux-gnu/libXrender.so.1.3.0
7efe6edac000-7efe6edad000 rw-p 00009000 08:01 2503333                    /usr/lib/x86_64-linux-gnu/libXrender.so.1.3.0
7efe6edad000-7efe6eee2000 r-xp 00000000 08:01 2503294                    /usr/lib/x86_64-linux-gnu/libX11.so.6.3.0
7efe6eee2000-7efe6f0e2000 ---p 00135000 08:01 2503294                    /usr/lib/x86_64-linux-gnu/libX11.so.6.3.0
7efe6f0e2000-7efe6f0e3000 r--p 00135000 08:01 2503294                    /usr/lib/x86_64-linux-gnu/libX11.so.6.3.0
7efe6f0e3000-7efe6f0e7000 rw-p 00136000 08:01 2503294                    /usr/lib/x86_64-linux-gnu/libX11.so.6.3.0
7efe6f0e7000-7efe6f0f8000 r-xp 00000000 08:01 2503311                    /usr/lib/x86_64-linux-gnu/libXext.so.6.4.0
7efe6f0f8000-7efe6f2f7000 ---p 00011000 08:01 2503311                    /usr/lib/x86_64-linux-gnu/libXext.so.6.4.0
7efe6f2f7000-7efe6f2f8000 r--p 00010000 08:01 2503311                    /usr/lib/x86_64-linux-gnu/libXext.so.6.4.0
7efe6f2f8000-7efe6f2f9000 rw-p 00011000 08:01 2503311                    /usr/lib/x86_64-linux-gnu/libXext.so.6.4.0
7efe6f2f9000-7efe6f34e000 r-xp 00000000 08:01 2628581                    /usr/lib/jvm/java-8-openjdk-amd64/jre/lib/amd64/libawt_xawt.so
7efe6f34e000-7efe6f54d000 ---p 00055000 08:01 2628581                    /usr/lib/jvm/java-8-openjdk-amd64/jre/lib/amd64/libawt_xawt.so
7efe6f54d000-7efe6f54e000 r--p 00054000 08:01 2628581                    /usr/lib/jvm/java-8-openjdk-amd64/jre/lib/amd64/libawt_xawt.so
7efe6f54e000-7efe6f551000 rw-p 00055000 08:01 2628581                    /usr/lib/jvm/java-8-openjdk-amd64/jre/lib/amd64/libawt_xawt.so
7efe6f551000-7efe6f552000 rw-p 00000000 00:00 0 
7efe6f552000-7efe6f5f2000 r-xp 00000000 08:01 2628577                    /usr/lib/jvm/java-8-openjdk-amd64/jre/lib/amd64/libawt.so
7efe6f5f2000-7efe6f7f2000 ---p 000a0000 08:01 2628577                    /usr/lib/jvm/java-8-openjdk-amd64/jre/lib/amd64/libawt.so
7efe6f7f2000-7efe6f7f3000 r--p 000a0000 08:01 2628577                    /usr/lib/jvm/java-8-openjdk-amd64/jre/lib/amd64/libawt.so
7efe6f7f3000-7efe6f7fe000 rw-p 000a1000 08:01 2628577                    /usr/lib/jvm/java-8-openjdk-amd64/jre/lib/amd64/libawt.so
7efe6f7fe000-7efe6f823000 rw-p 00000000 00:00 0 
7efe6f823000-7efe6f824000 ---p 00000000 00:00 0 
7efe6f824000-7efe6f924000 rw-p 00000000 00:00 0 
7efe6f924000-7efe6f927000 ---p 00000000 00:00 0 
7efe6f927000-7efe6fa25000 rw-p 00000000 00:00 0 
7efe6fa25000-7efe6fa28000 ---p 00000000 00:00 0 
7efe6fa28000-7efe6fb26000 rw-p 00000000 00:00 0 
7efe6fb26000-7efe6fb29000 ---p 00000000 00:00 0 
7efe6fb29000-7efe6fc27000 rw-p 00000000 00:00 0 
7efe6fc27000-7efe6fc2a000 ---p 00000000 00:00 0 
7efe6fc2a000-7efe6fd28000 rw-p 00000000 00:00 0 
7efe6fd28000-7efe70000000 r--p 00000000 08:01 2503823                    /usr/lib/locale/locale-archive
7efe70000000-7efe70021000 rw-p 00000000 00:00 0 
7efe70021000-7efe74000000 ---p 00000000 00:00 0 
7efe74000000-7efe74021000 rw-p 00000000 00:00 0 
7efe74021000-7efe78000000 ---p 00000000 00:00 0 
7efe78000000-7efe78021000 rw-p 00000000 00:00 0 
7efe78021000-7efe7c000000 ---p 00000000 00:00 0 
7efe7c000000-7efe7c021000 rw-p 00000000 00:00 0 
7efe7c021000-7efe80000000 ---p 00000000 00:00 0 
7efe80000000-7efe80021000 rw-p 00000000 00:00 0 
7efe80021000-7efe84000000 ---p 00000000 00:00 0 
7efe8406e000-7efe84079000 r--s 00000000 08:01 9850008                    /var/cache/fontconfig/945677eb7aeaf62f1d50efc3fb3ec7d8-le64.cache-6
7efe84079000-7efe8408e000 r--s 00000000 08:01 9849984                    /var/cache/fontconfig/04aabc0a78ac019cf9454389977116d2-le64.cache-6
7efe8408e000-7efe84091000 ---p 00000000 00:00 0 
7efe84091000-7efe8418f000 rw-p 00000000 00:00 0 
7efe8418f000-7efe84192000 ---p 00000000 00:00 0 
7efe84192000-7efe88000000 rw-p 00000000 00:00 0 
7efe88000000-7efe88021000 rw-p 00000000 00:00 0 
7efe88021000-7efe8c000000 ---p 00000000 00:00 0 
7efe8c008000-7efe8c00e000 r--s 00000000 08:01 9849990                    /var/cache/fontconfig/2cd17615ca594fa2959ae173292e504c-le64.cache-6
7efe8c00e000-7efe8c00f000 r--s 00000000 08:01 9849987                    /var/cache/fontconfig/0d8c3b2ac0904cb8a57a757ad11a4a08-le64.cache-6
7efe8c00f000-7efe8c010000 r--s 00000000 08:01 9849989                    /var/cache/fontconfig/1ac9eb803944fde146138c791f5cc56a-le64.cache-6
7efe8c010000-7efe8c014000 r--s 00000000 08:01 9849994                    /var/cache/fontconfig/385c0604a188198f04d133e54aba7fe7-le64.cache-6
7efe8c014000-7efe8c015000 r--s 00000000 08:01 9850021                    /var/cache/fontconfig/dc05db6664285cc2f12bf69c139ae4c3-le64.cache-6
7efe8c015000-7efe8c018000 r--s 00000000 08:01 9850004                    /var/cache/fontconfig/767a8244fc0220cfb567a839d0392e0b-le64.cache-6
7efe8c018000-7efe8c019000 r--s 00000000 08:01 9850133                    /var/cache/fontconfig/4794a0821666d79190d59a36cb4f44b5-le64.cache-6
7efe8c019000-7efe8c01e000 r--s 00000000 08:01 9850007                    /var/cache/fontconfig/8801497958630a81b71ace7c5f9b32a8-le64.cache-6
7efe8c01e000-7efe8c01f000 r--s 00000000 08:01 9850014                    /var/cache/fontconfig/bab58bb527bb656aaa9f116d68a48d89-le64.cache-6
7efe8c01f000-7efe8c026000 r--s 00000000 08:01 9849991                    /var/cache/fontconfig/3047814df9a2f067bd2d96a2b9c36e5a-le64.cache-6
7efe8c026000-7efe8c027000 r--s 00000000 08:01 9849998                    /var/cache/fontconfig/56cf4f4769d0f4abc89a4895d7bd3ae1-le64.cache-6
7efe8c027000-7efe8c028000 r--s 00000000 08:01 9850013                    /var/cache/fontconfig/b9d506c9ac06c20b433354fa67a72993-le64.cache-6
7efe8c028000-7efe8c02e000 r--s 00000000 08:01 9850012                    /var/cache/fontconfig/b47c4e1ecd0709278f4910c18777a504-le64.cache-6
7efe8c02e000-7efe8c041000 r--s 00000000 08:01 9850018                    /var/cache/fontconfig/d52a8644073d54c13679302ca1180695-le64.cache-6
7efe8c041000-7efe8c04c000 r--s 00000000 08:01 9852800                    /var/cache/fontconfig/d589a48862398ed80a3d6066f4f56f4c-le64.cache-6
7efe8c04c000-7efe8c04f000 r--s 00000000 08:01 9850003                    /var/cache/fontconfig/75114ca45c98e8a441da0ff356701271-le64.cache-6
7efe8c04f000-7efe8c05a000 r--s 00000000 08:01 9850006                    /var/cache/fontconfig/83bf95040141907cd45bb53cf7c1c148-le64.cache-6
7efe8c05a000-7efe8c06c000 r--s 00000000 08:01 9850010                    /var/cache/fontconfig/9b89f8e3dae116d678bbf48e5f21f69b-le64.cache-6
7efe8c06c000-7efe8c06f000 r--s 00000000 08:01 9850022                    /var/cache/fontconfig/e13b20fdb08344e0e664864cc2ede53d-le64.cache-6
7efe8c087000-7efe8c09a000 r--s 00346000 08:01 2500963                    /usr/lib/jvm/java-8-openjdk-amd64/jre/lib/resources.jar
7efe8c09a000-7efe8c0b5000 r--s 001d6000 08:01 2500955                    /usr/lib/jvm/java-8-openjdk-amd64/jre/lib/ext/nashorn.jar
7efe8c0b5000-7efe8c0d0000 r--s 00394000 08:01 2500952                    /usr/lib/jvm/java-8-openjdk-amd64/jre/lib/ext/cldrdata.jar
7efe8c0d0000-7efe8c0d3000 ---p 00000000 00:00 0 
7efe8c0d3000-7efe8c1d1000 rw-p 00000000 00:00 0 
7efe8c1d1000-7efe8c1d2000 ---p 00000000 00:00 0 
7efe8c1d2000-7efe8d000000 rw-p 00000000 00:00 0 
7efe8d000000-7efe8d3b0000 rwxp 00000000 00:00 0 
7efe8d3b0000-7efe9c000000 ---p 00000000 00:00 0 
7efe9c000000-7efe9c2bf000 rw-p 00000000 00:00 0 
7efe9c2bf000-7efea0000000 ---p 00000000 00:00 0 
7efea0000000-7efea0001000 r--s 00000000 08:01 9849997                    /var/cache/fontconfig/551ecf3b0e8b0bca0f25c0944f561853-le64.cache-6
7efea0001000-7efea0005000 r--s 00000000 08:01 9850015                    /var/cache/fontconfig/7ef2298fde41cc6eeb7af42e48b7d293-le64.cache-6
7efea0005000-7efea02b8000 rw-p 00000000 00:00 0 
7efea02b8000-7efea0487000 r--s 03c2f000 08:01 2500977                    /usr/lib/jvm/java-8-openjdk-amd64/jre/lib/rt.jar
7efea0487000-7efea10d4000 rw-p 00000000 00:00 0 
7efea10d4000-7efea10d5000 ---p 00000000 00:00 0 
7efea10d5000-7efea11d5000 rw-p 00000000 00:00 0 
7efea11d5000-7efea11d6000 ---p 00000000 00:00 0 
7efea11d6000-7efea12d6000 rw-p 00000000 00:00 0 
7efea12d6000-7efea12d7000 ---p 00000000 00:00 0 
7efea12d7000-7efea13d7000 rw-p 00000000 00:00 0 
7efea13d7000-7efea13d8000 ---p 00000000 00:00 0 
7efea13d8000-7efea1502000 rw-p 00000000 00:00 0 
7efea1502000-7efea1768000 ---p 00000000 00:00 0 
7efea1768000-7efea1792000 rw-p 00000000 00:00 0 
7efea1792000-7efea19f7000 ---p 00000000 00:00 0 
7efea19f7000-7efea1a1c000 rw-p 00000000 00:00 0 
7efea1a1c000-7efea1b3f000 ---p 00000000 00:00 0 
7efea1b3f000-7efea1b4f000 rw-p 00000000 00:00 0 
7efea1b4f000-7efea1f00000 ---p 00000000 00:00 0 
7efea1f00000-7efea1f08000 r-xp 00000000 08:01 2629406                    /usr/lib/jvm/java-8-openjdk-amd64/jre/lib/amd64/libzip.so
7efea1f08000-7efea2107000 ---p 00008000 08:01 2629406                    /usr/lib/jvm/java-8-openjdk-amd64/jre/lib/amd64/libzip.so
7efea2107000-7efea2108000 r--p 00007000 08:01 2629406                    /usr/lib/jvm/java-8-openjdk-amd64/jre/lib/amd64/libzip.so
7efea2108000-7efea2109000 rw-p 00008000 08:01 2629406                    /usr/lib/jvm/java-8-openjdk-amd64/jre/lib/amd64/libzip.so
7efea2109000-7efea2114000 r-xp 00000000 08:01 788064                     /lib/x86_64-linux-gnu/libnss_files-2.23.so
7efea2114000-7efea2313000 ---p 0000b000 08:01 788064                     /lib/x86_64-linux-gnu/libnss_files-2.23.so
7efea2313000-7efea2314000 r--p 0000a000 08:01 788064                     /lib/x86_64-linux-gnu/libnss_files-2.23.so
7efea2314000-7efea2315000 rw-p 0000b000 08:01 788064                     /lib/x86_64-linux-gnu/libnss_files-2.23.so
7efea2315000-7efea231b000 rw-p 00000000 00:00 0 
7efea231b000-7efea2326000 r-xp 00000000 08:01 792566                     /lib/x86_64-linux-gnu/libnss_nis-2.23.so
7efea2326000-7efea2525000 ---p 0000b000 08:01 792566                     /lib/x86_64-linux-gnu/libnss_nis-2.23.so
7efea2525000-7efea2526000 r--p 0000a000 08:01 792566                     /lib/x86_64-linux-gnu/libnss_nis-2.23.so
7efea2526000-7efea2527000 rw-p 0000b000 08:01 792566                     /lib/x86_64-linux-gnu/libnss_nis-2.23.so
7efea2527000-7efea253d000 r-xp 00000000 08:01 787982                     /lib/x86_64-linux-gnu/libnsl-2.23.so
7efea253d000-7efea273c000 ---p 00016000 08:01 787982                     /lib/x86_64-linux-gnu/libnsl-2.23.so
7efea273c000-7efea273d000 r--p 00015000 08:01 787982                     /lib/x86_64-linux-gnu/libnsl-2.23.so
7efea273d000-7efea273e000 rw-p 00016000 08:01 787982                     /lib/x86_64-linux-gnu/libnsl-2.23.so
7efea273e000-7efea2740000 rw-p 00000000 00:00 0 
7efea2740000-7efea2748000 r-xp 00000000 08:01 788059                     /lib/x86_64-linux-gnu/libnss_compat-2.23.so
7efea2748000-7efea2947000 ---p 00008000 08:01 788059                     /lib/x86_64-linux-gnu/libnss_compat-2.23.so
7efea2947000-7efea2948000 r--p 00007000 08:01 788059                     /lib/x86_64-linux-gnu/libnss_compat-2.23.so
7efea2948000-7efea2949000 rw-p 00008000 08:01 788059                     /lib/x86_64-linux-gnu/libnss_compat-2.23.so
7efea2949000-7efea2976000 r-xp 00000000 08:01 2629397                    /usr/lib/jvm/java-8-openjdk-amd64/jre/lib/amd64/libjava.so
7efea2976000-7efea2b75000 ---p 0002d000 08:01 2629397                    /usr/lib/jvm/java-8-openjdk-amd64/jre/lib/amd64/libjava.so
7efea2b75000-7efea2b76000 r--p 0002c000 08:01 2629397                    /usr/lib/jvm/java-8-openjdk-amd64/jre/lib/amd64/libjava.so
7efea2b76000-7efea2b78000 rw-p 0002d000 08:01 2629397                    /usr/lib/jvm/java-8-openjdk-amd64/jre/lib/amd64/libjava.so
7efea2b78000-7efea2b87000 r-xp 00000000 08:01 2628546                    /usr/lib/jvm/java-8-openjdk-amd64/jre/lib/amd64/libverify.so
7efea2b87000-7efea2d86000 ---p 0000f000 08:01 2628546                    /usr/lib/jvm/java-8-openjdk-amd64/jre/lib/amd64/libverify.so
7efea2d86000-7efea2d88000 r--p 0000e000 08:01 2628546                    /usr/lib/jvm/java-8-openjdk-amd64/jre/lib/amd64/libverify.so
7efea2d88000-7efea2d89000 rw-p 00010000 08:01 2628546                    /usr/lib/jvm/java-8-openjdk-amd64/jre/lib/amd64/libverify.so
7efea2d89000-7efea2d90000 r-xp 00000000 08:01 792567                     /lib/x86_64-linux-gnu/librt-2.23.so
7efea2d90000-7efea2f8f000 ---p 00007000 08:01 792567                     /lib/x86_64-linux-gnu/librt-2.23.so
7efea2f8f000-7efea2f90000 r--p 00006000 08:01 792567                     /lib/x86_64-linux-gnu/librt-2.23.so
7efea2f90000-7efea2f91000 rw-p 00007000 08:01 792567                     /lib/x86_64-linux-gnu/librt-2.23.so
7efea2f91000-7efea2fa7000 r-xp 00000000 08:01 792587                     /lib/x86_64-linux-gnu/libgcc_s.so.1
7efea2fa7000-7efea31a6000 ---p 00016000 08:01 792587                     /lib/x86_64-linux-gnu/libgcc_s.so.1
7efea31a6000-7efea31a7000 rw-p 00015000 08:01 792587                     /lib/x86_64-linux-gnu/libgcc_s.so.1
7efea31a7000-7efea32af000 r-xp 00000000 08:01 787973                     /lib/x86_64-linux-gnu/libm-2.23.so
7efea32af000-7efea34ae000 ---p 00108000 08:01 787973                     /lib/x86_64-linux-gnu/libm-2.23.so
7efea34ae000-7efea34af000 r--p 00107000 08:01 787973                     /lib/x86_64-linux-gnu/libm-2.23.so
7efea34af000-7efea34b0000 rw-p 00108000 08:01 787973                     /lib/x86_64-linux-gnu/libm-2.23.so
7efea34b0000-7efea3622000 r-xp 00000000 08:01 2495631                    /usr/lib/x86_64-linux-gnu/libstdc++.so.6.0.21
7efea3622000-7efea3822000 ---p 00172000 08:01 2495631                    /usr/lib/x86_64-linux-gnu/libstdc++.so.6.0.21
7efea3822000-7efea382c000 r--p 00172000 08:01 2495631                    /usr/lib/x86_64-linux-gnu/libstdc++.so.6.0.21
7efea382c000-7efea382e000 rw-p 0017c000 08:01 2495631                    /usr/lib/x86_64-linux-gnu/libstdc++.so.6.0.21
7efea382e000-7efea3832000 rw-p 00000000 00:00 0 
7efea3832000-7efea448b000 r-xp 00000000 08:01 2634111                    /usr/lib/jvm/java-8-openjdk-amd64/jre/lib/amd64/server/libjvm.so
7efea448b000-7efea468b000 ---p 00c59000 08:01 2634111                    /usr/lib/jvm/java-8-openjdk-amd64/jre/lib/amd64/server/libjvm.so
7efea468b000-7efea471e000 r--p 00c59000 08:01 2634111                    /usr/lib/jvm/java-8-openjdk-amd64/jre/lib/amd64/server/libjvm.so
7efea471e000-7efea4747000 rw-p 00cec000 08:01 2634111                    /usr/lib/jvm/java-8-openjdk-amd64/jre/lib/amd64/server/libjvm.so
7efea4747000-7efea4777000 rw-p 00000000 00:00 0 
7efea4777000-7efea478f000 r-xp 00000000 08:01 787993                     /lib/x86_64-linux-gnu/libpthread-2.23.so
7efea478f000-7efea498e000 ---p 00018000 08:01 787993                     /lib/x86_64-linux-gnu/libpthread-2.23.so
7efea498e000-7efea498f000 r--p 00017000 08:01 787993                     /lib/x86_64-linux-gnu/libpthread-2.23.so
7efea498f000-7efea4990000 rw-p 00018000 08:01 787993                     /lib/x86_64-linux-gnu/libpthread-2.23.so
7efea4990000-7efea4994000 rw-p 00000000 00:00 0 
7efea4994000-7efea4997000 r-xp 00000000 08:01 788053                     /lib/x86_64-linux-gnu/libdl-2.23.so
7efea4997000-7efea4b96000 ---p 00003000 08:01 788053                     /lib/x86_64-linux-gnu/libdl-2.23.so
7efea4b96000-7efea4b97000 r--p 00002000 08:01 788053                     /lib/x86_64-linux-gnu/libdl-2.23.so
7efea4b97000-7efea4b98000 rw-p 00003000 08:01 788053                     /lib/x86_64-linux-gnu/libdl-2.23.so
7efea4b98000-7efea4bb1000 r-xp 00000000 08:01 792740                     /lib/x86_64-linux-gnu/libz.so.1.2.8
7efea4bb1000-7efea4db0000 ---p 00019000 08:01 792740                     /lib/x86_64-linux-gnu/libz.so.1.2.8
7efea4db0000-7efea4db1000 r--p 00018000 08:01 792740                     /lib/x86_64-linux-gnu/libz.so.1.2.8
7efea4db1000-7efea4db2000 rw-p 00019000 08:01 792740                     /lib/x86_64-linux-gnu/libz.so.1.2.8
7efea4db2000-7efea4f72000 r-xp 00000000 08:01 788051                     /lib/x86_64-linux-gnu/libc-2.23.so
7efea4f72000-7efea5172000 ---p 001c0000 08:01 788051                     /lib/x86_64-linux-gnu/libc-2.23.so
7efea5172000-7efea5176000 r--p 001c0000 08:01 788051                     /lib/x86_64-linux-gnu/libc-2.23.so
7efea5176000-7efea5178000 rw-p 001c4000 08:01 788051                     /lib/x86_64-linux-gnu/libc-2.23.so
7efea5178000-7efea517c000 rw-p 00000000 00:00 0 
7efea517c000-7efea5189000 r-xp 00000000 08:01 2629407                    /usr/lib/jvm/java-8-openjdk-amd64/jre/lib/amd64/jli/libjli.so
7efea5189000-7efea5389000 ---p 0000d000 08:01 2629407                    /usr/lib/jvm/java-8-openjdk-amd64/jre/lib/amd64/jli/libjli.so
7efea5389000-7efea538a000 r--p 0000d000 08:01 2629407                    /usr/lib/jvm/java-8-openjdk-amd64/jre/lib/amd64/jli/libjli.so
7efea538a000-7efea538b000 rw-p 0000e000 08:01 2629407                    /usr/lib/jvm/java-8-openjdk-amd64/jre/lib/amd64/jli/libjli.so
7efea538b000-7efea53b1000 r-xp 00000000 08:01 787985                     /lib/x86_64-linux-gnu/ld-2.23.so
7efea53b1000-7efea53b2000 r--s 00000000 08:01 9849992                    /var/cache/fontconfig/30829fa25452a46451e813d634d7f916-le64.cache-6
7efea53b2000-7efea53b3000 r--s 00000000 08:01 9849986                    /var/cache/fontconfig/0c9eb80ebd1c36541ebe2852d3bb0c49-le64.cache-6
7efea53b3000-7efea53b4000 r--s 00000000 08:01 8676885                    /home/ainley/.cache/fontconfig/52ceec4e06308fc5a368211192b70366-le64.cache-6
7efea53b4000-7efea53b9000 r--s 002f9000 08:01 2500944                    /usr/lib/jvm/java-8-openjdk-amd64/jre/lib/charsets.jar
7efea53b9000-7efea53bc000 r--s 0000f000 08:01 2500954                    /usr/lib/jvm/java-8-openjdk-amd64/jre/lib/ext/icedtea-sound.jar
7efea53bc000-7efea53c6000 r--s 00116000 08:01 2500959                    /usr/lib/jvm/java-8-openjdk-amd64/jre/lib/ext/localedata.jar
7efea53c6000-7efea5491000 rw-p 00000000 00:00 0 
7efea5491000-7efea5494000 ---p 00000000 00:00 0 
7efea5494000-7efea5596000 rw-p 00000000 00:00 0 
7efea5596000-7efea5597000 r--s 00010000 08:01 2500946                    /usr/lib/jvm/java-8-openjdk-amd64/jre/lib/ext/zipfs.jar
7efea5597000-7efea559a000 r--s 00038000 08:01 2500949                    /usr/lib/jvm/java-8-openjdk-amd64/jre/lib/ext/sunpkcs11.jar
7efea559a000-7efea559c000 r--s 00008000 08:01 2500945                    /usr/lib/jvm/java-8-openjdk-amd64/jre/lib/ext/sunec.jar
7efea559c000-7efea55a2000 r--s 0003b000 08:01 2500953                    /usr/lib/jvm/java-8-openjdk-amd64/jre/lib/ext/sunjce_provider.jar
7efea55a2000-7efea55a4000 r--s 00001000 08:01 2500948                    /usr/lib/jvm/java-8-openjdk-amd64/jre/lib/ext/dnsns.jar
7efea55a4000-7efea55a5000 r--s 0000a000 08:01 2500956                    /usr/lib/jvm/java-8-openjdk-amd64/jre/lib/ext/jaccess.jar
7efea55a5000-7efea55ad000 rw-s 00000000 08:01 11819627                   /tmp/hsperfdata_ainley/12980
7efea55ad000-7efea55ae000 rw-p 00000000 00:00 0 
7efea55ae000-7efea55af000 ---p 00000000 00:00 0 
7efea55af000-7efea55b0000 rw-p 00000000 00:00 0 
7efea55b0000-7efea55b1000 r--p 00025000 08:01 787985                     /lib/x86_64-linux-gnu/ld-2.23.so
7efea55b1000-7efea55b2000 rw-p 00026000 08:01 787985                     /lib/x86_64-linux-gnu/ld-2.23.so
7efea55b2000-7efea55b3000 rw-p 00000000 00:00 0 
7ffc971fe000-7ffc9721f000 rw-p 00000000 00:00 0                          [stack]
7ffc973ac000-7ffc973af000 r--p 00000000 00:00 0                          [vvar]
7ffc973af000-7ffc973b1000 r-xp 00000000 00:00 0                          [vdso]
ffffffffff600000-ffffffffff601000 r-xp 00000000 00:00 0                  [vsyscall]

VM Arguments:
jvm_args: -Dfile.encoding=UTF-8 
java_command: VivoTest
java_class_path (initial): /home/ainley/ICS3U1/VivoCulminatingGame/bin
Launcher Type: SUN_STANDARD

Environment Variables:
PATH=/home/ainley/bin:/home/ainley/.local/bin:/usr/local/sbin:/usr/local/bin:/usr/sbin:/usr/bin:/sbin:/bin:/usr/games:/usr/local/games:/snap/bin
SHELL=/bin/bash
DISPLAY=:0

Signal Handlers:
SIGSEGV: [libjvm.so+0xa6e6f0], sa_mask[0]=11111111011111111101111111111110, sa_flags=SA_RESTART|SA_SIGINFO
SIGBUS: [libjvm.so+0xa6e6f0], sa_mask[0]=11111111011111111101111111111110, sa_flags=SA_RESTART|SA_SIGINFO
SIGFPE: [libjvm.so+0x8b5d50], sa_mask[0]=11111111011111111101111111111110, sa_flags=SA_RESTART|SA_SIGINFO
SIGPIPE: [libjvm.so+0x8b5d50], sa_mask[0]=11111111011111111101111111111110, sa_flags=SA_RESTART|SA_SIGINFO
SIGXFSZ: [libjvm.so+0x8b5d50], sa_mask[0]=11111111011111111101111111111110, sa_flags=SA_RESTART|SA_SIGINFO
SIGILL: [libjvm.so+0x8b5d50], sa_mask[0]=11111111011111111101111111111110, sa_flags=SA_RESTART|SA_SIGINFO
SIGUSR1: SIG_DFL, sa_mask[0]=00000000000000000000000000000000, sa_flags=none
SIGUSR2: [libjvm.so+0x8b5c00], sa_mask[0]=00100000000000000000000000000000, sa_flags=SA_RESTART|SA_SIGINFO
SIGHUP: [libjvm.so+0x8b60d0], sa_mask[0]=11111111011111111101111111111110, sa_flags=SA_RESTART|SA_SIGINFO
SIGINT: [libjvm.so+0x8b60d0], sa_mask[0]=11111111011111111101111111111110, sa_flags=SA_RESTART|SA_SIGINFO
SIGTERM: [libjvm.so+0x8b60d0], sa_mask[0]=11111111011111111101111111111110, sa_flags=SA_RESTART|SA_SIGINFO
SIGQUIT: [libjvm.so+0x8b60d0], sa_mask[0]=11111111011111111101111111111110, sa_flags=SA_RESTART|SA_SIGINFO


---------------  S Y S T E M  ---------------

OS:DISTRIB_ID=Ubuntu
DISTRIB_RELEASE=16.04
DISTRIB_CODENAME=xenial
DISTRIB_DESCRIPTION="Ubuntu 16.04.3 LTS"

uname:Linux 4.13.0-43-generic #48~16.04.1-Ubuntu SMP Thu May 17 12:56:46 UTC 2018 x86_64
libc:glibc 2.23 NPTL 2.23 
rlimit: STACK 8192k, CORE 0k, NPROC 31225, NOFILE 1048576, AS infinity
load average:1.01 1.24 1.27

/proc/meminfo:
MemTotal:        8046724 kB
MemFree:          107296 kB
MemAvailable:       7080 kB
Buffers:             604 kB
Cached:           626732 kB
SwapCached:         1184 kB
Active:          6748648 kB
Inactive:         854496 kB
Active(anon):    6734252 kB
Inactive(anon):   841044 kB
Active(file):      14396 kB
Inactive(file):    13452 kB
Unevictable:         140 kB
Mlocked:             140 kB
SwapTotal:       8265724 kB
SwapFree:              0 kB
Dirty:               516 kB
Writeback:             0 kB
AnonPages:       6975384 kB
Mapped:           374972 kB
Shmem:            599608 kB
Slab:             117112 kB
SReclaimable:      47572 kB
SUnreclaim:        69540 kB
KernelStack:       30768 kB
PageTables:       106712 kB
NFS_Unstable:          0 kB
Bounce:                0 kB
WritebackTmp:          0 kB
CommitLimit:    12289084 kB
Committed_AS:   34236380 kB
VmallocTotal:   34359738367 kB
VmallocUsed:           0 kB
VmallocChunk:          0 kB
HardwareCorrupted:     0 kB
AnonHugePages:         0 kB
ShmemHugePages:        0 kB
ShmemPmdMapped:        0 kB
CmaTotal:              0 kB
CmaFree:               0 kB
HugePages_Total:       0
HugePages_Free:        0
HugePages_Rsvd:        0
HugePages_Surp:        0
Hugepagesize:       2048 kB
DirectMap4k:      314880 kB
DirectMap2M:     7952384 kB
DirectMap1G:     1048576 kB


CPU:total 4 (initial active 4) (2 cores per cpu, 2 threads per core) family 6 model 69 stepping 1, cmov, cx8, fxsr, mmx, sse, sse2, sse3, ssse3, sse4.1, sse4.2, popcnt, avx, avx2, aes, clmul, erms, lzcnt, ht, tsc, tscinvbit, bmi1, bmi2

/proc/cpuinfo:
processor	: 0
vendor_id	: GenuineIntel
cpu family	: 6
model		: 69
model name	: Intel(R) Core(TM) i5-4310U CPU @ 2.00GHz
stepping	: 1
microcode	: 0x23
cpu MHz		: 2693.611
cache size	: 3072 KB
physical id	: 0
siblings	: 4
core id		: 0
cpu cores	: 2
apicid		: 0
initial apicid	: 0
fpu		: yes
fpu_exception	: yes
cpuid level	: 13
wp		: yes
flags		: fpu vme de pse tsc msr pae mce cx8 apic sep mtrr pge mca cmov pat pse36 clflush dts acpi mmx fxsr sse sse2 ss ht tm pbe syscall nx pdpe1gb rdtscp lm constant_tsc arch_perfmon pebs bts rep_good nopl xtopology nonstop_tsc cpuid aperfmperf pni pclmulqdq dtes64 monitor ds_cpl vmx smx est tm2 ssse3 sdbg fma cx16 xtpr pdcm pcid sse4_1 sse4_2 x2apic movbe popcnt tsc_deadline_timer aes xsave avx f16c rdrand lahf_lm abm cpuid_fault epb invpcid_single pti retpoline spec_ctrl tpr_shadow vnmi flexpriority ept vpid fsgsbase tsc_adjust bmi1 avx2 smep bmi2 erms invpcid xsaveopt dtherm ida arat pln pts
bugs		: cpu_meltdown spectre_v1 spectre_v2 spec_store_bypass
bogomips	: 5187.60
clflush size	: 64
cache_alignment	: 64
address sizes	: 39 bits physical, 48 bits virtual
power management:

processor	: 1
vendor_id	: GenuineIntel
cpu family	: 6
model		: 69
model name	: Intel(R) Core(TM) i5-4310U CPU @ 2.00GHz
stepping	: 1
microcode	: 0x23
cpu MHz		: 2693.673
cache size	: 3072 KB
physical id	: 0
siblings	: 4
core id		: 0
cpu cores	: 2
apicid		: 1
initial apicid	: 1
fpu		: yes
fpu_exception	: yes
cpuid level	: 13
wp		: yes
flags		: fpu vme de pse tsc msr pae mce cx8 apic sep mtrr pge mca cmov pat pse36 clflush dts acpi mmx fxsr sse sse2 ss ht tm pbe syscall nx pdpe1gb rdtscp lm constant_tsc arch_perfmon pebs bts rep_good nopl xtopology nonstop_tsc cpuid aperfmperf pni pclmulqdq dtes64 monitor ds_cpl vmx smx est tm2 ssse3 sdbg fma cx16 xtpr pdcm pcid sse4_1 sse4_2 x2apic movbe popcnt tsc_deadline_timer aes xsave avx f16c rdrand lahf_lm abm cpuid_fault epb invpcid_single pti retpoline spec_ctrl tpr_shadow vnmi flexpriority ept vpid fsgsbase tsc_adjust bmi1 avx2 smep bmi2 erms invpcid xsaveopt dtherm ida arat pln pts
bugs		: cpu_meltdown spectre_v1 spectre_v2 spec_store_bypass
bogomips	: 5187.60
clflush size	: 64
cache_alignment	: 64
address sizes	: 39 bits physical, 48 bits virtual
power management:

processor	: 2
vendor_id	: GenuineIntel
cpu family	: 6
model		: 69
model name	: Intel(R) Core(TM) i5-4310U CPU @ 2.00GHz
stepping	: 1
microcode	: 0x23
cpu MHz		: 2883.407
cache size	: 3072 KB
physical id	: 0
siblings	: 4
core id		: 1
cpu cores	: 2
apicid		: 2
initial apicid	: 2
fpu		: yes
fpu_exception	: yes
cpuid level	: 13
wp		: yes
flags		: fpu vme de pse tsc msr pae mce cx8 apic sep mtrr pge mca cmov pat pse36 clflush dts acpi mmx fxsr sse sse2 ss ht tm pbe syscall nx pdpe1gb rdtscp lm constant_tsc arch_perfmon pebs bts rep_good nopl xtopology nonstop_tsc cpuid aperfmperf pni pclmulqdq dtes64 monitor ds_cpl vmx smx est tm2 ssse3 sdbg fma cx16 xtpr pdcm pcid sse4_1 sse4_2 x2apic movbe popcnt tsc_deadline_timer aes xsave avx f16c rdrand lahf_lm abm cpuid_fault epb invpcid_single pti retpoline spec_ctrl tpr_shadow vnmi flexpriority ept vpid fsgsbase tsc_adjust bmi1 avx2 smep bmi2 erms invpcid xsaveopt dtherm ida arat pln pts
bugs		: cpu_meltdown spectre_v1 spectre_v2 spec_store_bypass
bogomips	: 5187.60
clflush size	: 64
cache_alignment	: 64
address sizes	: 39 bits physical, 48 bits virtual
power management:

processor	: 3
vendor_id	: GenuineIntel
cpu family	: 6
model		: 69
model name	: Intel(R) Core(TM) i5-4310U CPU @ 2.00GHz
stepping	: 1
microcode	: 0x23
cpu MHz		: 2770.449
cache size	: 3072 KB
physical id	: 0
siblings	: 4
core id		: 1
cpu cores	: 2
apicid		: 3
initial apicid	: 3
fpu		: yes
fpu_exception	: yes
cpuid level	: 13
wp		: yes
flags		: fpu vme de pse tsc msr pae mce cx8 apic sep mtrr pge mca cmov pat pse36 clflush dts acpi mmx fxsr sse sse2 ss ht tm pbe syscall nx pdpe1gb rdtscp lm constant_tsc arch_perfmon pebs bts rep_good nopl xtopology nonstop_tsc cpuid aperfmperf pni pclmulqdq dtes64 monitor ds_cpl vmx smx est tm2 ssse3 sdbg fma cx16 xtpr pdcm pcid sse4_1 sse4_2 x2apic movbe popcnt tsc_deadline_timer aes xsave avx f16c rdrand lahf_lm abm cpuid_fault epb invpcid_single pti retpoline spec_ctrl tpr_shadow vnmi flexpriority ept vpid fsgsbase tsc_adjust bmi1 avx2 smep bmi2 erms invpcid xsaveopt dtherm ida arat pln pts
bugs		: cpu_meltdown spectre_v1 spectre_v2 spec_store_bypass
bogomips	: 5187.60
clflush size	: 64
cache_alignment	: 64
address sizes	: 39 bits physical, 48 bits virtual
power management:



Memory: 4k page, physical 8046724k(107080k free), swap 8265724k(0k free)

vm_info: OpenJDK 64-Bit Server VM (25.171-b11) for linux-amd64 JRE (1.8.0_171-8u171-b11-0ubuntu0.16.04.1-b11), built on Apr 27 2018 17:19:03 by "buildd" with gcc 5.4.0 20160609

time: Mon May 28 21:17:35 2018
elapsed time: 4 seconds (0d 0h 0m 4s)

